<?xml version="1.0" encoding="UTF-8"?>
<testsuites>
  <testsuite name="0-as_picks" timestamp="2026-04-28T09:45:31Z" hostname="0d1ae1e19aec" tests="23" skipped="0" failures="0" errors="0" time="0.801">
    <testcase time="0.168" classname="0_as_picks" name="as.picks_turns_select_spec_to_variables_eager_select_spec_is_convertible_to_variables"/>
    <testcase time="0.041" classname="0_as_picks" name="as.picks_turns_select_spec_to_variables_select_spec_with_selected_NULL_is_convertible_to_variables"/>
    <testcase time="0.021" classname="0_as_picks" name="as.picks_turns_select_spec_to_variables_select_spec_with_multiple_selected_convertible_to_variables"/>
    <testcase time="0.021" classname="0_as_picks" name="as.picks_turns_select_spec_to_variables_delayed_select_spec_is_convertible_to_variables"/>
    <testcase time="0.0169999999999999" classname="0_as_picks" name="as.picks_doesn_t_convert_filter_spec_to_picks_throws_warning_with_teal_transform_filter_instruction_for_eager_filter_spec"/>
    <testcase time="0.011" classname="0_as_picks" name="as.picks_converts_choices_selected_to_variables_works_when_choices_and_selected_are_not_NULL"/>
    <testcase time="0.00600000000000001" classname="0_as_picks" name="as.picks_converts_choices_selected_to_variables_works_when_choices_and_selected_are_not_NULL"/>
    <testcase time="0.00900000000000001" classname="0_as_picks" name="as.picks_does_not_throw_warning_with_quiet_TRUE_with_non_supporter_base_types"/>
    <testcase time="0.002" classname="0_as_picks" name="as.picks_does_not_throw_warning_with_quiet_TRUE_with_non_supporter_base_types"/>
    <testcase time="0.00600000000000001" classname="0_as_picks" name="as.picks_does_not_throw_warning_with_quiet_TRUE_with_filterspect"/>
    <testcase time="0.002" classname="0_as_picks" name="as.picks_does_not_throw_warning_with_quiet_TRUE_with_filterspect"/>
    <testcase time="0.00800000000000001" classname="0_as_picks" name="as.picks_does_not_throw_warning_with_quiet_TRUE_with_data_extract_spec"/>
    <testcase time="0.001" classname="0_as_picks" name="as.picks_does_not_throw_warning_with_quiet_TRUE_with_data_extract_spec"/>
    <testcase time="0.00700000000000001" classname="0_as_picks" name="as.picks_does_not_throw_warning_with_quiet_TRUE_list_of_filter_specs"/>
    <testcase time="0.001" classname="0_as_picks" name="as.picks_does_not_throw_warning_with_quiet_TRUE_list_of_filter_specs"/>
    <testcase time="0.012" classname="0_as_picks" name="as.picks_throws_warning_with_quiet_TRUE_throws_warning_if_class_is_not_within_supported_classes"/>
    <testcase time="0.012" classname="0_as_picks" name="tests_for_teal_transform_filter_returns_error_if_argument_is_not_from_the_expected_class"/>
    <testcase time="0.131" classname="0_as_picks" name="tests_for_teal_transform_filter_creates_a_module_of_the_expected_class"/>
    <testcase time="0.0790000000000002" classname="0_as_picks" name="tests_for_teal_transform_filter_creates_a_ui_of_the_expected_class"/>
    <testcase time="0.012" classname="0_as_picks" name="tests_for_teal_transform_filter_throws_a_warning_if_choices_is_not_of_valid_class"/>
    <testcase time="0.227" classname="0_as_picks" name="tests_for_teal_transform_filter_server_filters_iris_to_selected_Species_values"/>
    <testcase time="0.004" classname="0_as_picks" name="tests_for_teal_transform_filter_server_filters_iris_to_selected_Species_values"/>
    <testcase time="0.00300000000000011" classname="0_as_picks" name="tests_for_teal_transform_filter_server_filters_iris_to_selected_Species_values"/>
    <testcase time="0.022" classname="character(0)" name="_unnamed_">
      <skipped message="Reason: testing depth 3 is below current testing specification 5 ('test-0-badge_dropdown.R:1:1')"/>
    </testcase>
  </testsuite>
  <testsuite name="0-interaction" timestamp="2026-04-28T09:45:31Z" hostname="0d1ae1e19aec" tests="4" skipped="1" failures="0" errors="0" time="0.07">
    <testcase time="0.0399999999999998" classname="0_interaction" name="interaction_vars_is_compatible_with_eval_select"/>
    <testcase time="0.002" classname="0_interaction" name="interaction_vars_is_compatible_with_eval_select"/>
    <testcase time="0.00600000000000001" classname="0_interaction" name="interaction_vars_stores_interactions_in_environment"/>
  </testsuite>
  <testsuite name="0-module_merge" timestamp="2026-04-28T09:45:31Z" hostname="0d1ae1e19aec" tests="52" skipped="0" failures="0" errors="0" time="4.704">
    <testcase time="0.0940000000000001" classname="0_module_merge" name="merge_srv_accepts_selectors_argument_accepts_named_list_of_shiny_reactive_picks"/>
    <testcase time="0.0429999999999999" classname="0_module_merge" name="merge_srv_accepts_selectors_argument_doesn_t_accept_non_reactive_list_elements"/>
    <testcase time="0.046" classname="0_module_merge" name="merge_srv_accepts_selectors_argument_doesn_t_accept_unnamed_list_of_selectors"/>
    <testcase time="0.0410000000000001" classname="0_module_merge" name="merge_srv_accepts_selectors_argument_accepts_empty_list_of_selectors"/>
    <testcase time="0.0429999999999999" classname="0_module_merge" name="merge_srv_accepts_data_argument_accepts_shiny_reactive_teal_data"/>
    <testcase time="0.046" classname="0_module_merge" name="merge_srv_accepts_data_argument_doesn_t_accept_non_reactive_teal_data"/>
    <testcase time="0.0449999999999999" classname="0_module_merge" name="merge_srv_returns_list_with_data_teal_data_with_anl_and_variables_selected_anl_variables_returns_list_with_two_reactives_variables_and_data"/>
    <testcase time="0.002" classname="0_module_merge" name="merge_srv_returns_list_with_data_teal_data_with_anl_and_variables_selected_anl_variables_returns_list_with_two_reactives_variables_and_data"/>
    <testcase time="0.00099999999999989" classname="0_module_merge" name="merge_srv_returns_list_with_data_teal_data_with_anl_and_variables_selected_anl_variables_returns_list_with_two_reactives_variables_and_data"/>
    <testcase time="0.0890000000000002" classname="0_module_merge" name="merge_srv_returns_list_with_data_teal_data_with_anl_and_variables_selected_anl_variables_data_returns_reactive_containing_teal_data_with_object_output_name_"/>
    <testcase time="0.004" classname="0_module_merge" name="merge_srv_returns_list_with_data_teal_data_with_anl_and_variables_selected_anl_variables_data_returns_reactive_containing_teal_data_with_object_output_name_"/>
    <testcase time="0.215" classname="0_module_merge" name="merge_srv_returns_list_with_data_teal_data_with_anl_and_variables_selected_anl_variables_data_returns_teal_data_with_merged_anl_using_join_fun"/>
    <testcase time="0.048" classname="0_module_merge" name="merge_srv_returns_list_with_data_teal_data_with_anl_and_variables_selected_anl_variables_variables_returns_reactive_list_named_after_selectors"/>
    <testcase time="0.004" classname="0_module_merge" name="merge_srv_returns_list_with_data_teal_data_with_anl_and_variables_selected_anl_variables_variables_returns_reactive_list_named_after_selectors"/>
    <testcase time="0.0750000000000002" classname="0_module_merge" name="merge_srv_returns_list_with_data_teal_data_with_anl_and_variables_selected_anl_variables_anl_contains_selected_colnames_with_original_names_if_variables_are_selected_from_a_single_dataset"/>
    <testcase time="0.00699999999999967" classname="0_module_merge" name="merge_srv_returns_list_with_data_teal_data_with_anl_and_variables_selected_anl_variables_anl_contains_selected_colnames_with_original_names_if_variables_are_selected_from_a_single_dataset"/>
    <testcase time="0.00200000000000022" classname="0_module_merge" name="merge_srv_returns_list_with_data_teal_data_with_anl_and_variables_selected_anl_variables_anl_contains_selected_colnames_with_original_names_if_variables_are_selected_from_a_single_dataset"/>
    <testcase time="0.224" classname="0_module_merge" name="merge_srv_returns_list_with_data_teal_data_with_anl_and_variables_selected_anl_variables_anl_contains_selected_colnames_with_original_names_if_selected_from_a_multiple_datasets_and_not_duplicated"/>
    <testcase time="0.0180000000000002" classname="0_module_merge" name="merge_srv_returns_list_with_data_teal_data_with_anl_and_variables_selected_anl_variables_anl_contains_selected_colnames_with_original_names_if_selected_from_a_multiple_datasets_and_not_duplicated"/>
    <testcase time="0.00199999999999978" classname="0_module_merge" name="merge_srv_returns_list_with_data_teal_data_with_anl_and_variables_selected_anl_variables_anl_contains_selected_colnames_with_original_names_if_selected_from_a_multiple_datasets_and_not_duplicated"/>
    <testcase time="0.222" classname="0_module_merge" name="merge_srv_returns_list_with_data_teal_data_with_anl_and_variables_selected_anl_variables_anl_contains_selected_colnames_with_suffixes_names_if_duplicated_across_datasets"/>
    <testcase time="0.0190000000000001" classname="0_module_merge" name="merge_srv_returns_list_with_data_teal_data_with_anl_and_variables_selected_anl_variables_anl_contains_selected_colnames_with_suffixes_names_if_duplicated_across_datasets"/>
    <testcase time="0.00200000000000022" classname="0_module_merge" name="merge_srv_returns_list_with_data_teal_data_with_anl_and_variables_selected_anl_variables_anl_contains_selected_colnames_with_suffixes_names_if_duplicated_across_datasets"/>
    <testcase time="0.105" classname="0_module_merge" name="merge_srv_returns_list_with_data_teal_data_with_anl_and_variables_selected_anl_variables_anl_contains_colnames_with_original_names_when_duplicated_for_the_same_dataset"/>
    <testcase time="0.00699999999999967" classname="0_module_merge" name="merge_srv_returns_list_with_data_teal_data_with_anl_and_variables_selected_anl_variables_anl_contains_colnames_with_original_names_when_duplicated_for_the_same_dataset"/>
    <testcase time="0.00200000000000022" classname="0_module_merge" name="merge_srv_returns_list_with_data_teal_data_with_anl_and_variables_selected_anl_variables_anl_contains_colnames_with_original_names_when_duplicated_for_the_same_dataset"/>
    <testcase time="0.53" classname="0_module_merge" name="merge_srv_returns_list_with_data_teal_data_with_anl_and_variables_selected_anl_variables_anl_can_merge_deep_join_tree_by_pair_keys_and_finds_correct_merge_order"/>
    <testcase time="0.0780000000000003" classname="0_module_merge" name="merge_srv_returns_list_with_data_teal_data_with_anl_and_variables_selected_anl_variables_anl_can_merge_deep_join_tree_by_pair_keys_and_finds_correct_merge_order"/>
    <testcase time="0.00300000000000011" classname="0_module_merge" name="merge_srv_returns_list_with_data_teal_data_with_anl_and_variables_selected_anl_variables_anl_can_merge_deep_join_tree_by_pair_keys_and_finds_correct_merge_order"/>
    <testcase time="0.412" classname="0_module_merge" name="merge_srv_returns_list_with_data_teal_data_with_anl_and_variables_selected_anl_variables_selected_join_keys_across_multiple_datasets_refers_to_the_same_column_in_anl_c_O.O_"/>
    <testcase time="0.0409999999999999" classname="0_module_merge" name="merge_srv_returns_list_with_data_teal_data_with_anl_and_variables_selected_anl_variables_selected_join_keys_across_multiple_datasets_refers_to_the_same_column_in_anl_c_O.O_"/>
    <testcase time="0.00199999999999978" classname="0_module_merge" name="merge_srv_returns_list_with_data_teal_data_with_anl_and_variables_selected_anl_variables_selected_join_keys_across_multiple_datasets_refers_to_the_same_column_in_anl_c_O.O_"/>
    <testcase time="0.459" classname="0_module_merge" name="merge_srv_returns_list_with_data_teal_data_with_anl_and_variables_selected_anl_variables_join_keys_are_updated_to_contains_anl_anl_components"/>
    <testcase time="0.116" classname="0_module_merge" name="merge_srv_returns_list_with_data_teal_data_with_anl_and_variables_selected_anl_variables_anl_is_filtered_by_factor_variable_when_values_is_selected"/>
    <testcase time="0.111000000000001" classname="0_module_merge" name="merge_srv_returns_list_with_data_teal_data_with_anl_and_variables_selected_anl_variables_anl_is_filtered_by_numeric_choices_when_values_are_selected"/>
    <testcase time="0.178999999999999" classname="0_module_merge" name="merge_srv_returns_list_with_data_teal_data_with_anl_and_variables_selected_anl_variables_anl_is_filtered_by_numeric_range_when_values_are_selected"/>
    <testcase time="0.115" classname="0_module_merge" name="merge_srv_returns_list_with_data_teal_data_with_anl_and_variables_selected_anl_variables_anl_is_filtered_by_date_choices_when_values_is_selected"/>
    <testcase time="0.17" classname="0_module_merge" name="merge_srv_returns_list_with_data_teal_data_with_anl_and_variables_selected_anl_variables_anl_is_filtered_by_date_range_when_values_is_selected"/>
    <testcase time="0.121" classname="0_module_merge" name="merge_srv_returns_list_with_data_teal_data_with_anl_and_variables_selected_anl_variables_anl_is_filtered_by_POSIXct_choices_when_values_is_selected"/>
    <testcase time="0.184" classname="0_module_merge" name="merge_srv_returns_list_with_data_teal_data_with_anl_and_variables_selected_anl_variables_anl_is_filtered_by_POSIXct_range_when_values_is_selected"/>
    <testcase time="0.0960000000000001" classname="0_module_merge" name="merge_srv_returns_list_with_data_teal_data_with_anl_and_variables_selected_anl_variables_anl_is_filtered_by_logical_variable_when_values_is_selected"/>
    <testcase time="0.0519999999999996" classname="0_module_merge" name="merge_srv_returns_list_with_data_teal_data_with_anl_and_variables_selected_anl_variables_fails_when_selected_from_multiple_datasets_and_no_join_keys_primary_keys"/>
    <testcase time="0.00999999999999979" classname="0_module_merge" name="merge_srv_returns_list_with_data_teal_data_with_anl_and_variables_selected_anl_variables_fails_when_selected_from_multiple_datasets_and_no_join_keys_primary_keys"/>
    <testcase time="0.124000000000001" classname="0_module_merge" name="merge_srv_returns_list_with_data_teal_data_with_anl_and_variables_selected_anl_variables_fails_when_selected_from_multiple_datasets_and_no_join_keys_between_selected_datasets"/>
    <testcase time="0.0109999999999992" classname="0_module_merge" name="merge_srv_returns_list_with_data_teal_data_with_anl_and_variables_selected_anl_variables_fails_when_selected_from_multiple_datasets_and_no_join_keys_between_selected_datasets"/>
    <testcase time="0.197" classname="0_module_merge" name="merge_srv_returns_list_with_data_teal_data_with_anl_and_variables_selected_anl_variables_fails_when_unresolved_picks_are_passed_to_the_module"/>
    <testcase time="0.0100000000000007" classname="0_module_merge" name="merge_srv_returns_list_with_data_teal_data_with_anl_and_variables_selected_anl_variables_fails_when_unresolved_picks_are_passed_to_the_module"/>
    <testcase time="0.0640000000000001" classname="0_module_merge" name="merge_srv_returns_list_with_data_teal_data_with_anl_and_variables_selected_anl_variables_keeps_the_filter_when_multiple_selectors_are_from_the_same_dataset_and_variable"/>
    <testcase time="0.00399999999999956" classname="0_module_merge" name="merge_srv_returns_list_with_data_teal_data_with_anl_and_variables_selected_anl_variables_keeps_the_filter_when_multiple_selectors_are_from_the_same_dataset_and_variable"/>
    <testcase time="0.00699999999999967" classname="0_module_merge" name="merge_srv_returns_list_with_data_teal_data_with_anl_and_variables_selected_anl_variables_keeps_the_filter_when_multiple_selectors_are_from_the_same_dataset_and_variable"/>
    <testcase time="0.0780000000000003" classname="0_module_merge" name="merge_srv_returns_list_with_data_teal_data_with_anl_and_variables_selected_anl_variables_keeps_primary_keys_when_only_1_dataset_is_selected"/>
    <testcase time="0.124000000000001" classname="0_module_merge" name="merge_srv_returns_list_with_data_teal_data_with_anl_and_variables_selected_anl_variables_successfully_selects_multiple_variables_with_numeric_and_character_values"/>
  </testsuite>
  <testsuite name="0-module_picks" timestamp="2026-04-28T09:45:36Z" hostname="0d1ae1e19aec" tests="83" skipped="14" failures="0" errors="0" time="5.633">
    <testcase time="0.0379999999999994" classname="0_module_picks" name="picks_srv_accepts_picks_as_single_picks_object"/>
    <testcase time="0.048" classname="0_module_picks" name="picks_srv_accepts_picks_as_list_of_picks_objects"/>
    <testcase time="0.00900000000000034" classname="0_module_picks" name="picks_srv_accepts_picks_accepts_empty_list"/>
    <testcase time="0.0129999999999999" classname="0_module_picks" name="picks_srv_accepts_picks_doesn_t_accept_list_of_non_picks"/>
    <testcase time="0.0129999999999999" classname="0_module_picks" name="picks_srv_accepts_picks_doesn_t_accept_NULL_picks"/>
    <testcase time="0.0140000000000002" classname="0_module_picks" name="picks_srv_accepts_picks_doesn_t_accept_unnamed_list_of_picks"/>
    <testcase time="0.0369999999999999" classname="0_module_picks" name="picks_srv_accepts_picks_doesn_t_accept_list_of_picks_with_duplicated_names"/>
    <testcase time="0.0309999999999997" classname="0_module_picks" name="picks_srv_accepts_data_as_reactive_named_list"/>
    <testcase time="0.0259999999999998" classname="0_module_picks" name="picks_srv_accepts_data_as_reactive_environment"/>
    <testcase time="0.0130000000000008" classname="0_module_picks" name="picks_srv_accepts_data_doesn_t_accept_non_reactive_list_environment_teal_data"/>
    <testcase time="0.00599999999999934" classname="0_module_picks" name="picks_srv_accepts_data_doesn_t_accept_non_reactive_list_environment_teal_data"/>
    <testcase time="0.00900000000000034" classname="0_module_picks" name="picks_srv_accepts_data_doesn_t_accept_non_reactive_list_environment_teal_data"/>
    <testcase time="0.0209999999999999" classname="0_module_picks" name="picks_srv_accepts_data_doesn_t_accept_reactive_non_named_list_or_non_environment"/>
    <testcase time="0.00999999999999979" classname="0_module_picks" name="picks_srv_accepts_data_doesn_t_accept_reactive_non_named_list_or_non_environment"/>
    <testcase time="0.00900000000000034" classname="0_module_picks" name="picks_srv_accepts_data_doesn_t_accept_reactive_non_named_list_or_non_environment"/>
    <testcase time="0.0460000000000003" classname="0_module_picks" name="picks_srv_return_a_named_list_of_reactive_picks_each_list_element_is_reactiveVal"/>
    <testcase time="0.0499999999999998" classname="0_module_picks" name="picks_srv_return_a_named_list_of_reactive_picks_list_is_named_as_pick_argument"/>
    <testcase time="0.0430000000000001" classname="0_module_picks" name="picks_srv_return_a_named_list_of_reactive_picks_each_list_element_is_reactiveVal_containing_picks"/>
    <testcase time="0.0329999999999995" classname="0_module_picks" name="picks_srv_resolves_datasets_provided_non_delayed_datasets_are_adjusted_to_possible_datanames"/>
    <testcase time="0.116000000000001" classname="0_module_picks" name="picks_srv_resolves_datasets_datasets_tidyselect_are_resolved_on_init"/>
    <testcase time="0.0299999999999994" classname="0_module_picks" name="picks_srv_resolves_datasets_datasets_predicate_are_resolved_on_init"/>
    <testcase time="0.0470000000000006" classname="0_module_picks" name="picks_srv_resolves_variables_variables_eager_are_adjusted_to_possible_column_names"/>
    <testcase time="0.0969999999999995" classname="0_module_picks" name="picks_srv_resolves_variables_variables_tidyselect_are_resolved_on_init"/>
    <testcase time="0.0510000000000002" classname="0_module_picks" name="picks_srv_resolves_variables_variables_predicate_are_resolved_on_init"/>
    <testcase time="0.0620000000000003" classname="0_module_picks" name="picks_srv_resolves_variables_variables_are_nullified_with_warning_when_selected_dataset_has_no_columns"/>
    <testcase time="0.00300000000000011" classname="0_module_picks" name="picks_srv_resolves_variables_variables_are_nullified_with_warning_when_selected_dataset_has_no_columns"/>
    <testcase time="0.0619999999999994" classname="0_module_picks" name="picks_srv_resolves_values_values_predicate_are_resolved_on_init"/>
    <testcase time="0.0650000000000004" classname="0_module_picks" name="picks_srv_resolves_values_values_character_are_adjusted_to_possible_levels"/>
    <testcase time="0.00699999999999967" classname="0_module_picks" name="picks_srv_resolves_values_values_numeric_are_adjusted_to_possible_range">
      <skipped message="Reason: range works different ('test-0-module_picks.R:379:5')"/>
    </testcase>
    <testcase time="0.093" classname="0_module_picks" name="picks_srv_resolves_values_values_range_are_not_preserved_when_related_data_lacks_finite_values"/>
    <testcase time="0.00300000000000011" classname="0_module_picks" name="picks_srv_resolves_values_values_range_are_not_preserved_when_related_data_lacks_finite_values"/>
    <testcase time="0.0759999999999996" classname="0_module_picks" name="picks_srv_resolves_values_values_predicate_are_emptied_with_warning_when_data_returns_infinite"/>
    <testcase time="0.00300000000000011" classname="0_module_picks" name="picks_srv_resolves_values_values_predicate_are_emptied_with_warning_when_data_returns_infinite"/>
    <testcase time="0.00499999999999989" classname="0_module_picks" name="picks_srv_resolves_values_values_predicate_are_set_to_delayed_range_when_data_range_returns_infinite">
      <skipped message="Reason: range works different ('test-0-module_picks.R:440:5')"/>
    </testcase>
    <testcase time="0.0220000000000002" classname="0_module_picks" name="picks_srv_resolves_values_values_predicate_are_set_to_data_range_when_predicate_doesn_t_match_anything">
      <skipped message="Reason: range works different ('test-0-module_picks.R:459:5')"/>
    </testcase>
    <testcase time="0.0200000000000005" classname="0_module_picks" name="picks_srv_resolves_values_values_character_are_set_to_data_range_when_column_is_numeric">
      <skipped message="Reason: range works different ('test-0-module_picks.R:477:5')"/>
    </testcase>
    <testcase time="0.085" classname="0_module_picks" name="picks_srv_resolves_values_values_numeric_are_emptied_with_warning_when_column_is_not_numeric"/>
    <testcase time="0.00300000000000011" classname="0_module_picks" name="picks_srv_resolves_values_values_numeric_are_emptied_with_warning_when_column_is_not_numeric"/>
    <testcase time="0.0649999999999995" classname="0_module_picks" name="picks_srv_resolves_values_values_on_multiple_columns_are_resolved_to_be_concatenated_choices"/>
    <testcase time="0.0499999999999998" classname="0_module_picks" name="picks_srv_resolves_picks_non_delayed_picks_are_returned_unchanged"/>
    <testcase time="0.0510000000000002" classname="0_module_picks" name="picks_srv_resolves_picks_named_non_delayed_picks_preserve_names"/>
    <testcase time="0.0659999999999998" classname="0_module_picks" name="picks_srv_resolves_picks_non_delayed_picks_with_values_are_returned_unchanged_if_within_a_possible_choices"/>
    <testcase time="0.267" classname="0_module_picks" name="picks_srv_resolves_picks_pick_elements_are_resolved_sequentially"/>
    <testcase time="0.0589999999999993" classname="0_module_picks" name="picks_srv_resolves_picks_pick_elements_are_nullified_if_previous_selected_NULL"/>
    <testcase time="0.0680000000000014" classname="0_module_picks" name="picks_srv_resolves_picks_picks_with_multiple_FALSE_defaults_to_single_value_even_if_multiple_values_provided"/>
    <testcase time="0.00300000000000011" classname="0_module_picks" name="picks_srv_resolves_picks_picks_with_multiple_FALSE_defaults_to_single_value_even_if_multiple_values_provided"/>
    <testcase time="0.0549999999999997" classname="0_module_picks" name="picks_srv_resolves_picks_picks_converted_from_des_with_variable_choices_are_resolved"/>
    <testcase time="0.0559999999999992" classname="0_module_picks" name="picks_srv_resolves_picks_picks_converted_from_teal.transform_variable_choices_fun_are_resolved"/>
    <testcase time="0.929" classname="0_module_picks" name="picks_srv_resolves_picks_interactively_opening_and_closing_the_picks_don_t_resolve_it_again"/>
    <testcase time="0.00999999999999979" classname="0_module_picks" name="picks_srv_resolves_picks_interactively_opening_and_closing_the_picks_don_t_resolve_it_again"/>
    <testcase time="0.282" classname="0_module_picks" name="picks_srv_resolves_picks_interactively_change_of_dataset_input_resolves_variables"/>
    <testcase time="0.173999999999999" classname="0_module_picks" name="picks_srv_resolves_picks_interactively_reversing_input_selected_order_does_not_update_picks_resolved"/>
    <testcase time="0.00500000000000078" classname="0_module_picks" name="picks_srv_resolves_picks_interactively_reversing_input_selected_order_does_not_update_picks_resolved"/>
    <testcase time="0.141" classname="0_module_picks" name="picks_srv_resolves_picks_interactively_current_datasets_choices_selected_are_produced_in_picker_inputs"/>
    <testcase time="0.00399999999999956" classname="0_module_picks" name="picks_srv_resolves_picks_interactively_current_datasets_choices_selected_are_produced_in_picker_inputs"/>
    <testcase time="0.0650000000000013" classname="0_module_picks" name="picks_srv_resolves_picks_interactively_custom_choices_label_set_in_picks_is_displayed_in_a_picker_input"/>
    <testcase time="0.0799999999999983" classname="0_module_picks" name="picks_srv_resolves_picks_interactively_custom_choices_label_set_in_data_is_displayed_in_a_picker_input"/>
    <testcase time="0.0670000000000002" classname="0_module_picks" name="picks_srv_resolves_picks_interactively_custom_choices_label_set_in_picks_has_priority_over_data_label_is_displayed_in_a_picker_input"/>
    <testcase time="0.158000000000001" classname="0_module_picks" name="picks_srv_resolves_picks_interactively_picker_input_choices_produces_class_specific_icons_for_variable"/>
    <testcase time="0.00999999999999979" classname="0_module_picks" name="picks_srv_resolves_picks_interactively_picker_input_choices_produces_class_specific_icons_for_datasets">
      <skipped message="Reason: todo ('test-0-module_picks.R:848:5')"/>
    </testcase>
    <testcase time="0.17" classname="0_module_picks" name="picks_srv_resolves_picks_interactively_switching_dataset_input_changes_variables_input"/>
    <testcase time="0.0700000000000003" classname="0_module_picks" name="picks_srv_resolves_picks_interactively_switching_dataset_input_changes_variables_input"/>
    <testcase time="0.00999999999999979" classname="0_module_picks" name="picks_srv_resolves_picks_interactively_Setting_numeric_variable_resolves_values_to_be_a_slider_input_with_variable_range">
      <skipped message="Reason: range works different ('test-0-module_picks.R:875:5')"/>
    </testcase>
    <testcase time="0.148999999999999" classname="0_module_picks" name="picks_srv_resolves_picks_interactively_switching_variables_input_changes_values_input"/>
    <testcase time="0.0660000000000007" classname="0_module_picks" name="picks_srv_resolves_picks_interactively_switching_variables_input_changes_values_input"/>
    <testcase time="0.0730000000000004" classname="0_module_picks" name="picks_srv_resolves_picks_interactively_changing_picks_resolved_doesn_t_change_picker_input"/>
    <testcase time="0.00699999999999967" classname="0_module_picks" name="picks_srv_resolves_picks_interactively_adding_a_dataset_to_data_adds_new_choice_to_dataset_choices">
      <skipped message="Reason: todo: tests can't trigger data() ('test-0-module_picks.R:941:5')"/>
    </testcase>
    <testcase time="0.0229999999999997" classname="0_module_picks" name="picks_srv_resolves_picks_interactively_adding_a_column_to_data_adds_new_choice_to_variables_choices">
      <skipped message="Reason: todo: tests can't trigger data() ('test-0-module_picks.R:976:5')"/>
    </testcase>
    <testcase time="0.212999999999999" classname="0_module_picks" name="picks_srv_resolves_picks_interactively_removing_a_selected_dataset_from_data_removes_choice_from_dataset_choices_and_from_selection_with_warning"/>
    <testcase time="0.00700000000000145" classname="0_module_picks" name="picks_srv_resolves_picks_interactively_removing_a_selected_dataset_from_data_removes_choice_from_dataset_choices_and_from_selection_with_warning"/>
    <testcase time="0.0749999999999993" classname="0_module_picks" name="picks_srv_resolves_picks_interactively_removing_a_selected_dataset_from_data_removes_choice_from_dataset_choices_and_from_selection_with_warning"/>
    <testcase time="0.0080000000000009" classname="0_module_picks" name="picks_srv_resolves_picks_interactively_removing_a_selected_dataset_from_data_removes_choice_from_dataset_choices_and_from_selection_with_warning"/>
    <testcase time="0.00499999999999901" classname="0_module_picks" name="picks_srv_resolves_picks_interactively_removing_a_selected_dataset_from_data_removes_choice_from_dataset_choices_and_from_selection_with_warning"/>
    <testcase time="0.263" classname="0_module_picks" name="picks_srv_resolves_picks_interactively_removing_a_selected_variable_from_data_removes_choice_from_dataset_choices_and_from_selection"/>
    <testcase time="0.0560000000000009" classname="0_module_picks" name="picks_srv_resolves_picks_interactively_removing_a_selected_variable_from_data_removes_choice_from_dataset_choices_and_from_selection"/>
    <testcase time="0.00699999999999967" classname="0_module_picks" name="picks_srv_resolves_picks_interactively_removing_a_selected_variable_from_data_removes_choice_from_dataset_choices_and_from_selection"/>
    <testcase time="0.24" classname="0_module_picks" name="picks_srv_resolves_picks_interactively_variables_ordered_TRUE_returns_input_following_a_selection_order_instead_of_choices_order"/>
    <testcase time="0.135999999999999" classname="0_module_picks" name="picks_srv_resolves_picks_interactively_changing_character_slider_input_updates_picks_resolved_when_needed">
      <skipped message="Reason: empty test ('test-0-module_picks.R:1107:3')"/>
    </testcase>
    <testcase time="0.0150000000000006" classname="0_module_picks" name="picks_srv_resolves_picks_interactively_changing_numeric_range_in_slider_input_updates_picks_resolved">
      <skipped message="Reason: empty test ('test-0-module_picks.R:1124:3')"/>
    </testcase>
    <testcase time="0.0139999999999993" classname="0_module_picks" name="picks_srv_resolves_picks_interactively_changing_integer_range_in_slider_input_updates_picks_resolved">
      <skipped message="Reason: empty test ('test-0-module_picks.R:1126:3')"/>
    </testcase>
    <testcase time="0.0150000000000006" classname="0_module_picks" name="picks_srv_resolves_picks_interactively_changing_date_range_in_slider_input_updates_picks_resolved">
      <skipped message="Reason: empty test ('test-0-module_picks.R:1128:3')"/>
    </testcase>
    <testcase time="0.0129999999999999" classname="0_module_picks" name="picks_srv_resolves_picks_interactively_changing_date_range_in_slider_input_updates_picks_resolved">
      <skipped message="Reason: empty test ('test-0-module_picks.R:1130:3')"/>
    </testcase>
    <testcase time="0.0139999999999993" classname="0_module_picks" name="picks_srv_resolves_picks_interactively_setting_picks_resolved_selected_outside_of_range_adjust_to_the_available_range">
      <skipped message="Reason: empty test ('test-0-module_picks.R:1132:3')"/>
    </testcase>
  </testsuite>
  <testsuite name="0-picks" timestamp="2026-04-28T09:45:42Z" hostname="0d1ae1e19aec" tests="135" skipped="0" failures="0" errors="0" time="3.32">
    <testcase time="0.0820000000000007" classname="0_picks" name="picks_assertions_fails_when_first_element_is_not_datasets"/>
    <testcase time="0.0589999999999993" classname="0_picks" name="picks_assertions_does_not_fail_if_check_dataset_is_set_to_FALSE"/>
    <testcase time="0.0520000000000014" classname="0_picks" name="picks_assertions_succeeds_when_first_element_is_datasets"/>
    <testcase time="0.00899999999999856" classname="0_picks" name="picks_assertions_fails_with_empty_input"/>
    <testcase time="0.00900000000000034" classname="0_picks" name="picks_assertions_fails_when_input_is_not_of_class_type_"/>
    <testcase time="0.0609999999999999" classname="0_picks" name="picks_assertions_fails_when_mixing_valid_and_invalid_types"/>
    <testcase time="0.0549999999999997" classname="0_picks" name="picks_assertions_fails_when_values_exists_without_variables"/>
    <testcase time="0.104000000000001" classname="0_picks" name="picks_assertions_succeeds_when_values_immediately_follows_variables"/>
    <testcase time="0.109" classname="0_picks" name="picks_assertions_fails_when_values_doesn_t_immediately_follow_variables"/>
    <testcase time="0.155999999999999" classname="0_picks" name="picks_assertions_succeeds_with_only_datasets_and_variables_no_values_"/>
    <testcase time="0.011000000000001" classname="0_picks" name="picks_assertions_warns_when_element_with_dynamic_choices_is_followed_by_element_with_eager_choices"/>
    <testcase time="0.00999999999999979" classname="0_picks" name="picks_assertions_warns_when_element_with_dynamic_choices_is_followed_by_element_with_eager_choices"/>
    <testcase time="0.00699999999999967" classname="0_picks" name="picks_assertions_no_warning_when_element_with_dynamic_choices_is_last_preceded_by_eager_choices"/>
    <testcase time="0.0630000000000006" classname="0_picks" name="picks_basic_structure_returns_an_object_of_class_picks_and_list_"/>
    <testcase time="0.000999999999999446" classname="0_picks" name="picks_basic_structure_returns_an_object_of_class_picks_and_list_"/>
    <testcase time="0.0520000000000014" classname="0_picks" name="picks_basic_structure_creates_a_picks_object_with_single_datasets_element"/>
    <testcase time="0.104999999999999" classname="0_picks" name="picks_basic_structure_creates_a_picks_object_with_datasets_and_variables"/>
    <testcase time="0.00400000000000134" classname="0_picks" name="picks_basic_structure_creates_a_picks_object_with_datasets_and_variables"/>
    <testcase time="0.100999999999999" classname="0_picks" name="picks_basic_structure_creates_a_picks_object_with_datasets_variables_and_values"/>
    <testcase time="0.00399999999999956" classname="0_picks" name="picks_basic_structure_creates_a_picks_object_with_datasets_variables_and_values"/>
    <testcase time="0.0970000000000013" classname="0_picks" name="picks_basic_structure_ignores_trailing_empty_arguments"/>
    <testcase time="0.109" classname="0_picks" name="picks_basic_structure_subset_method_by_index_keeps_class"/>
    <testcase time="0.00199999999999889" classname="0_picks" name="picks_basic_structure_subset_method_by_index_keeps_class"/>
    <testcase time="0.113000000000001" classname="0_picks" name="picks_basic_structure_subset_method_doesn_t_checks_resulting_picks"/>
    <testcase time="0.000999999999999446" classname="0_picks" name="picks_basic_structure_subset_method_doesn_t_checks_resulting_picks"/>
    <testcase time="0.00200000000000067" classname="0_picks" name="picks_basic_structure_subset_method_doesn_t_checks_resulting_picks"/>
    <testcase time="0.00199999999999889" classname="0_picks" name="picks_basic_structure_subset_method_doesn_t_checks_resulting_picks"/>
    <testcase time="0.103" classname="0_picks" name="picks_basic_structure_subset_method_works"/>
    <testcase time="0.00200000000000067" classname="0_picks" name="picks_basic_structure_subset_method_works"/>
    <testcase time="0.00900000000000034" classname="0_picks" name="datasets_basic_asserts_datasets_choices_argument_accepts_character_integer_predicate_function_and_tidyselect"/>
    <testcase time="0.00199999999999889" classname="0_picks" name="datasets_basic_asserts_datasets_choices_argument_accepts_character_integer_predicate_function_and_tidyselect"/>
    <testcase time="0.0510000000000002" classname="0_picks" name="datasets_basic_asserts_datasets_choices_argument_accepts_character_integer_predicate_function_and_tidyselect"/>
    <testcase time="0.00200000000000067" classname="0_picks" name="datasets_basic_asserts_datasets_choices_argument_accepts_character_integer_predicate_function_and_tidyselect"/>
    <testcase time="0.00300000000000011" classname="0_picks" name="datasets_basic_asserts_datasets_choices_argument_accepts_character_integer_predicate_function_and_tidyselect"/>
    <testcase time="0.0470000000000006" classname="0_picks" name="datasets_basic_asserts_datasets_choices_argument_accepts_character_integer_predicate_function_and_tidyselect"/>
    <testcase time="0.0249999999999986" classname="0_picks" name="datasets_basic_asserts_datasets_choices_argument_accepts_character_integer_predicate_function_and_tidyselect"/>
    <testcase time="0.011000000000001" classname="0_picks" name="datasets_basic_asserts_datasets_choices_argument_accepts_character_integer_predicate_function_and_tidyselect"/>
    <testcase time="0.00199999999999889" classname="0_picks" name="datasets_basic_asserts_datasets_choices_argument_accepts_character_integer_predicate_function_and_tidyselect"/>
    <testcase time="0.00700000000000145" classname="0_picks" name="datasets_basic_asserts_datasets_choices_argument_accepts_character_integer_predicate_function_and_tidyselect"/>
    <testcase time="0.0119999999999987" classname="0_picks" name="datasets_basic_asserts_datasets_choices_can_t_be_empty"/>
    <testcase time="0.00700000000000145" classname="0_picks" name="datasets_basic_asserts_datasets_choices_can_t_be_empty"/>
    <testcase time="0.00599999999999845" classname="0_picks" name="datasets_basic_asserts_datasets_choices_can_t_be_empty"/>
    <testcase time="0.0520000000000014" classname="0_picks" name="datasets_basic_asserts_datasets_selected_argument_character_1_integer_1_predicate_and_tidyselect_or_empty"/>
    <testcase time="0.0909999999999993" classname="0_picks" name="datasets_basic_asserts_datasets_selected_argument_character_1_integer_1_predicate_and_tidyselect_or_empty"/>
    <testcase time="0.048" classname="0_picks" name="datasets_basic_asserts_datasets_selected_argument_character_1_integer_1_predicate_and_tidyselect_or_empty"/>
    <testcase time="0.0570000000000004" classname="0_picks" name="datasets_basic_asserts_datasets_selected_argument_character_1_integer_1_predicate_and_tidyselect_or_empty"/>
    <testcase time="0.00699999999999967" classname="0_picks" name="datasets_basic_asserts_datasets_selected_argument_character_1_integer_1_predicate_and_tidyselect_or_empty"/>
    <testcase time="0.0120000000000005" classname="0_picks" name="datasets_basic_asserts_datasets_selected_must_be_a_subset_of_choices"/>
    <testcase time="0.0549999999999997" classname="0_picks" name="datasets_basic_asserts_datasets_selected_warns_if_choices_are_delayed_and_selected_eager"/>
    <testcase time="0.00600000000000023" classname="0_picks" name="datasets_basic_asserts_datasets_selected_warns_if_choices_are_delayed_and_selected_eager"/>
    <testcase time="0.00900000000000034" classname="0_picks" name="datasets_returns_datasets_returns_an_object_of_class_datasets_and_type_"/>
    <testcase time="0.00499999999999901" classname="0_picks" name="datasets_returns_datasets_returns_a_list_with_choices_and_selected_elements"/>
    <testcase time="0.00300000000000011" classname="0_picks" name="datasets_returns_datasets_returns_a_list_with_choices_and_selected_elements"/>
    <testcase time="0.00699999999999967" classname="0_picks" name="datasets_returns_datasets_stores_static_character_vector_in_choices"/>
    <testcase time="0.00600000000000023" classname="0_picks" name="datasets_returns_datasets_defaults_selected_to_1_st_when_not_specified"/>
    <testcase time="0.00399999999999956" classname="0_picks" name="datasets_returns_datasets_defaults_selected_to_1_st_when_not_specified"/>
    <testcase time="0.00600000000000023" classname="0_picks" name="datasets_returns_datasets_stores_custom_selected_value"/>
    <testcase time="0.011000000000001" classname="0_picks" name="datasets_returns_datasets_stores_integer_selected_value_as_quosure"/>
    <testcase time="0.00399999999999956" classname="0_picks" name="datasets_returns_datasets_stores_integer_selected_value_as_quosure"/>
    <testcase time="0.00799999999999912" classname="0_picks" name="datasets_returns_datasets_sets_fixed_to_TRUE_when_single_choice"/>
    <testcase time="0.0579999999999998" classname="0_picks" name="datasets_returns_quosures_for_delayed_evaluation_stores_tidyselect_everything_as_a_quosure_in_choices"/>
    <testcase time="0.0080000000000009" classname="0_picks" name="datasets_returns_quosures_for_delayed_evaluation_stores_tidyselect_where_as_a_predicate_function_in_choices"/>
    <testcase time="0.00500000000000078" classname="0_picks" name="datasets_returns_quosures_for_delayed_evaluation_stores_symbol_range_a_b_as_a_quosure_in_choices"/>
    <testcase time="0.00599999999999845" classname="0_picks" name="datasets_returns_quosures_for_delayed_evaluation_stores_numeric_range_1_5_as_a_quosure_in_choices"/>
    <testcase time="0.048" classname="0_picks" name="datasets_returns_quosures_for_delayed_evaluation_stores_tidyselect_starts_with_as_a_quosure_in_choices"/>
    <testcase time="0.0620000000000012" classname="0_picks" name="datasets_returns_quosures_for_delayed_evaluation_stores_tidyselect_ends_with_as_a_quosure_in_choices"/>
    <testcase time="0.0499999999999989" classname="0_picks" name="datasets_returns_quosures_for_delayed_evaluation_stores_combined_tidyselect_expressions_as_a_quosure_in_choices"/>
    <testcase time="0.0080000000000009" classname="0_picks" name="datasets_returns_quosures_for_delayed_evaluation_does_not_store_static_character_vector_as_a_quosure_in_choices"/>
    <testcase time="0.000999999999999446" classname="0_picks" name="datasets_returns_quosures_for_delayed_evaluation_does_not_store_static_character_vector_as_a_quosure_in_choices"/>
    <testcase time="0.011000000000001" classname="0_picks" name="datasets_attributes_sets_multiple_attribute_to_FALSE_always_single_selection_"/>
    <testcase time="0.00699999999999967" classname="0_picks" name="datasets_attributes_sets_fixed_to_TRUE_for_single_non_delayed_choice"/>
    <testcase time="0.00600000000000023" classname="0_picks" name="datasets_attributes_sets_fixed_to_FALSE_for_multiple_choices"/>
    <testcase time="0.0659999999999989" classname="0_picks" name="datasets_attributes_sets_fixed_to_FALSE_for_delayed_choices_tidyselect_"/>
    <testcase time="0.0080000000000009" classname="0_picks" name="datasets_attributes_allows_explicit_fixed_TRUE_override"/>
    <testcase time="0.00699999999999967" classname="0_picks" name="datasets_attributes_allows_explicit_fixed_FALSE_override"/>
    <testcase time="0.00699999999999967" classname="0_picks" name="datasets_attributes_passes_additional_arguments_via_..."/>
    <testcase time="0.0609999999999999" classname="0_picks" name="datasets_validation_and_warnings_warns_when_selected_is_explicit_and_choices_are_delayed"/>
    <testcase time="0.0660000000000007" classname="0_picks" name="datasets_validation_and_warnings_does_not_warn_when_selected_is_numeric_and_choices_are_delayed"/>
    <testcase time="0.00699999999999967" classname="0_picks" name="datasets_validation_and_warnings_does_not_warn_when_both_choices_and_selected_are_static"/>
    <testcase time="0.0220000000000002" classname="0_picks" name="datasets_integration_with_tidyselect_helpers_accepts_tidyselect_all_of_"/>
    <testcase time="0.052999999999999" classname="0_picks" name="datasets_integration_with_tidyselect_helpers_accepts_tidyselect_any_of_"/>
    <testcase time="0.0630000000000006" classname="0_picks" name="datasets_integration_with_tidyselect_helpers_stores_tidyselect_starts_with_as_a_quosure"/>
    <testcase time="0.0510000000000002" classname="0_picks" name="datasets_integration_with_tidyselect_helpers_stores_tidyselect_ends_with_as_a_quosure"/>
    <testcase time="0.0579999999999998" classname="0_picks" name="datasets_integration_with_tidyselect_helpers_stores_tidyselect_contains_as_a_quosure"/>
    <testcase time="0.0540000000000003" classname="0_picks" name="datasets_integration_with_tidyselect_helpers_stores_tidyselect_matches_as_a_quosure"/>
    <testcase time="0.0109999999999992" classname="0_picks" name="variables_multiple_attribute_sets_multiple_to_FALSE_for_single_selected_value"/>
    <testcase time="0.0080000000000009" classname="0_picks" name="variables_multiple_attribute_sets_multiple_to_TRUE_for_multiple_selected_values"/>
    <testcase time="0.00699999999999967" classname="0_picks" name="variables_multiple_attribute_sets_multiple_to_FALSE_when_explicitly_specified"/>
    <testcase time="0.00699999999999967" classname="0_picks" name="variables_multiple_attribute_sets_multiple_to_TRUE_when_explicitly_specified"/>
    <testcase time="0.00699999999999967" classname="0_picks" name="variables_multiple_attribute_auto_detects_multiple_TRUE_from_selected_vector_length"/>
    <testcase time="0.00699999999999967" classname="0_picks" name="variables_multiple_attribute_auto_detects_multiple_FALSE_from_single_selected"/>
    <testcase time="0.0800000000000001" classname="0_picks" name="variables_multiple_attribute_defaults_to_NULL_for_tidyselect_selected"/>
    <testcase time="0.0080000000000009" classname="0_picks" name="variables_multiple_attribute_explicit_multiple_overrides_auto_detection"/>
    <testcase time="0.0109999999999992" classname="0_picks" name="variables_ordered_attribute_defaults_to_FALSE"/>
    <testcase time="0.00700000000000145" classname="0_picks" name="variables_ordered_attribute_sets_ordered_to_TRUE_when_specified"/>
    <testcase time="0.00699999999999967" classname="0_picks" name="variables_ordered_attribute_sets_ordered_to_FALSE_when_explicitly_specified"/>
    <testcase time="0.0109999999999992" classname="0_picks" name="variables_allow_clear_attribute_sets_allow_clear_to_FALSE_for_single_non_NULL_selected"/>
    <testcase time="0.00699999999999967" classname="0_picks" name="variables_allow_clear_attribute_sets_allow_clear_to_TRUE_for_multiple_selected"/>
    <testcase time="0.00700000000000145" classname="0_picks" name="variables_allow_clear_attribute_sets_allow_clear_to_TRUE_when_selected_is_NULL"/>
    <testcase time="0.0779999999999994" classname="0_picks" name="variables_allow_clear_attribute_sets_allow_clear_to_FALSE_for_tidyselect_selected"/>
    <testcase time="0.00900000000000034" classname="0_picks" name="variables_allow_clear_attribute_sets_allow_clear_to_FALSE_for_single_numeric_selected"/>
    <testcase time="0.00799999999999912" classname="0_picks" name="variables_allow_clear_attribute_sets_allow_clear_to_FALSE_for_multiple_numeric_selected_tidyselect_"/>
    <testcase time="0.011000000000001" classname="0_picks" name="variables_attribute_interactions_multiple_TRUE_and_ordered_TRUE_work_together"/>
    <testcase time="0.00300000000000011" classname="0_picks" name="variables_attribute_interactions_multiple_TRUE_and_ordered_TRUE_work_together"/>
    <testcase time="0.00799999999999912" classname="0_picks" name="variables_attribute_interactions_multiple_FALSE_and_ordered_FALSE_work_together"/>
    <testcase time="0.00300000000000011" classname="0_picks" name="variables_attribute_interactions_multiple_FALSE_and_ordered_FALSE_work_together"/>
    <testcase time="0.00799999999999912" classname="0_picks" name="variables_attribute_interactions_allow_clear_depends_on_multiple_when_selected_is_character"/>
    <testcase time="0.00300000000000011" classname="0_picks" name="variables_attribute_interactions_allow_clear_depends_on_multiple_when_selected_is_character"/>
    <testcase time="0.0080000000000009" classname="0_picks" name="variables_attribute_interactions_all_three_attributes_can_be_set_independently"/>
    <testcase time="0.00300000000000011" classname="0_picks" name="variables_attribute_interactions_all_three_attributes_can_be_set_independently"/>
    <testcase time="0.00300000000000011" classname="0_picks" name="variables_attribute_interactions_all_three_attributes_can_be_set_independently"/>
    <testcase time="0.00900000000000034" classname="0_picks" name="values_assertions_values_succeeds_by_default"/>
    <testcase time="0.00599999999999845" classname="0_picks" name="values_assertions_values_choices_accepts_predicate_functions_character_numeric_2_date_2_and_posixct_2_._No_tidyselect"/>
    <testcase time="0.00200000000000067" classname="0_picks" name="values_assertions_values_choices_accepts_predicate_functions_character_numeric_2_date_2_and_posixct_2_._No_tidyselect"/>
    <testcase time="0.00699999999999967" classname="0_picks" name="values_assertions_values_choices_accepts_predicate_functions_character_numeric_2_date_2_and_posixct_2_._No_tidyselect"/>
    <testcase time="0.00200000000000067" classname="0_picks" name="values_assertions_values_choices_accepts_predicate_functions_character_numeric_2_date_2_and_posixct_2_._No_tidyselect"/>
    <testcase time="0.00300000000000011" classname="0_picks" name="values_assertions_values_choices_accepts_predicate_functions_character_numeric_2_date_2_and_posixct_2_._No_tidyselect"/>
    <testcase time="0.00199999999999889" classname="0_picks" name="values_assertions_values_choices_accepts_predicate_functions_character_numeric_2_date_2_and_posixct_2_._No_tidyselect"/>
    <testcase time="0.00700000000000145" classname="0_picks" name="values_assertions_values_choices_accepts_predicate_functions_character_numeric_2_date_2_and_posixct_2_._No_tidyselect"/>
    <testcase time="0.00199999999999889" classname="0_picks" name="values_assertions_values_choices_accepts_predicate_functions_character_numeric_2_date_2_and_posixct_2_._No_tidyselect"/>
    <testcase time="0.00200000000000067" classname="0_picks" name="values_assertions_values_choices_accepts_predicate_functions_character_numeric_2_date_2_and_posixct_2_._No_tidyselect"/>
    <testcase time="0.00199999999999889" classname="0_picks" name="values_assertions_values_choices_accepts_predicate_functions_character_numeric_2_date_2_and_posixct_2_._No_tidyselect"/>
    <testcase time="0.00300000000000011" classname="0_picks" name="values_assertions_values_choices_accepts_predicate_functions_character_numeric_2_date_2_and_posixct_2_._No_tidyselect"/>
    <testcase time="0.00200000000000067" classname="0_picks" name="values_assertions_values_choices_accepts_predicate_functions_character_numeric_2_date_2_and_posixct_2_._No_tidyselect"/>
    <testcase time="0.00200000000000067" classname="0_picks" name="values_assertions_values_choices_accepts_predicate_functions_character_numeric_2_date_2_and_posixct_2_._No_tidyselect"/>
    <testcase time="0.00899999999999856" classname="0_picks" name="values_assertions_values_choices_accepts_predicate_functions_character_numeric_2_date_2_and_posixct_2_._No_tidyselect"/>
    <testcase time="0.00300000000000011" classname="0_picks" name="values_assertions_values_choices_accepts_predicate_functions_character_numeric_2_date_2_and_posixct_2_._No_tidyselect"/>
    <testcase time="0.00300000000000011" classname="0_picks" name="values_assertions_values_choices_accepts_predicate_functions_character_numeric_2_date_2_and_posixct_2_._No_tidyselect"/>
    <testcase time="0.0080000000000009" classname="0_picks" name="values_assertions_values_choices_accepts_predicate_functions_character_numeric_2_date_2_and_posixct_2_._No_tidyselect"/>
    <testcase time="0.0250000000000004" classname="0_picks" name="values_assertions_values_choices_accepts_predicate_functions_character_numeric_2_date_2_and_posixct_2_._No_tidyselect"/>
    <testcase time="0.00600000000000023" classname="0_picks" name="values_assertions_values_choices_accepts_predicate_functions_character_numeric_2_date_2_and_posixct_2_._No_tidyselect"/>
    <testcase time="0.0109999999999992" classname="0_picks" name="values_attributes_multiple_set_to_TRUE_by_default"/>
    <testcase time="0.00699999999999967" classname="0_picks" name="values_attributes_fixed_TRUE_when_single_choice_is_provided"/>
    <testcase time="0.00700000000000145" classname="0_picks" name="values_attributes_fixed_FALSE_when_choices_is_a_predicate"/>
    <testcase time="0.00699999999999967" classname="0_picks" name="values_attributes_fixed_FALSE_when_choices_length_1"/>
  </testsuite>
  <testsuite name="0-print" timestamp="2026-04-28T09:45:45Z" hostname="0d1ae1e19aec" tests="14" skipped="0" failures="0" errors="0" time="0.147">
    <testcase time="0.016" classname="0_print" name="format.type_for_datasets_formats_datasets_with_character_choices_by_printing_them_explicitly"/>
    <testcase time="0.0549999999999997" classname="0_print" name="format.type_for_datasets_formats_datasets_with_tidyselect_choices_by_printing_matched_call_s_argument"/>
    <testcase time="0.00200000000000067" classname="0_print" name="format.type_for_datasets_formats_datasets_with_tidyselect_choices_by_printing_matched_call_s_argument"/>
    <testcase time="0.000999999999999446" classname="0_print" name="format.type_for_datasets_formats_datasets_with_tidyselect_choices_by_printing_matched_call_s_argument"/>
    <testcase time="0.0129999999999999" classname="0_print" name="print.type_for_variables_prints_variables_with_character_choices_by_printing_them_explicitly"/>
    <testcase time="0.00600000000000023" classname="0_print" name="print.type_for_variables_formats_variables_with_ordered_attribute_correctly"/>
    <testcase time="0.0109999999999992" classname="0_print" name="format.type_for_values_formats_values_with_character_choices_by_printing_them_explicitly_with_their_attributes"/>
    <testcase time="0.0129999999999999" classname="0_print" name="format.picks_for_picks_collection_formats_picks_with_datasets_variables_and_values_by_showing_them_all_explicitly"/>
    <testcase time="0.00999999999999979" classname="0_print" name="print_methods_output_correctly_print.type_outputs_datasets_to_console_with_class_name_choices_and_selected"/>
    <testcase time="0.00300000000000011" classname="0_print" name="print_methods_output_correctly_print.type_outputs_datasets_to_console_with_class_name_choices_and_selected"/>
    <testcase time="0.00200000000000067" classname="0_print" name="print_methods_output_correctly_print.type_outputs_datasets_to_console_with_class_name_choices_and_selected"/>
    <testcase time="0.00600000000000023" classname="0_print" name="print_methods_output_correctly_print.picks_outputs_picks_to_console_with_its_class_and_elements"/>
    <testcase time="0.00300000000000011" classname="0_print" name="print_methods_output_correctly_print.picks_outputs_picks_to_console_with_its_class_and_elements"/>
    <testcase time="0.00600000000000023" classname="0_print" name="print_methods_output_correctly_print_returns_invisibly"/>
  </testsuite>
  <testsuite name="assertion" timestamp="2026-04-28T09:45:45Z" hostname="0d1ae1e19aec" tests="3" skipped="0" failures="0" errors="0" time="0.327">
    <testcase time="0.117999999999999" classname="assertion" name="check_last_level_works_checks_last_picks"/>
    <testcase time="0.107000000000001" classname="assertion" name="check_last_level_works_checks_last_picks"/>
    <testcase time="0.102" classname="assertion" name="check_last_level_works_returns_FALSE"/>
  </testsuite>
  <testsuite name="helpers" timestamp="2026-04-28T09:45:46Z" hostname="0d1ae1e19aec" tests="27" skipped="0" failures="0" errors="0" time="1.627">
    <testcase time="0.0709999999999997" classname="helpers" name="regression_tests_for_default_multiple_attribute_in_datasets"/>
    <testcase time="0.0549999999999997" classname="helpers" name="regression_tests_for_default_multiple_attribute_in_variables"/>
    <testcase time="0.0600000000000005" classname="helpers" name="regression_tests_for_default_multiple_attribute_in_values"/>
    <testcase time="0.0609999999999999" classname="helpers" name="regression_tests_for_default_fixed_attribute_in_datasets_with_1_dataset"/>
    <testcase time="0.0559999999999992" classname="helpers" name="regression_tests_for_default_fixed_attribute_in_datasets_with_1_dataset"/>
    <testcase time="0.117000000000001" classname="helpers" name="regression_tests_for_default_fixed_attribute_in_datasets_with_1_values"/>
    <testcase time="0.111999999999998" classname="helpers" name="regression_tests_for_default_fixed_attribute_in_datasets"/>
    <testcase time="0.105" classname="helpers" name="regression_tests_for_default_fixed_attribute_in_variables"/>
    <testcase time="0.103000000000002" classname="helpers" name="regression_tests_for_default_fixed_attribute_in_values"/>
    <testcase time="0.0659999999999989" classname="helpers" name="regression_tests_for_default_ordered_attribute_in_datasets"/>
    <testcase time="0.0549999999999997" classname="helpers" name="regression_tests_for_default_ordered_attribute_in_variables"/>
    <testcase time="0.0600000000000023" classname="helpers" name="regression_tests_for_default_ordered_attribute_in_values"/>
    <testcase time="0.0609999999999999" classname="helpers" name="is_pick_multiple_returns_TRUE_for_variables_with_multiple_TRUE"/>
    <testcase time="0.0539999999999985" classname="helpers" name="is_pick_multiple_returns_TRUE_for_values_with_multiple_TRUE"/>
    <testcase time="0.0670000000000002" classname="helpers" name="is_pick_multiple_returns_FALSE_for_variables_with_multiple_FALSE"/>
    <testcase time="0.0530000000000008" classname="helpers" name="is_pick_multiple_returns_TRUEFALSE_for_values_with_multiple_TRUE"/>
    <testcase time="0.0470000000000006" classname="helpers" name="is_pick_fixed_returns_TRUE_for_variables_with_fixed_TRUE"/>
    <testcase time="0.0599999999999987" classname="helpers" name="is_pick_fixed_returns_TRUE_for_values_with_fixed_TRUE"/>
    <testcase time="0.0380000000000003" classname="helpers" name="is_pick_fixed_returns_FALSE_for_variables_with_fixed_FALSE"/>
    <testcase time="0.0609999999999999" classname="helpers" name="is_pick_fixed_returns_FALSE_for_values_with_fixed_FALSE"/>
    <testcase time="0.0609999999999999" classname="helpers" name="is_pick_ordered_returns_TRUE_for_variables_with_ordered_TRUE"/>
    <testcase time="0.0519999999999996" classname="helpers" name="is_pick_ordered_returns_TRUE_for_values_with_ordered_TRUE"/>
    <testcase time="0.0670000000000002" classname="helpers" name="is_pick_ordered_returns_FALSE_for_variables_with_ordered_FALSE"/>
    <testcase time="0.0530000000000008" classname="helpers" name="is_pick_ordered_returns_FALSE_for_values_with_ordered_FALSE"/>
    <testcase time="0.0129999999999981" classname="helpers" name="helpers_do_not_accept_non_pick_objects_is_pick_multiple_throws_error"/>
    <testcase time="0.0100000000000016" classname="helpers" name="helpers_do_not_accept_non_pick_objects_is_pick_fixed_throws_error"/>
    <testcase time="0.00900000000000034" classname="helpers" name="helpers_do_not_accept_non_pick_objects_is_pick_ordered_throws_error"/>
  </testsuite>
  <testsuite name="tidyselect_helpers" timestamp="2026-04-28T09:45:47Z" hostname="0d1ae1e19aec" tests="32" skipped="0" failures="0" errors="0" time="0.243">
    <testcase time="0.0209999999999972" classname="tidyselect_helpers" name="ranged_assertions_accepts_min_max_to_be_numeric"/>
    <testcase time="0.00200000000000244" classname="tidyselect_helpers" name="ranged_assertions_accepts_min_max_to_be_numeric"/>
    <testcase time="0.00600000000000023" classname="tidyselect_helpers" name="ranged_assertions_accepts_min_max_to_be_infinite"/>
    <testcase time="0.0109999999999992" classname="tidyselect_helpers" name="ranged_assertions_doesn_t_accept_missing_values"/>
    <testcase time="0.00700000000000145" classname="tidyselect_helpers" name="ranged_assertions_doesn_t_accept_missing_values"/>
    <testcase time="0.0109999999999992" classname="tidyselect_helpers" name="ranged_assertions_throws_when_min_max_are_not_scalars"/>
    <testcase time="0.00600000000000023" classname="tidyselect_helpers" name="ranged_assertions_throws_when_min_max_are_not_scalars"/>
    <testcase time="0.00900000000000034" classname="tidyselect_helpers" name="ranged_assertions_doesn_t_accept_min_to_be_larger_than_max"/>
    <testcase time="0.00600000000000023" classname="tidyselect_helpers" name="ranged_assertions_returns_a_function_of_x_and_..."/>
    <testcase time="0.00299999999999656" classname="tidyselect_helpers" name="ranged_assertions_returns_a_function_of_x_and_..."/>
    <testcase time="0.0110000000000028" classname="tidyselect_helpers" name="ranged_when_resolved_resolved_choices_selected_have_a_class_ranged"/>
    <testcase time="0.00199999999999889" classname="tidyselect_helpers" name="ranged_when_resolved_resolved_choices_selected_have_a_class_ranged"/>
    <testcase time="0.00900000000000034" classname="tidyselect_helpers" name="ranged_when_resolved_resolved_choices_contains_original_values_which_match_specified_range"/>
    <testcase time="0.00900000000000034" classname="tidyselect_helpers" name="ranged_when_resolved_returns_selected_range_containing_values_from_vector_based_on_the_specified_range"/>
    <testcase time="0.00799999999999912" classname="tidyselect_helpers" name="ranged_when_resolved_returns_selected_range_containing_shrinked_range_to_existing_range_values"/>
    <testcase time="0.0130000000000017" classname="tidyselect_helpers" name="ranged_when_resolved_fails_when_range_is_outside_any_value"/>
    <testcase time="0.0129999999999981" classname="tidyselect_helpers" name="is_categorical_argument_validation_returns_error_with_invalid_min.len"/>
    <testcase time="0.00900000000000034" classname="tidyselect_helpers" name="is_categorical_argument_validation_returns_error_with_invalid_max.len"/>
    <testcase time="0.0150000000000006" classname="tidyselect_helpers" name="is_categorical_argument_validation_both_min.len_and_max.len_rejects_when_min.len_max.len"/>
    <testcase time="0.0109999999999992" classname="tidyselect_helpers" name="is_categorical_returns_a_subsetting_function_works_with_no_args_returns_a_function_accepting_factor_and_character_columns"/>
    <testcase time="0.00400000000000134" classname="tidyselect_helpers" name="is_categorical_returns_a_subsetting_function_works_with_no_args_returns_a_function_accepting_factor_and_character_columns"/>
    <testcase time="0.00399999999999778" classname="tidyselect_helpers" name="is_categorical_returns_a_subsetting_function_works_with_no_args_returns_a_function_accepting_factor_and_character_columns"/>
    <testcase time="0.00300000000000011" classname="tidyselect_helpers" name="is_categorical_returns_a_subsetting_function_works_with_no_args_returns_a_function_accepting_factor_and_character_columns"/>
    <testcase time="0.00400000000000134" classname="tidyselect_helpers" name="is_categorical_returns_a_subsetting_function_works_with_no_args_returns_a_function_accepting_factor_and_character_columns"/>
    <testcase time="0.00700000000000145" classname="tidyselect_helpers" name="is_categorical_returns_a_subsetting_function_works_with_only_min.len_keeps_columns_with_at_least_min.len_unique_values"/>
    <testcase time="0.00399999999999778" classname="tidyselect_helpers" name="is_categorical_returns_a_subsetting_function_works_with_only_min.len_keeps_columns_with_at_least_min.len_unique_values"/>
    <testcase time="0.00700000000000145" classname="tidyselect_helpers" name="is_categorical_returns_a_subsetting_function_work_with_only_max.len_keeps_columns_with_at_most_max.len_unique_values"/>
    <testcase time="0.00399999999999778" classname="tidyselect_helpers" name="is_categorical_returns_a_subsetting_function_work_with_only_max.len_keeps_columns_with_at_most_max.len_unique_values"/>
    <testcase time="0.00800000000000267" classname="tidyselect_helpers" name="is_categorical_returns_a_subsetting_function_both_min.len_and_max.len_keeps_columns_within_the_unique_value_range"/>
    <testcase time="0.00300000000000011" classname="tidyselect_helpers" name="is_categorical_returns_a_subsetting_function_both_min.len_and_max.len_keeps_columns_within_the_unique_value_range"/>
    <testcase time="0.00300000000000011" classname="tidyselect_helpers" name="is_categorical_returns_a_subsetting_function_both_min.len_and_max.len_keeps_columns_within_the_unique_value_range"/>
    <testcase time="0.00999999999999801" classname="tidyselect_helpers" name="is_categorical_returns_a_subsetting_function_resolves_correct_variable_columns_when_used_inside_picks"/>
  </testsuite>
</testsuites>
