<?xml version="1.0" encoding="UTF-8"?>
<testsuites>
  <testsuite name="as_picks" timestamp="2026-08-28T16:58:39Z" hostname="3dd90ee14564" tests="23" skipped="0" failures="0" errors="2" time="0.938">
    <testcase time="0.171" classname="as_picks" name="as.picks_turns_select_spec_to_variables_eager_select_spec_is_convertible_to_variables"/>
    <testcase time="0.041" classname="as_picks" name="as.picks_turns_select_spec_to_variables_select_spec_with_selected_NULL_is_convertible_to_variables"/>
    <testcase time="0.029" classname="as_picks" name="as.picks_turns_select_spec_to_variables_select_spec_with_multiple_selected_convertible_to_variables">
      <error type="error" message="Error in `is.null(selected) || multiple`: invalid 'y' type in 'x || y' ('test-as_picks.R:32:5')">Error in `is.null(selected) || multiple`: invalid 'y' type in 'x || y'
Backtrace:
    x
 1. +-testthat::expect_identical(...) at test-as_picks.R:32:5
 2. | \-testthat::quasi_label(enquo(expected), expected.label)
 3. |   \-rlang::eval_bare(expr, quo_get_env(quo))
 4. \-teal.picks::variables(...)</error>
    </testcase>
    <testcase time="0.0519999999999999" classname="as_picks" name="as.picks_turns_select_spec_to_variables_delayed_select_spec_is_convertible_to_variables"/>
    <testcase time="0.016" classname="as_picks" name="as.picks_doesn_t_convert_filter_spec_to_picks_throws_warning_with_teal_transform_filter_instruction_for_eager_filter_spec"/>
    <testcase time="0.019" classname="as_picks" name="as.picks_converts_choices_selected_to_variables_works_when_choices_and_selected_are_not_NULL">
      <error type="error" message="Error in `is.null(selected) || multiple`: invalid 'y' type in 'x || y' ('test-as_picks.R:80:5')">Error in `is.null(selected) || multiple`: invalid 'y' type in 'x || y'
Backtrace:
    x
 1. +-testthat::expect_s3_class(...) at test-as_picks.R:80:5
 2. | \-testthat::quasi_label(enquo(object))
 3. |   \-rlang::eval_bare(expr, quo_get_env(quo))
 4. \-teal.picks::as.picks(...)
 5.   \-teal.picks:::.choices_selected_to_variables(x)
 6.     \-teal.picks:::.select_spec_to_variables(x)
 7.       +-base::do.call(variables, args)
 8.       \-teal.picks (local) `&lt;fn&gt;`(...)</error>
    </testcase>
    <testcase time="0.038" classname="as_picks" name="as.picks_converts_choices_selected_to_variables_works_when_choices_and_selected_are_not_NULL"/>
    <testcase time="0.012" classname="as_picks" name="as.picks_does_not_throw_warning_with_quiet_TRUE_with_non_supporter_base_types"/>
    <testcase time="0.002" classname="as_picks" name="as.picks_does_not_throw_warning_with_quiet_TRUE_with_non_supporter_base_types"/>
    <testcase time="0.00700000000000001" classname="as_picks" name="as.picks_does_not_throw_warning_with_quiet_TRUE_with_filterspect"/>
    <testcase time="0.001" classname="as_picks" name="as.picks_does_not_throw_warning_with_quiet_TRUE_with_filterspect"/>
    <testcase time="0.0069999999999999" classname="as_picks" name="as.picks_does_not_throw_warning_with_quiet_TRUE_with_data_extract_spec"/>
    <testcase time="0.001" classname="as_picks" name="as.picks_does_not_throw_warning_with_quiet_TRUE_with_data_extract_spec"/>
    <testcase time="0.00600000000000001" classname="as_picks" name="as.picks_does_not_throw_warning_with_quiet_TRUE_list_of_filter_specs"/>
    <testcase time="0.001" classname="as_picks" name="as.picks_does_not_throw_warning_with_quiet_TRUE_list_of_filter_specs"/>
    <testcase time="0.015" classname="as_picks" name="as.picks_throws_warning_with_default_settings_throws_warning_if_class_is_not_within_supported_classes"/>
    <testcase time="0.012" classname="as_picks" name="tests_for_teal_transform_filter_returns_error_if_argument_is_not_from_the_expected_class"/>
    <testcase time="0.25" classname="as_picks" name="tests_for_teal_transform_filter_creates_a_module_of_the_expected_class"/>
    <testcase time="0.00800000000000001" classname="as_picks" name="tests_for_teal_transform_filter_creates_a_ui_of_the_expected_class"/>
    <testcase time="0.016" classname="as_picks" name="tests_for_teal_transform_filter_throws_a_warning_if_choices_is_not_of_valid_class"/>
    <testcase time="0.227" classname="as_picks" name="tests_for_teal_transform_filter_server_filters_iris_to_selected_Species_values"/>
    <testcase time="0.004" classname="as_picks" name="tests_for_teal_transform_filter_server_filters_iris_to_selected_Species_values"/>
    <testcase time="0.00300000000000011" classname="as_picks" name="tests_for_teal_transform_filter_server_filters_iris_to_selected_Species_values"/>
  </testsuite>
  <testsuite name="assertion" timestamp="2026-08-28T16:58:40Z" hostname="3dd90ee14564" tests="14" skipped="0" failures="0" errors="0" time="0.813">
    <testcase time="0.168" classname="assertion" name="check_last_level_works_checks_last_picks"/>
    <testcase time="0.0960000000000001" classname="assertion" name="check_last_level_works_checks_last_picks"/>
    <testcase time="0.0939999999999999" classname="assertion" name="check_last_level_works_returns_FALSE"/>
    <testcase time="0.095" classname="assertion" name="check_picks_has_works_returns_TRUE_when_element_is_present"/>
    <testcase time="0.00300000000000011" classname="assertion" name="check_picks_has_works_returns_TRUE_when_element_is_present"/>
    <testcase time="0.00299999999999989" classname="assertion" name="check_picks_has_works_returns_TRUE_when_element_is_present"/>
    <testcase time="0.0940000000000001" classname="assertion" name="check_picks_has_works_returns_an_error_string_when_values_is_absent"/>
    <testcase time="0.0510000000000002" classname="assertion" name="check_picks_has_works_returns_an_error_string_when_variables_is_absent"/>
    <testcase time="0.00499999999999989" classname="assertion" name="check_picks_has_works_returns_an_error_string_when_x_is_not_a_picks_object"/>
    <testcase time="0.0939999999999999" classname="assertion" name="assert_picks_passes_invisibly_when_element_is_present"/>
    <testcase time="0.00200000000000022" classname="assertion" name="assert_picks_passes_invisibly_when_element_is_present"/>
    <testcase time="0.00099999999999989" classname="assertion" name="assert_picks_passes_invisibly_when_element_is_present"/>
    <testcase time="0.0979999999999999" classname="assertion" name="assert_picks_errors_when_element_is_absent"/>
    <testcase time="0.0089999999999999" classname="assertion" name="assert_picks_errors_when_x_is_not_a_picks_object"/>
  </testsuite>
  <testsuite name="badge_dropdown" timestamp="2026-08-28T16:58:40Z" hostname="3dd90ee14564" tests="2" skipped="0" failures="0" errors="2" time="0.084">
    <testcase time="0.0530000000000004" classname="badge_dropdown" name="shinytest2_badge_dropdown_badge_dropdown_is_toggled_when_clicking_and_updates_when_selecting_different_values">
      <error type="error" message="Error in `is.null(selected) || multiple`: invalid 'y' type in 'x || y' ('test-badge_dropdown.R:18:5')">Error in `is.null(selected) || multiple`: invalid 'y' type in 'x || y'
Backtrace:
    x
 1. +-base::suppressWarnings(...) at test-badge_dropdown.R:18:5
 2. | \-base::withCallingHandlers(...)
 3. +-teal.picks::picks(...)
 4. | \-rlang::dots_list(..., .ignore_empty = "trailing")
 5. \-teal.picks::variables(...)</error>
    </testcase>
    <testcase time="0.0309999999999997" classname="badge_dropdown" name="shinytest2_badge_dropdown_badge_fixed_is_visible_with_a_lock_icon_and_the_dropdown_is_not_toggleable">
      <error type="error" message="Error in `is.null(selected) || multiple`: invalid 'y' type in 'x || y' ('test-badge_dropdown.R:56:5')">Error in `is.null(selected) || multiple`: invalid 'y' type in 'x || y'
Backtrace:
    x
 1. +-base::suppressWarnings(...) at test-badge_dropdown.R:56:5
 2. | \-base::withCallingHandlers(...)
 3. +-teal.picks::picks(...)
 4. | \-rlang::dots_list(..., .ignore_empty = "trailing")
 5. \-teal.picks::variables(choices = "Sepal.Length", selected = "Sepal.Length")</error>
    </testcase>
  </testsuite>
  <testsuite name="helper-shinytest2" timestamp="2026-08-28T16:58:40Z" hostname="3dd90ee14564" tests="3" skipped="0" failures="0" errors="3" time="0.09">
    <testcase time="0.0329999999999999" classname="helper_shinytest2" name="shinytest2_helper_exports_app_driver_teal_picks_exports_returns_exported_module_values">
      <error type="error" message="Error in `is.null(selected) || multiple`: invalid 'y' type in 'x || y' ('test-helper-shinytest2.R:18:7')">Error in `is.null(selected) || multiple`: invalid 'y' type in 'x || y'
Backtrace:
    x
 1. +-withr::with_envvar(...) at test-helper-shinytest2.R:16:5
 2. | \-base::force(code)
 3. +-base::suppressWarnings(...) at test-helper-shinytest2.R:18:7
 4. | \-base::withCallingHandlers(...)
 5. +-teal.picks::picks(...)
 6. | \-rlang::dots_list(..., .ignore_empty = "trailing")
 7. \-teal.picks::variables(...)</error>
    </testcase>
    <testcase time="0.0270000000000001" classname="helper_shinytest2" name="shinytest2_helper_exports_app_driver_set_teal_picks_slot_updates_the_selected_value">
      <error type="error" message="Error in `is.null(selected) || multiple`: invalid 'y' type in 'x || y' ('test-helper-shinytest2.R:42:7')">Error in `is.null(selected) || multiple`: invalid 'y' type in 'x || y'
Backtrace:
    x
 1. +-withr::with_envvar(...) at test-helper-shinytest2.R:40:5
 2. | \-base::force(code)
 3. +-base::suppressWarnings(...) at test-helper-shinytest2.R:42:7
 4. | \-base::withCallingHandlers(...)
 5. +-teal.picks::picks(...)
 6. | \-rlang::dots_list(..., .ignore_empty = "trailing")
 7. \-teal.picks::variables(...)</error>
    </testcase>
    <testcase time="0.0300000000000002" classname="helper_shinytest2" name="shinytest2_helper_exports_app_driver_expect_picks_visible_and_hidden_reflect_badge_state">
      <error type="error" message="Error in `is.null(selected) || multiple`: invalid 'y' type in 'x || y' ('test-helper-shinytest2.R:77:7')">Error in `is.null(selected) || multiple`: invalid 'y' type in 'x || y'
Backtrace:
    x
 1. +-withr::with_envvar(...) at test-helper-shinytest2.R:75:5
 2. | \-base::force(code)
 3. +-base::suppressWarnings(...) at test-helper-shinytest2.R:77:7
 4. | \-base::withCallingHandlers(...)
 5. +-teal.picks::picks(...)
 6. | \-rlang::dots_list(..., .ignore_empty = "trailing")
 7. \-teal.picks::variables(choices = "Sepal.Length", selected = "Sepal.Length")</error>
    </testcase>
  </testsuite>
  <testsuite name="helpers" timestamp="2026-08-28T16:58:41Z" hostname="3dd90ee14564" tests="27" skipped="0" failures="0" errors="0" time="1.525">
    <testcase time="0.0789999999999997" classname="helpers" name="regression_tests_for_default_multiple_attribute_in_datasets"/>
    <testcase time="0.0510000000000002" classname="helpers" name="regression_tests_for_default_multiple_attribute_in_variables"/>
    <testcase time="0.056" classname="helpers" name="regression_tests_for_default_multiple_attribute_in_values"/>
    <testcase time="0.0539999999999998" classname="helpers" name="regression_tests_for_default_fixed_attribute_in_datasets_with_1_dataset"/>
    <testcase time="0.052" classname="helpers" name="regression_tests_for_default_fixed_attribute_in_datasets_with_1_dataset"/>
    <testcase time="0.0990000000000002" classname="helpers" name="regression_tests_for_default_fixed_attribute_in_datasets_with_1_values"/>
    <testcase time="0.101" classname="helpers" name="regression_tests_for_default_fixed_attribute_in_datasets"/>
    <testcase time="0.0979999999999999" classname="helpers" name="regression_tests_for_default_fixed_attribute_in_variables"/>
    <testcase time="0.097" classname="helpers" name="regression_tests_for_default_fixed_attribute_in_values"/>
    <testcase time="0.0550000000000002" classname="helpers" name="regression_tests_for_default_ordered_attribute_in_datasets"/>
    <testcase time="0.052" classname="helpers" name="regression_tests_for_default_ordered_attribute_in_variables"/>
    <testcase time="0.0569999999999999" classname="helpers" name="regression_tests_for_default_ordered_attribute_in_values"/>
    <testcase time="0.0609999999999999" classname="helpers" name="is_pick_multiple_returns_TRUE_for_variables_with_multiple_TRUE"/>
    <testcase time="0.0539999999999998" classname="helpers" name="is_pick_multiple_returns_TRUE_for_values_with_multiple_TRUE"/>
    <testcase time="0.0660000000000003" classname="helpers" name="is_pick_multiple_returns_FALSE_for_variables_with_multiple_FALSE"/>
    <testcase time="0.052" classname="helpers" name="is_pick_multiple_returns_TRUEFALSE_for_values_with_multiple_TRUE"/>
    <testcase time="0.0449999999999999" classname="helpers" name="is_pick_fixed_returns_TRUE_for_variables_with_fixed_TRUE"/>
    <testcase time="0.052" classname="helpers" name="is_pick_fixed_returns_TRUE_for_values_with_fixed_TRUE"/>
    <testcase time="0.0409999999999999" classname="helpers" name="is_pick_fixed_returns_FALSE_for_variables_with_fixed_FALSE"/>
    <testcase time="0.0509999999999997" classname="helpers" name="is_pick_fixed_returns_FALSE_for_values_with_fixed_FALSE"/>
    <testcase time="0.0590000000000002" classname="helpers" name="is_pick_ordered_returns_TRUE_for_variables_with_ordered_TRUE"/>
    <testcase time="0.056" classname="helpers" name="is_pick_ordered_returns_TRUE_for_values_with_ordered_TRUE"/>
    <testcase time="0.0510000000000002" classname="helpers" name="is_pick_ordered_returns_FALSE_for_variables_with_ordered_FALSE"/>
    <testcase time="0.0549999999999997" classname="helpers" name="is_pick_ordered_returns_FALSE_for_values_with_ordered_FALSE"/>
    <testcase time="0.0129999999999999" classname="helpers" name="helpers_do_not_accept_non_pick_objects_is_pick_multiple_throws_error"/>
    <testcase time="0.00900000000000034" classname="helpers" name="helpers_do_not_accept_non_pick_objects_is_pick_fixed_throws_error"/>
    <testcase time="0.00899999999999945" classname="helpers" name="helpers_do_not_accept_non_pick_objects_is_pick_ordered_throws_error"/>
  </testsuite>
  <testsuite name="interaction" timestamp="2026-08-28T16:58:42Z" hostname="3dd90ee14564" tests="4" skipped="0" failures="0" errors="1" time="0.156">
    <testcase time="0.0200000000000005" classname="interaction" name="interaction_vars_is_compatible_with_eval_select"/>
    <testcase time="0.00100000000000033" classname="interaction" name="interaction_vars_is_compatible_with_eval_select"/>
    <testcase time="0.0109999999999992" classname="interaction" name="interaction_vars_stores_interactions_in_environment"/>
    <testcase time="0.124000000000001" classname="interaction" name="interaction_vars_filters_table_when_specific_values_are_subset">
      <error type="error" message="Error in `is.null(selected) || multiple`: invalid 'y' type in 'x || y' ('test-interaction.R:77:5')">Error in `is.null(selected) || multiple`: invalid 'y' type in 'x || y'
Backtrace:
      x
   1. +-testthat::expect_equal(...) at test-interaction.R:77:5
   2. | \-testthat::quasi_label(enquo(object), label)
   3. |   \-rlang::eval_bare(expr, quo_get_env(quo))
   4. +-out$data()
   5. | +-shiny::..stacktraceoff..(self$.updateValue())
   6. | \-self$.updateValue()
   7. |   \-ctx$run(...)
   8. |     +-promises::with_promise_domain(...)
   9. |     | \-domain$wrapSync(expr)
  10. |     +-shiny::withReactiveDomain(...)
  11. |     | \-promises::with_promise_domain(...)
  12. |     |   \-domain$wrapSync(expr)
  13. |     |     \-base::force(expr)
  14. |     +-shiny:::with_otel_span_context(...)
  15. |     | \-base::force(expr)
  16. |     +-shiny::captureStackTraces(...)
  17. |     | \-promises::with_promise_domain(...)
  18. |     |   \-domain$wrapSync(expr)
  19. |     |     \-base::withCallingHandlers(expr, error = doCaptureStack)
  20. |     \-env$runWith(self, func)
  21. |       \-shiny (local) contextFunc()
  22. |         +-base::withCallingHandlers(...)
  23. |         +-base::withVisible(.func())
  24. |         \-shiny (local) .func()
  25. |           +-shiny::..stacktraceon..(`&lt;reactive&gt;`(...))
  26. |           \-teal.picks (local) `&lt;reactive&gt;`(...)
  27. |             +-shiny::req(data(), selectors_unwrapped())
  28. |             | \-shiny:::dotloop(...)
  29. |             |   +-shiny (local) fun_(eval(as.symbol(paste0("..", i))))
  30. |             |   | \-shiny::isTruthy(item)
  31. |             |   \-base::eval(as.symbol(paste0("..", i)))
  32. |             |     \-base::eval(as.symbol(paste0("..", i)))
  33. |             \-shiny (local) selectors_unwrapped()
  34. |               +-shiny::..stacktraceoff..(self$.updateValue())
  35. |               \-self$.updateValue()
  36. |                 \-ctx$run(...)
  37. |                   +-promises::with_promise_domain(...)
  38. |                   | \-domain$wrapSync(expr)
  39. |                   +-shiny::withReactiveDomain(...)
  40. |                   | \-promises::with_promise_domain(...)
  41. |                   |   \-domain$wrapSync(expr)
  42. |                   |     \-base::force(expr)
  43. |                   +-shiny:::with_otel_span_context(...)
  44. |                   | \-base::force(expr)
  45. |                   +-shiny::captureStackTraces(...)
  46. |                   | \-promises::with_promise_domain(...)
  47. |                   |   \-domain$wrapSync(expr)
  48. |                   |     \-base::withCallingHandlers(expr, error = doCaptureStack)
  49. |                   \-env$runWith(self, func)
  50. |                     \-shiny (local) contextFunc()
  51. |                       +-base::withCallingHandlers(...)
  52. |                       +-base::withVisible(.func())
  53. |                       \-shiny (local) .func()
  54. |                         +-shiny::..stacktraceon..(`&lt;reactive&gt;`(...))
  55. |                         \-teal.picks (local) `&lt;reactive&gt;`(...)
  56. |                           \-base::lapply(selectors, function(x) shiny::req(x()))
  57. |                             \-teal.picks (local) FUN(X[[i]], ...)
  58. |                               +-shiny::req(x())
  59. |                               | \-shiny:::dotloop(...)
  60. |                               |   +-shiny (local) fun_(eval(as.symbol(paste0("..", i))))
  61. |                               |   | \-shiny::isTruthy(item)
  62. |                               |   \-base::eval(as.symbol(paste0("..", i)))
  63. |                               |     \-base::eval(as.symbol(paste0("..", i)))
  64. |                               \-shiny (local) x()
  65. |                                 +-shiny::..stacktraceoff..(self$.updateValue())
  66. |                                 \-self$.updateValue()
  67. |                                   \-ctx$run(...)
  68. |                                     +-promises::with_promise_domain(...)
  69. |                                     | \-domain$wrapSync(expr)
  70. |                                     +-shiny::withReactiveDomain(...)
  71. |                                     | \-promises::with_promise_domain(...)
  72. |                                     |   \-domain$wrapSync(expr)
  73. |                                     |     \-base::force(expr)
  74. |                                     +-shiny:::with_otel_span_context(...)
  75. |                                     | \-base::force(expr)
  76. |                                     +-shiny::captureStackTraces(...)
  77. |                                     | \-promises::with_promise_domain(...)
  78. |                                     |   \-domain$wrapSync(expr)
  79. |                                     |     \-base::withCallingHandlers(expr, error = doCaptureStack)
  80. |                                     \-env$runWith(self, func)
  81. |                                       \-shiny (local) contextFunc()
  82. |                                         +-base::withCallingHandlers(...)
  83. |                                         +-base::withVisible(.func())
  84. |                                         \-shiny (local) .func()
  85. |                                           +-shiny::..stacktraceon..(`&lt;reactive&gt;`(...))
  86. |                                           \-teal.picks (local) `&lt;reactive&gt;`(...)
  87. |                                             +-base::suppressWarnings(...)
  88. |                                             | \-base::withCallingHandlers(...)
  89. |                                             +-teal.picks::resolver(...)
  90. |                                             | \-checkmate::assert_class(x, "picks")
  91. |                                             |   \-checkmate::checkClass(x, classes, ordered, null.ok)
  92. |                                             +-teal.picks::picks(...)
  93. |                                             | \-rlang::dots_list(..., .ignore_empty = "trailing")
  94. |                                             \-teal.picks::variables(...)
  95. +-base::.handleSimpleError(...)
  96. | \-shiny (local) h(simpleError(msg, call))
  97. |   \-base::stop(e)
  98. +-shiny (local) `&lt;fn&gt;`(`&lt;smplErrr&gt;`)
  99. | \-base::stop(e)
 100. \-shiny (local) `&lt;fn&gt;`(`&lt;smplErrr&gt;`)</error>
    </testcase>
  </testsuite>
  <testsuite name="module_merge" timestamp="2026-08-28T16:58:42Z" hostname="3dd90ee14564" tests="38" skipped="0" failures="0" errors="27" time="4.689">
    <testcase time="0.132" classname="module_merge" name="merge_srv_accepts_selectors_argument_accepts_named_list_of_shiny_reactive_picks"/>
    <testcase time="0.0460000000000003" classname="module_merge" name="merge_srv_accepts_selectors_argument_doesn_t_accept_non_reactive_list_elements">
      <error type="error" message="Error in `is.null(selected) || multiple`: invalid 'y' type in 'x || y' ('test-module_merge.R:40:5')">Error in `is.null(selected) || multiple`: invalid 'y' type in 'x || y'
Backtrace:
    x
 1. +-teal.picks::picks(...) at test-module_merge.R:40:5
 2. | \-rlang::dots_list(..., .ignore_empty = "trailing")
 3. \-teal.picks::variables(choices = "age", selected = "age")</error>
    </testcase>
    <testcase time="0.0629999999999997" classname="module_merge" name="merge_srv_accepts_selectors_argument_doesn_t_accept_unnamed_list_of_selectors"/>
    <testcase time="0.0419999999999998" classname="module_merge" name="merge_srv_accepts_selectors_argument_accepts_empty_list_of_selectors"/>
    <testcase time="0.0510000000000002" classname="module_merge" name="merge_srv_accepts_data_argument_accepts_shiny_reactive_teal_data"/>
    <testcase time="0.0439999999999996" classname="module_merge" name="merge_srv_accepts_data_argument_doesn_t_accept_non_reactive_teal_data"/>
    <testcase time="0.0529999999999999" classname="module_merge" name="merge_srv_returns_list_with_data_teal_data_with_anl_and_variables_selected_anl_variables_returns_list_with_two_reactives_variables_and_data"/>
    <testcase time="0.00200000000000067" classname="module_merge" name="merge_srv_returns_list_with_data_teal_data_with_anl_and_variables_selected_anl_variables_returns_list_with_two_reactives_variables_and_data"/>
    <testcase time="0.000999999999999446" classname="module_merge" name="merge_srv_returns_list_with_data_teal_data_with_anl_and_variables_selected_anl_variables_returns_list_with_two_reactives_variables_and_data"/>
    <testcase time="0.0960000000000001" classname="module_merge" name="merge_srv_returns_list_with_data_teal_data_with_anl_and_variables_selected_anl_variables_data_returns_reactive_containing_teal_data_with_keys_on_output_name_">
      <error type="error" message="Error in `is.null(selected) || multiple`: invalid 'y' type in 'x || y' ('test-module_merge.R:205:5')">Error in `is.null(selected) || multiple`: invalid 'y' type in 'x || y'
Backtrace:
     x
  1. +-checkmate::expect_class(out$data(), "teal_data") at test-module_merge.R:205:5
  2. | \-checkmate::checkClass(x, classes, ordered, null.ok)
  3. +-out$data()
  4. | +-shiny::..stacktraceoff..(self$.updateValue())
  5. | \-self$.updateValue()
  6. |   \-ctx$run(...)
  7. |     +-promises::with_promise_domain(...)
  8. |     | \-domain$wrapSync(expr)
  9. |     +-shiny::withReactiveDomain(...)
 10. |     | \-promises::with_promise_domain(...)
 11. |     |   \-domain$wrapSync(expr)
 12. |     |     \-base::force(expr)
 13. |     +-shiny:::with_otel_span_context(...)
 14. |     | \-base::force(expr)
 15. |     +-shiny::captureStackTraces(...)
 16. |     | \-promises::with_promise_domain(...)
 17. |     |   \-domain$wrapSync(expr)
 18. |     |     \-base::withCallingHandlers(expr, error = doCaptureStack)
 19. |     \-env$runWith(self, func)
 20. |       \-shiny (local) contextFunc()
 21. |         +-base::withCallingHandlers(...)
 22. |         +-base::withVisible(.func())
 23. |         \-shiny (local) .func()
 24. |           +-shiny::..stacktraceon..(`&lt;reactive&gt;`(...))
 25. |           \-teal.picks (local) `&lt;reactive&gt;`(...)
 26. |             +-shiny::req(data(), selectors_unwrapped())
 27. |             | \-shiny:::dotloop(...)
 28. |             |   +-shiny (local) fun_(eval(as.symbol(paste0("..", i))))
 29. |             |   | \-shiny::isTruthy(item)
 30. |             |   \-base::eval(as.symbol(paste0("..", i)))
 31. |             |     \-base::eval(as.symbol(paste0("..", i)))
 32. |             \-shiny (local) selectors_unwrapped()
 33. |               +-shiny::..stacktraceoff..(self$.updateValue())
 34. |               \-self$.updateValue()
 35. |                 \-ctx$run(...)
 36. |                   +-promises::with_promise_domain(...)
 37. |                   | \-domain$wrapSync(expr)
 38. |                   +-shiny::withReactiveDomain(...)
 39. |                   | \-promises::with_promise_domain(...)
 40. |                   |   \-domain$wrapSync(expr)
 41. |                   |     \-base::force(expr)
 42. |                   +-shiny:::with_otel_span_context(...)
 43. |                   | \-base::force(expr)
 44. |                   +-shiny::captureStackTraces(...)
 45. |                   | \-promises::with_promise_domain(...)
 46. |                   |   \-domain$wrapSync(expr)
 47. |                   |     \-base::withCallingHandlers(expr, error = doCaptureStack)
 48. |                   \-env$runWith(self, func)
 49. |                     \-shiny (local) contextFunc()
 50. |                       +-base::withCallingHandlers(...)
 51. |                       +-base::withVisible(.func())
 52. |                       \-shiny (local) .func()
 53. |                         +-shiny::..stacktraceon..(`&lt;reactive&gt;`(...))
 54. |                         \-teal.picks (local) `&lt;reactive&gt;`(...)
 55. |                           \-base::lapply(selectors, function(x) shiny::req(x()))
 56. |                             \-teal.picks (local) FUN(X[[i]], ...)
 57. |                               +-shiny::req(x())
 58. |                               | \-shiny:::dotloop(...)
 59. |                               |   +-shiny (local) fun_(eval(as.symbol(paste0("..", i))))
 60. |                               |   | \-shiny::isTruthy(item)
 61. |                               |   \-base::eval(as.symbol(paste0("..", i)))
 62. |                               |     \-base::eval(as.symbol(paste0("..", i)))
 63. |                               \-shiny (local) x()
 64. |                                 +-shiny::..stacktraceoff..(self$.updateValue())
 65. |                                 \-self$.updateValue()
 66. |                                   \-ctx$run(...)
 67. |                                     +-promises::with_promise_domain(...)
 68. |                                     | \-domain$wrapSync(expr)
 69. |                                     +-shiny::withReactiveDomain(...)
 70. |                                     | \-promises::with_promise_domain(...)
 71. |                                     |   \-domain$wrapSync(expr)
 72. |                                     |     \-base::force(expr)
 73. |                                     +-shiny:::with_otel_span_context(...)
 74. |                                     | \-base::force(expr)
 75. |                                     +-shiny::captureStackTraces(...)
 76. |                                     | \-promises::with_promise_domain(...)
 77. |                                     |   \-domain$wrapSync(expr)
 78. |                                     |     \-base::withCallingHandlers(expr, error = doCaptureStack)
 79. |                                     \-env$runWith(self, func)
 80. |                                       \-shiny (local) contextFunc()
 81. |                                         +-base::withCallingHandlers(...)
 82. |                                         +-base::withVisible(.func())
 83. |                                         \-shiny (local) .func()
 84. |                                           +-shiny::..stacktraceon..(`&lt;reactive&gt;`(...))
 85. |                                           \-teal.picks (local) `&lt;reactive&gt;`(...)
 86. |                                             +-teal.picks::picks(...)
 87. |                                             | \-rlang::dots_list(..., .ignore_empty = "trailing")
 88. |                                             \-teal.picks::variables("age", "age")
 89. +-base::.handleSimpleError(...)
 90. | \-shiny (local) h(simpleError(msg, call))
 91. |   \-base::stop(e)
 92. +-shiny (local) `&lt;fn&gt;`(`&lt;smplErrr&gt;`)
 93. | \-base::stop(e)
 94. \-shiny (local) `&lt;fn&gt;`(`&lt;smplErrr&gt;`)</error>
    </testcase>
    <testcase time="0.181" classname="module_merge" name="merge_srv_returns_list_with_data_teal_data_with_anl_and_variables_selected_anl_variables_data_returns_teal_data_with_merged_anl_using_join_fun">
      <error type="error" message="Error in `is.null(selected) || multiple`: invalid 'y' type in 'x || y' ('test-module_merge.R:243:5')">Error in `is.null(selected) || multiple`: invalid 'y' type in 'x || y'
Backtrace:
     x
  1. +-testthat::expect_equal(...) at test-module_merge.R:243:5
  2. | \-testthat::quasi_label(enquo(object), label)
  3. |   \-rlang::eval_bare(expr, quo_get_env(quo))
  4. +-out$data()
  5. | +-shiny::..stacktraceoff..(self$.updateValue())
  6. | \-self$.updateValue()
  7. |   \-ctx$run(...)
  8. |     +-promises::with_promise_domain(...)
  9. |     | \-domain$wrapSync(expr)
 10. |     +-shiny::withReactiveDomain(...)
 11. |     | \-promises::with_promise_domain(...)
 12. |     |   \-domain$wrapSync(expr)
 13. |     |     \-base::force(expr)
 14. |     +-shiny:::with_otel_span_context(...)
 15. |     | \-base::force(expr)
 16. |     +-shiny::captureStackTraces(...)
 17. |     | \-promises::with_promise_domain(...)
 18. |     |   \-domain$wrapSync(expr)
 19. |     |     \-base::withCallingHandlers(expr, error = doCaptureStack)
 20. |     \-env$runWith(self, func)
 21. |       \-shiny (local) contextFunc()
 22. |         +-base::withCallingHandlers(...)
 23. |         +-base::withVisible(.func())
 24. |         \-shiny (local) .func()
 25. |           +-shiny::..stacktraceon..(`&lt;reactive&gt;`(...))
 26. |           \-teal.picks (local) `&lt;reactive&gt;`(...)
 27. |             +-shiny::req(data(), selectors_unwrapped())
 28. |             | \-shiny:::dotloop(...)
 29. |             |   +-shiny (local) fun_(eval(as.symbol(paste0("..", i))))
 30. |             |   | \-shiny::isTruthy(item)
 31. |             |   \-base::eval(as.symbol(paste0("..", i)))
 32. |             |     \-base::eval(as.symbol(paste0("..", i)))
 33. |             \-shiny (local) selectors_unwrapped()
 34. |               +-shiny::..stacktraceoff..(self$.updateValue())
 35. |               \-self$.updateValue()
 36. |                 \-ctx$run(...)
 37. |                   +-promises::with_promise_domain(...)
 38. |                   | \-domain$wrapSync(expr)
 39. |                   +-shiny::withReactiveDomain(...)
 40. |                   | \-promises::with_promise_domain(...)
 41. |                   |   \-domain$wrapSync(expr)
 42. |                   |     \-base::force(expr)
 43. |                   +-shiny:::with_otel_span_context(...)
 44. |                   | \-base::force(expr)
 45. |                   +-shiny::captureStackTraces(...)
 46. |                   | \-promises::with_promise_domain(...)
 47. |                   |   \-domain$wrapSync(expr)
 48. |                   |     \-base::withCallingHandlers(expr, error = doCaptureStack)
 49. |                   \-env$runWith(self, func)
 50. |                     \-shiny (local) contextFunc()
 51. |                       +-base::withCallingHandlers(...)
 52. |                       +-base::withVisible(.func())
 53. |                       \-shiny (local) .func()
 54. |                         +-shiny::..stacktraceon..(`&lt;reactive&gt;`(...))
 55. |                         \-teal.picks (local) `&lt;reactive&gt;`(...)
 56. |                           \-base::lapply(selectors, function(x) shiny::req(x()))
 57. |                             \-teal.picks (local) FUN(X[[i]], ...)
 58. |                               +-shiny::req(x())
 59. |                               | \-shiny:::dotloop(...)
 60. |                               |   +-shiny (local) fun_(eval(as.symbol(paste0("..", i))))
 61. |                               |   | \-shiny::isTruthy(item)
 62. |                               |   \-base::eval(as.symbol(paste0("..", i)))
 63. |                               |     \-base::eval(as.symbol(paste0("..", i)))
 64. |                               \-shiny (local) x()
 65. |                                 +-shiny::..stacktraceoff..(self$.updateValue())
 66. |                                 \-self$.updateValue()
 67. |                                   \-ctx$run(...)
 68. |                                     +-promises::with_promise_domain(...)
 69. |                                     | \-domain$wrapSync(expr)
 70. |                                     +-shiny::withReactiveDomain(...)
 71. |                                     | \-promises::with_promise_domain(...)
 72. |                                     |   \-domain$wrapSync(expr)
 73. |                                     |     \-base::force(expr)
 74. |                                     +-shiny:::with_otel_span_context(...)
 75. |                                     | \-base::force(expr)
 76. |                                     +-shiny::captureStackTraces(...)
 77. |                                     | \-promises::with_promise_domain(...)
 78. |                                     |   \-domain$wrapSync(expr)
 79. |                                     |     \-base::withCallingHandlers(expr, error = doCaptureStack)
 80. |                                     \-env$runWith(self, func)
 81. |                                       \-shiny (local) contextFunc()
 82. |                                         +-base::withCallingHandlers(...)
 83. |                                         +-base::withVisible(.func())
 84. |                                         \-shiny (local) .func()
 85. |                                           +-shiny::..stacktraceon..(`&lt;reactive&gt;`(...))
 86. |                                           \-teal.picks (local) `&lt;reactive&gt;`(...)
 87. |                                             +-teal.picks::picks(...)
 88. |                                             | \-rlang::dots_list(..., .ignore_empty = "trailing")
 89. |                                             \-teal.picks::variables("name", "name")
 90. +-base::.handleSimpleError(...)
 91. | \-shiny (local) h(simpleError(msg, call))
 92. |   \-base::stop(e)
 93. +-shiny (local) `&lt;fn&gt;`(`&lt;smplErrr&gt;`)
 94. | \-base::stop(e)
 95. \-shiny (local) `&lt;fn&gt;`(`&lt;smplErrr&gt;`)</error>
    </testcase>
    <testcase time="0.111" classname="module_merge" name="merge_srv_returns_list_with_data_teal_data_with_anl_and_variables_selected_anl_variables_variables_returns_reactive_list_named_after_selectors">
      <error type="error" message="Error in `is.null(selected) || multiple`: invalid 'y' type in 'x || y' ('test-module_merge.R:276:5')">Error in `is.null(selected) || multiple`: invalid 'y' type in 'x || y'
Backtrace:
     x
  1. +-checkmate::expect_list(out$variables()) at test-module_merge.R:276:5
  2. | \-checkmate::checkList(...)
  3. |   \-... %and% checkListTypes(x, types)
  4. |     \-base::isTRUE(lhs)
  5. +-out$variables()
  6. | +-shiny::..stacktraceoff..(self$.updateValue())
  7. | \-self$.updateValue()
  8. |   \-ctx$run(...)
  9. |     +-promises::with_promise_domain(...)
 10. |     | \-domain$wrapSync(expr)
 11. |     +-shiny::withReactiveDomain(...)
 12. |     | \-promises::with_promise_domain(...)
 13. |     |   \-domain$wrapSync(expr)
 14. |     |     \-base::force(expr)
 15. |     +-shiny:::with_otel_span_context(...)
 16. |     | \-base::force(expr)
 17. |     +-shiny::captureStackTraces(...)
 18. |     | \-promises::with_promise_domain(...)
 19. |     |   \-domain$wrapSync(expr)
 20. |     |     \-base::withCallingHandlers(expr, error = doCaptureStack)
 21. |     \-env$runWith(self, func)
 22. |       \-shiny (local) contextFunc()
 23. |         +-base::withCallingHandlers(...)
 24. |         +-base::withVisible(.func())
 25. |         \-shiny (local) .func()
 26. |           \-shiny (local) `&lt;reactive&gt;`(...)
 27. |             \-shiny:::hybrid_chain(...)
 28. |               \-shiny (local) do()
 29. |                 \-base::tryCatch(...)
 30. |                   \-base (local) tryCatchList(expr, classes, parentenv, handlers)
 31. |                     \-base (local) tryCatchOne(expr, names, parentenv, handlers[[1L]])
 32. |                       \-value[[3L]](cond)
 33. |                         \-base::stop(e)
 34. \-shiny (local) `&lt;fn&gt;`(`&lt;smplErrr&gt;`)</error>
    </testcase>
    <testcase time="0.122000000000001" classname="module_merge" name="merge_srv_returns_list_with_data_teal_data_with_anl_and_variables_selected_anl_variables_anl_contains_selected_colnames_with_original_names_if_variables_are_selected_from_a_single_dataset">
      <error type="error" message="Error in `is.null(selected) || multiple`: invalid 'y' type in 'x || y' ('test-module_merge.R:304:5')">Error in `is.null(selected) || multiple`: invalid 'y' type in 'x || y'
Backtrace:
     x
  1. +-testthat::expect_equal(...) at test-module_merge.R:304:5
  2. | \-testthat::quasi_label(enquo(object), label)
  3. |   \-rlang::eval_bare(expr, quo_get_env(quo))
  4. +-out$data()
  5. | +-shiny::..stacktraceoff..(self$.updateValue())
  6. | \-self$.updateValue()
  7. |   \-ctx$run(...)
  8. |     +-promises::with_promise_domain(...)
  9. |     | \-domain$wrapSync(expr)
 10. |     +-shiny::withReactiveDomain(...)
 11. |     | \-promises::with_promise_domain(...)
 12. |     |   \-domain$wrapSync(expr)
 13. |     |     \-base::force(expr)
 14. |     +-shiny:::with_otel_span_context(...)
 15. |     | \-base::force(expr)
 16. |     +-shiny::captureStackTraces(...)
 17. |     | \-promises::with_promise_domain(...)
 18. |     |   \-domain$wrapSync(expr)
 19. |     |     \-base::withCallingHandlers(expr, error = doCaptureStack)
 20. |     \-env$runWith(self, func)
 21. |       \-shiny (local) contextFunc()
 22. |         +-base::withCallingHandlers(...)
 23. |         +-base::withVisible(.func())
 24. |         \-shiny (local) .func()
 25. |           +-shiny::..stacktraceon..(`&lt;reactive&gt;`(...))
 26. |           \-teal.picks (local) `&lt;reactive&gt;`(...)
 27. |             +-shiny::req(data(), selectors_unwrapped())
 28. |             | \-shiny:::dotloop(...)
 29. |             |   +-shiny (local) fun_(eval(as.symbol(paste0("..", i))))
 30. |             |   | \-shiny::isTruthy(item)
 31. |             |   \-base::eval(as.symbol(paste0("..", i)))
 32. |             |     \-base::eval(as.symbol(paste0("..", i)))
 33. |             \-shiny (local) selectors_unwrapped()
 34. |               +-shiny::..stacktraceoff..(self$.updateValue())
 35. |               \-self$.updateValue()
 36. |                 \-ctx$run(...)
 37. |                   +-promises::with_promise_domain(...)
 38. |                   | \-domain$wrapSync(expr)
 39. |                   +-shiny::withReactiveDomain(...)
 40. |                   | \-promises::with_promise_domain(...)
 41. |                   |   \-domain$wrapSync(expr)
 42. |                   |     \-base::force(expr)
 43. |                   +-shiny:::with_otel_span_context(...)
 44. |                   | \-base::force(expr)
 45. |                   +-shiny::captureStackTraces(...)
 46. |                   | \-promises::with_promise_domain(...)
 47. |                   |   \-domain$wrapSync(expr)
 48. |                   |     \-base::withCallingHandlers(expr, error = doCaptureStack)
 49. |                   \-env$runWith(self, func)
 50. |                     \-shiny (local) contextFunc()
 51. |                       +-base::withCallingHandlers(...)
 52. |                       +-base::withVisible(.func())
 53. |                       \-shiny (local) .func()
 54. |                         +-shiny::..stacktraceon..(`&lt;reactive&gt;`(...))
 55. |                         \-teal.picks (local) `&lt;reactive&gt;`(...)
 56. |                           \-base::lapply(selectors, function(x) shiny::req(x()))
 57. |                             \-teal.picks (local) FUN(X[[i]], ...)
 58. |                               +-shiny::req(x())
 59. |                               | \-shiny:::dotloop(...)
 60. |                               |   +-shiny (local) fun_(eval(as.symbol(paste0("..", i))))
 61. |                               |   | \-shiny::isTruthy(item)
 62. |                               |   \-base::eval(as.symbol(paste0("..", i)))
 63. |                               |     \-base::eval(as.symbol(paste0("..", i)))
 64. |                               \-shiny (local) x()
 65. |                                 +-shiny::..stacktraceoff..(self$.updateValue())
 66. |                                 \-self$.updateValue()
 67. |                                   \-ctx$run(...)
 68. |                                     +-promises::with_promise_domain(...)
 69. |                                     | \-domain$wrapSync(expr)
 70. |                                     +-shiny::withReactiveDomain(...)
 71. |                                     | \-promises::with_promise_domain(...)
 72. |                                     |   \-domain$wrapSync(expr)
 73. |                                     |     \-base::force(expr)
 74. |                                     +-shiny:::with_otel_span_context(...)
 75. |                                     | \-base::force(expr)
 76. |                                     +-shiny::captureStackTraces(...)
 77. |                                     | \-promises::with_promise_domain(...)
 78. |                                     |   \-domain$wrapSync(expr)
 79. |                                     |     \-base::withCallingHandlers(expr, error = doCaptureStack)
 80. |                                     \-env$runWith(self, func)
 81. |                                       \-shiny (local) contextFunc()
 82. |                                         +-base::withCallingHandlers(...)
 83. |                                         +-base::withVisible(.func())
 84. |                                         \-shiny (local) .func()
 85. |                                           +-shiny::..stacktraceon..(`&lt;reactive&gt;`(...))
 86. |                                           \-teal.picks (local) `&lt;reactive&gt;`(...)
 87. |                                             +-teal.picks::picks(...)
 88. |                                             | \-rlang::dots_list(..., .ignore_empty = "trailing")
 89. |                                             \-teal.picks::variables(choices = colnames(iris), selected = "Species")
 90. +-base::.handleSimpleError(...)
 91. | \-shiny (local) h(simpleError(msg, call))
 92. |   \-base::stop(e)
 93. +-shiny (local) `&lt;fn&gt;`(`&lt;smplErrr&gt;`)
 94. | \-base::stop(e)
 95. \-shiny (local) `&lt;fn&gt;`(`&lt;smplErrr&gt;`)</error>
    </testcase>
    <testcase time="0.196" classname="module_merge" name="merge_srv_returns_list_with_data_teal_data_with_anl_and_variables_selected_anl_variables_anl_contains_selected_colnames_with_original_names_if_selected_from_a_multiple_datasets_and_not_duplicated">
      <error type="error" message="Error in `is.null(selected) || multiple`: invalid 'y' type in 'x || y' ('test-module_merge.R:352:5')">Error in `is.null(selected) || multiple`: invalid 'y' type in 'x || y'
Backtrace:
     x
  1. +-testthat::expect_equal(...) at test-module_merge.R:352:5
  2. | \-testthat::quasi_label(enquo(object), label)
  3. |   \-rlang::eval_bare(expr, quo_get_env(quo))
  4. +-out$data()
  5. | +-shiny::..stacktraceoff..(self$.updateValue())
  6. | \-self$.updateValue()
  7. |   \-ctx$run(...)
  8. |     +-promises::with_promise_domain(...)
  9. |     | \-domain$wrapSync(expr)
 10. |     +-shiny::withReactiveDomain(...)
 11. |     | \-promises::with_promise_domain(...)
 12. |     |   \-domain$wrapSync(expr)
 13. |     |     \-base::force(expr)
 14. |     +-shiny:::with_otel_span_context(...)
 15. |     | \-base::force(expr)
 16. |     +-shiny::captureStackTraces(...)
 17. |     | \-promises::with_promise_domain(...)
 18. |     |   \-domain$wrapSync(expr)
 19. |     |     \-base::withCallingHandlers(expr, error = doCaptureStack)
 20. |     \-env$runWith(self, func)
 21. |       \-shiny (local) contextFunc()
 22. |         +-base::withCallingHandlers(...)
 23. |         +-base::withVisible(.func())
 24. |         \-shiny (local) .func()
 25. |           +-shiny::..stacktraceon..(`&lt;reactive&gt;`(...))
 26. |           \-teal.picks (local) `&lt;reactive&gt;`(...)
 27. |             +-shiny::req(data(), selectors_unwrapped())
 28. |             | \-shiny:::dotloop(...)
 29. |             |   +-shiny (local) fun_(eval(as.symbol(paste0("..", i))))
 30. |             |   | \-shiny::isTruthy(item)
 31. |             |   \-base::eval(as.symbol(paste0("..", i)))
 32. |             |     \-base::eval(as.symbol(paste0("..", i)))
 33. |             \-shiny (local) selectors_unwrapped()
 34. |               +-shiny::..stacktraceoff..(self$.updateValue())
 35. |               \-self$.updateValue()
 36. |                 \-ctx$run(...)
 37. |                   +-promises::with_promise_domain(...)
 38. |                   | \-domain$wrapSync(expr)
 39. |                   +-shiny::withReactiveDomain(...)
 40. |                   | \-promises::with_promise_domain(...)
 41. |                   |   \-domain$wrapSync(expr)
 42. |                   |     \-base::force(expr)
 43. |                   +-shiny:::with_otel_span_context(...)
 44. |                   | \-base::force(expr)
 45. |                   +-shiny::captureStackTraces(...)
 46. |                   | \-promises::with_promise_domain(...)
 47. |                   |   \-domain$wrapSync(expr)
 48. |                   |     \-base::withCallingHandlers(expr, error = doCaptureStack)
 49. |                   \-env$runWith(self, func)
 50. |                     \-shiny (local) contextFunc()
 51. |                       +-base::withCallingHandlers(...)
 52. |                       +-base::withVisible(.func())
 53. |                       \-shiny (local) .func()
 54. |                         +-shiny::..stacktraceon..(`&lt;reactive&gt;`(...))
 55. |                         \-teal.picks (local) `&lt;reactive&gt;`(...)
 56. |                           \-base::lapply(selectors, function(x) shiny::req(x()))
 57. |                             \-teal.picks (local) FUN(X[[i]], ...)
 58. |                               +-shiny::req(x())
 59. |                               | \-shiny:::dotloop(...)
 60. |                               |   +-shiny (local) fun_(eval(as.symbol(paste0("..", i))))
 61. |                               |   | \-shiny::isTruthy(item)
 62. |                               |   \-base::eval(as.symbol(paste0("..", i)))
 63. |                               |     \-base::eval(as.symbol(paste0("..", i)))
 64. |                               \-shiny (local) x()
 65. |                                 +-shiny::..stacktraceoff..(self$.updateValue())
 66. |                                 \-self$.updateValue()
 67. |                                   \-ctx$run(...)
 68. |                                     +-promises::with_promise_domain(...)
 69. |                                     | \-domain$wrapSync(expr)
 70. |                                     +-shiny::withReactiveDomain(...)
 71. |                                     | \-promises::with_promise_domain(...)
 72. |                                     |   \-domain$wrapSync(expr)
 73. |                                     |     \-base::force(expr)
 74. |                                     +-shiny:::with_otel_span_context(...)
 75. |                                     | \-base::force(expr)
 76. |                                     +-shiny::captureStackTraces(...)
 77. |                                     | \-promises::with_promise_domain(...)
 78. |                                     |   \-domain$wrapSync(expr)
 79. |                                     |     \-base::withCallingHandlers(expr, error = doCaptureStack)
 80. |                                     \-env$runWith(self, func)
 81. |                                       \-shiny (local) contextFunc()
 82. |                                         +-base::withCallingHandlers(...)
 83. |                                         +-base::withVisible(.func())
 84. |                                         \-shiny (local) .func()
 85. |                                           +-shiny::..stacktraceon..(`&lt;reactive&gt;`(...))
 86. |                                           \-teal.picks (local) `&lt;reactive&gt;`(...)
 87. |                                             +-teal.picks::picks(...)
 88. |                                             | \-rlang::dots_list(..., .ignore_empty = "trailing")
 89. |                                             \-teal.picks::variables(...)
 90. +-base::.handleSimpleError(...)
 91. | \-shiny (local) h(simpleError(msg, call))
 92. |   \-base::stop(e)
 93. +-shiny (local) `&lt;fn&gt;`(`&lt;smplErrr&gt;`)
 94. | \-base::stop(e)
 95. \-shiny (local) `&lt;fn&gt;`(`&lt;smplErrr&gt;`)</error>
    </testcase>
    <testcase time="0.185" classname="module_merge" name="merge_srv_returns_list_with_data_teal_data_with_anl_and_variables_selected_anl_variables_anl_contains_selected_colnames_with_suffixes_names_if_duplicated_across_datasets">
      <error type="error" message="Error in `is.null(selected) || multiple`: invalid 'y' type in 'x || y' ('test-module_merge.R:406:5')">Error in `is.null(selected) || multiple`: invalid 'y' type in 'x || y'
Backtrace:
     x
  1. +-testthat::expect_equal(...) at test-module_merge.R:406:5
  2. | \-testthat::quasi_label(enquo(object), label)
  3. |   \-rlang::eval_bare(expr, quo_get_env(quo))
  4. +-out$data()
  5. | +-shiny::..stacktraceoff..(self$.updateValue())
  6. | \-self$.updateValue()
  7. |   \-ctx$run(...)
  8. |     +-promises::with_promise_domain(...)
  9. |     | \-domain$wrapSync(expr)
 10. |     +-shiny::withReactiveDomain(...)
 11. |     | \-promises::with_promise_domain(...)
 12. |     |   \-domain$wrapSync(expr)
 13. |     |     \-base::force(expr)
 14. |     +-shiny:::with_otel_span_context(...)
 15. |     | \-base::force(expr)
 16. |     +-shiny::captureStackTraces(...)
 17. |     | \-promises::with_promise_domain(...)
 18. |     |   \-domain$wrapSync(expr)
 19. |     |     \-base::withCallingHandlers(expr, error = doCaptureStack)
 20. |     \-env$runWith(self, func)
 21. |       \-shiny (local) contextFunc()
 22. |         +-base::withCallingHandlers(...)
 23. |         +-base::withVisible(.func())
 24. |         \-shiny (local) .func()
 25. |           +-shiny::..stacktraceon..(`&lt;reactive&gt;`(...))
 26. |           \-teal.picks (local) `&lt;reactive&gt;`(...)
 27. |             +-shiny::req(data(), selectors_unwrapped())
 28. |             | \-shiny:::dotloop(...)
 29. |             |   +-shiny (local) fun_(eval(as.symbol(paste0("..", i))))
 30. |             |   | \-shiny::isTruthy(item)
 31. |             |   \-base::eval(as.symbol(paste0("..", i)))
 32. |             |     \-base::eval(as.symbol(paste0("..", i)))
 33. |             \-shiny (local) selectors_unwrapped()
 34. |               +-shiny::..stacktraceoff..(self$.updateValue())
 35. |               \-self$.updateValue()
 36. |                 \-ctx$run(...)
 37. |                   +-promises::with_promise_domain(...)
 38. |                   | \-domain$wrapSync(expr)
 39. |                   +-shiny::withReactiveDomain(...)
 40. |                   | \-promises::with_promise_domain(...)
 41. |                   |   \-domain$wrapSync(expr)
 42. |                   |     \-base::force(expr)
 43. |                   +-shiny:::with_otel_span_context(...)
 44. |                   | \-base::force(expr)
 45. |                   +-shiny::captureStackTraces(...)
 46. |                   | \-promises::with_promise_domain(...)
 47. |                   |   \-domain$wrapSync(expr)
 48. |                   |     \-base::withCallingHandlers(expr, error = doCaptureStack)
 49. |                   \-env$runWith(self, func)
 50. |                     \-shiny (local) contextFunc()
 51. |                       +-base::withCallingHandlers(...)
 52. |                       +-base::withVisible(.func())
 53. |                       \-shiny (local) .func()
 54. |                         +-shiny::..stacktraceon..(`&lt;reactive&gt;`(...))
 55. |                         \-teal.picks (local) `&lt;reactive&gt;`(...)
 56. |                           \-base::lapply(selectors, function(x) shiny::req(x()))
 57. |                             \-teal.picks (local) FUN(X[[i]], ...)
 58. |                               +-shiny::req(x())
 59. |                               | \-shiny:::dotloop(...)
 60. |                               |   +-shiny (local) fun_(eval(as.symbol(paste0("..", i))))
 61. |                               |   | \-shiny::isTruthy(item)
 62. |                               |   \-base::eval(as.symbol(paste0("..", i)))
 63. |                               |     \-base::eval(as.symbol(paste0("..", i)))
 64. |                               \-shiny (local) x()
 65. |                                 +-shiny::..stacktraceoff..(self$.updateValue())
 66. |                                 \-self$.updateValue()
 67. |                                   \-ctx$run(...)
 68. |                                     +-promises::with_promise_domain(...)
 69. |                                     | \-domain$wrapSync(expr)
 70. |                                     +-shiny::withReactiveDomain(...)
 71. |                                     | \-promises::with_promise_domain(...)
 72. |                                     |   \-domain$wrapSync(expr)
 73. |                                     |     \-base::force(expr)
 74. |                                     +-shiny:::with_otel_span_context(...)
 75. |                                     | \-base::force(expr)
 76. |                                     +-shiny::captureStackTraces(...)
 77. |                                     | \-promises::with_promise_domain(...)
 78. |                                     |   \-domain$wrapSync(expr)
 79. |                                     |     \-base::withCallingHandlers(expr, error = doCaptureStack)
 80. |                                     \-env$runWith(self, func)
 81. |                                       \-shiny (local) contextFunc()
 82. |                                         +-base::withCallingHandlers(...)
 83. |                                         +-base::withVisible(.func())
 84. |                                         \-shiny (local) .func()
 85. |                                           +-shiny::..stacktraceon..(`&lt;reactive&gt;`(...))
 86. |                                           \-teal.picks (local) `&lt;reactive&gt;`(...)
 87. |                                             +-teal.picks::picks(...)
 88. |                                             | \-rlang::dots_list(..., .ignore_empty = "trailing")
 89. |                                             \-teal.picks::variables(...)
 90. +-base::.handleSimpleError(...)
 91. | \-shiny (local) h(simpleError(msg, call))
 92. |   \-base::stop(e)
 93. +-shiny (local) `&lt;fn&gt;`(`&lt;smplErrr&gt;`)
 94. | \-base::stop(e)
 95. \-shiny (local) `&lt;fn&gt;`(`&lt;smplErrr&gt;`)</error>
    </testcase>
    <testcase time="0.134" classname="module_merge" name="merge_srv_returns_list_with_data_teal_data_with_anl_and_variables_selected_anl_variables_anl_contains_colnames_with_original_names_when_duplicated_for_the_same_dataset">
      <error type="error" message="Error in `is.null(selected) || multiple`: invalid 'y' type in 'x || y' ('test-module_merge.R:453:5')">Error in `is.null(selected) || multiple`: invalid 'y' type in 'x || y'
Backtrace:
     x
  1. +-testthat::expect_equal(...) at test-module_merge.R:453:5
  2. | \-testthat::quasi_label(enquo(object), label)
  3. |   \-rlang::eval_bare(expr, quo_get_env(quo))
  4. +-out$data()
  5. | +-shiny::..stacktraceoff..(self$.updateValue())
  6. | \-self$.updateValue()
  7. |   \-ctx$run(...)
  8. |     +-promises::with_promise_domain(...)
  9. |     | \-domain$wrapSync(expr)
 10. |     +-shiny::withReactiveDomain(...)
 11. |     | \-promises::with_promise_domain(...)
 12. |     |   \-domain$wrapSync(expr)
 13. |     |     \-base::force(expr)
 14. |     +-shiny:::with_otel_span_context(...)
 15. |     | \-base::force(expr)
 16. |     +-shiny::captureStackTraces(...)
 17. |     | \-promises::with_promise_domain(...)
 18. |     |   \-domain$wrapSync(expr)
 19. |     |     \-base::withCallingHandlers(expr, error = doCaptureStack)
 20. |     \-env$runWith(self, func)
 21. |       \-shiny (local) contextFunc()
 22. |         +-base::withCallingHandlers(...)
 23. |         +-base::withVisible(.func())
 24. |         \-shiny (local) .func()
 25. |           +-shiny::..stacktraceon..(`&lt;reactive&gt;`(...))
 26. |           \-teal.picks (local) `&lt;reactive&gt;`(...)
 27. |             +-shiny::req(data(), selectors_unwrapped())
 28. |             | \-shiny:::dotloop(...)
 29. |             |   +-shiny (local) fun_(eval(as.symbol(paste0("..", i))))
 30. |             |   | \-shiny::isTruthy(item)
 31. |             |   \-base::eval(as.symbol(paste0("..", i)))
 32. |             |     \-base::eval(as.symbol(paste0("..", i)))
 33. |             \-shiny (local) selectors_unwrapped()
 34. |               +-shiny::..stacktraceoff..(self$.updateValue())
 35. |               \-self$.updateValue()
 36. |                 \-ctx$run(...)
 37. |                   +-promises::with_promise_domain(...)
 38. |                   | \-domain$wrapSync(expr)
 39. |                   +-shiny::withReactiveDomain(...)
 40. |                   | \-promises::with_promise_domain(...)
 41. |                   |   \-domain$wrapSync(expr)
 42. |                   |     \-base::force(expr)
 43. |                   +-shiny:::with_otel_span_context(...)
 44. |                   | \-base::force(expr)
 45. |                   +-shiny::captureStackTraces(...)
 46. |                   | \-promises::with_promise_domain(...)
 47. |                   |   \-domain$wrapSync(expr)
 48. |                   |     \-base::withCallingHandlers(expr, error = doCaptureStack)
 49. |                   \-env$runWith(self, func)
 50. |                     \-shiny (local) contextFunc()
 51. |                       +-base::withCallingHandlers(...)
 52. |                       +-base::withVisible(.func())
 53. |                       \-shiny (local) .func()
 54. |                         +-shiny::..stacktraceon..(`&lt;reactive&gt;`(...))
 55. |                         \-teal.picks (local) `&lt;reactive&gt;`(...)
 56. |                           \-base::lapply(selectors, function(x) shiny::req(x()))
 57. |                             \-teal.picks (local) FUN(X[[i]], ...)
 58. |                               +-shiny::req(x())
 59. |                               | \-shiny:::dotloop(...)
 60. |                               |   +-shiny (local) fun_(eval(as.symbol(paste0("..", i))))
 61. |                               |   | \-shiny::isTruthy(item)
 62. |                               |   \-base::eval(as.symbol(paste0("..", i)))
 63. |                               |     \-base::eval(as.symbol(paste0("..", i)))
 64. |                               \-shiny (local) x()
 65. |                                 +-shiny::..stacktraceoff..(self$.updateValue())
 66. |                                 \-self$.updateValue()
 67. |                                   \-ctx$run(...)
 68. |                                     +-promises::with_promise_domain(...)
 69. |                                     | \-domain$wrapSync(expr)
 70. |                                     +-shiny::withReactiveDomain(...)
 71. |                                     | \-promises::with_promise_domain(...)
 72. |                                     |   \-domain$wrapSync(expr)
 73. |                                     |     \-base::force(expr)
 74. |                                     +-shiny:::with_otel_span_context(...)
 75. |                                     | \-base::force(expr)
 76. |                                     +-shiny::captureStackTraces(...)
 77. |                                     | \-promises::with_promise_domain(...)
 78. |                                     |   \-domain$wrapSync(expr)
 79. |                                     |     \-base::withCallingHandlers(expr, error = doCaptureStack)
 80. |                                     \-env$runWith(self, func)
 81. |                                       \-shiny (local) contextFunc()
 82. |                                         +-base::withCallingHandlers(...)
 83. |                                         +-base::withVisible(.func())
 84. |                                         \-shiny (local) .func()
 85. |                                           +-shiny::..stacktraceon..(`&lt;reactive&gt;`(...))
 86. |                                           \-teal.picks (local) `&lt;reactive&gt;`(...)
 87. |                                             +-teal.picks::picks(...)
 88. |                                             | \-rlang::dots_list(..., .ignore_empty = "trailing")
 89. |                                             \-teal.picks::variables(...)
 90. +-base::.handleSimpleError(...)
 91. | \-shiny (local) h(simpleError(msg, call))
 92. |   \-base::stop(e)
 93. +-shiny (local) `&lt;fn&gt;`(`&lt;smplErrr&gt;`)
 94. | \-base::stop(e)
 95. \-shiny (local) `&lt;fn&gt;`(`&lt;smplErrr&gt;`)</error>
    </testcase>
    <testcase time="0.306999999999999" classname="module_merge" name="merge_srv_returns_list_with_data_teal_data_with_anl_and_variables_selected_anl_variables_data_keeps_all_the_keys">
      <error type="error" message="Error in `is.null(selected) || multiple`: invalid 'y' type in 'x || y' ('test-module_merge.R:526:5')">Error in `is.null(selected) || multiple`: invalid 'y' type in 'x || y'
Backtrace:
     x
  1. +-testthat::expect_equal(...) at test-module_merge.R:526:5
  2. | \-testthat::quasi_label(enquo(object), label)
  3. |   \-rlang::eval_bare(expr, quo_get_env(quo))
  4. +-teal.data::join_keys(out$data())
  5. | \-rlang::list2(...)
  6. +-out$data()
  7. | +-shiny::..stacktraceoff..(self$.updateValue())
  8. | \-self$.updateValue()
  9. |   \-ctx$run(...)
 10. |     +-promises::with_promise_domain(...)
 11. |     | \-domain$wrapSync(expr)
 12. |     +-shiny::withReactiveDomain(...)
 13. |     | \-promises::with_promise_domain(...)
 14. |     |   \-domain$wrapSync(expr)
 15. |     |     \-base::force(expr)
 16. |     +-shiny:::with_otel_span_context(...)
 17. |     | \-base::force(expr)
 18. |     +-shiny::captureStackTraces(...)
 19. |     | \-promises::with_promise_domain(...)
 20. |     |   \-domain$wrapSync(expr)
 21. |     |     \-base::withCallingHandlers(expr, error = doCaptureStack)
 22. |     \-env$runWith(self, func)
 23. |       \-shiny (local) contextFunc()
 24. |         +-base::withCallingHandlers(...)
 25. |         +-base::withVisible(.func())
 26. |         \-shiny (local) .func()
 27. |           +-shiny::..stacktraceon..(`&lt;reactive&gt;`(...))
 28. |           \-teal.picks (local) `&lt;reactive&gt;`(...)
 29. |             +-shiny::req(data(), selectors_unwrapped())
 30. |             | \-shiny:::dotloop(...)
 31. |             |   +-shiny (local) fun_(eval(as.symbol(paste0("..", i))))
 32. |             |   | \-shiny::isTruthy(item)
 33. |             |   \-base::eval(as.symbol(paste0("..", i)))
 34. |             |     \-base::eval(as.symbol(paste0("..", i)))
 35. |             \-shiny (local) selectors_unwrapped()
 36. |               +-shiny::..stacktraceoff..(self$.updateValue())
 37. |               \-self$.updateValue()
 38. |                 \-ctx$run(...)
 39. |                   +-promises::with_promise_domain(...)
 40. |                   | \-domain$wrapSync(expr)
 41. |                   +-shiny::withReactiveDomain(...)
 42. |                   | \-promises::with_promise_domain(...)
 43. |                   |   \-domain$wrapSync(expr)
 44. |                   |     \-base::force(expr)
 45. |                   +-shiny:::with_otel_span_context(...)
 46. |                   | \-base::force(expr)
 47. |                   +-shiny::captureStackTraces(...)
 48. |                   | \-promises::with_promise_domain(...)
 49. |                   |   \-domain$wrapSync(expr)
 50. |                   |     \-base::withCallingHandlers(expr, error = doCaptureStack)
 51. |                   \-env$runWith(self, func)
 52. |                     \-shiny (local) contextFunc()
 53. |                       +-base::withCallingHandlers(...)
 54. |                       +-base::withVisible(.func())
 55. |                       \-shiny (local) .func()
 56. |                         +-shiny::..stacktraceon..(`&lt;reactive&gt;`(...))
 57. |                         \-teal.picks (local) `&lt;reactive&gt;`(...)
 58. |                           \-base::lapply(selectors, function(x) shiny::req(x()))
 59. |                             \-teal.picks (local) FUN(X[[i]], ...)
 60. |                               +-shiny::req(x())
 61. |                               | \-shiny:::dotloop(...)
 62. |                               |   +-shiny (local) fun_(eval(as.symbol(paste0("..", i))))
 63. |                               |   | \-shiny::isTruthy(item)
 64. |                               |   \-base::eval(as.symbol(paste0("..", i)))
 65. |                               |     \-base::eval(as.symbol(paste0("..", i)))
 66. |                               \-shiny (local) x()
 67. |                                 +-shiny::..stacktraceoff..(self$.updateValue())
 68. |                                 \-self$.updateValue()
 69. |                                   \-ctx$run(...)
 70. |                                     +-promises::with_promise_domain(...)
 71. |                                     | \-domain$wrapSync(expr)
 72. |                                     +-shiny::withReactiveDomain(...)
 73. |                                     | \-promises::with_promise_domain(...)
 74. |                                     |   \-domain$wrapSync(expr)
 75. |                                     |     \-base::force(expr)
 76. |                                     +-shiny:::with_otel_span_context(...)
 77. |                                     | \-base::force(expr)
 78. |                                     +-shiny::captureStackTraces(...)
 79. |                                     | \-promises::with_promise_domain(...)
 80. |                                     |   \-domain$wrapSync(expr)
 81. |                                     |     \-base::withCallingHandlers(expr, error = doCaptureStack)
 82. |                                     \-env$runWith(self, func)
 83. |                                       \-shiny (local) contextFunc()
 84. |                                         +-base::withCallingHandlers(...)
 85. |                                         +-base::withVisible(.func())
 86. |                                         \-shiny (local) .func()
 87. |                                           +-shiny::..stacktraceon..(`&lt;reactive&gt;`(...))
 88. |                                           \-teal.picks (local) `&lt;reactive&gt;`(...)
 89. |                                             +-teal.picks::picks(...)
 90. |                                             | \-rlang::dots_list(..., .ignore_empty = "trailing")
 91. |                                             \-teal.picks::variables(...)
 92. +-base::.handleSimpleError(...)
 93. | \-shiny (local) h(simpleError(msg, call))
 94. |   \-base::stop(e)
 95. +-shiny (local) `&lt;fn&gt;`(`&lt;smplErrr&gt;`)
 96. | \-base::stop(e)
 97. \-shiny (local) `&lt;fn&gt;`(`&lt;smplErrr&gt;`)</error>
    </testcase>
    <testcase time="0.309" classname="module_merge" name="merge_srv_returns_list_with_data_teal_data_with_anl_and_variables_selected_anl_variables_anl_can_merge_deep_join_tree_by_pair_keys_and_finds_correct_merge_order">
      <error type="error" message="Error in `is.null(selected) || multiple`: invalid 'y' type in 'x || y' ('test-module_merge.R:598:5')">Error in `is.null(selected) || multiple`: invalid 'y' type in 'x || y'
Backtrace:
     x
  1. +-testthat::expect_equal(...) at test-module_merge.R:598:5
  2. | \-testthat::quasi_label(enquo(object), label)
  3. |   \-rlang::eval_bare(expr, quo_get_env(quo))
  4. +-out$data()
  5. | +-shiny::..stacktraceoff..(self$.updateValue())
  6. | \-self$.updateValue()
  7. |   \-ctx$run(...)
  8. |     +-promises::with_promise_domain(...)
  9. |     | \-domain$wrapSync(expr)
 10. |     +-shiny::withReactiveDomain(...)
 11. |     | \-promises::with_promise_domain(...)
 12. |     |   \-domain$wrapSync(expr)
 13. |     |     \-base::force(expr)
 14. |     +-shiny:::with_otel_span_context(...)
 15. |     | \-base::force(expr)
 16. |     +-shiny::captureStackTraces(...)
 17. |     | \-promises::with_promise_domain(...)
 18. |     |   \-domain$wrapSync(expr)
 19. |     |     \-base::withCallingHandlers(expr, error = doCaptureStack)
 20. |     \-env$runWith(self, func)
 21. |       \-shiny (local) contextFunc()
 22. |         +-base::withCallingHandlers(...)
 23. |         +-base::withVisible(.func())
 24. |         \-shiny (local) .func()
 25. |           +-shiny::..stacktraceon..(`&lt;reactive&gt;`(...))
 26. |           \-teal.picks (local) `&lt;reactive&gt;`(...)
 27. |             +-shiny::req(data(), selectors_unwrapped())
 28. |             | \-shiny:::dotloop(...)
 29. |             |   +-shiny (local) fun_(eval(as.symbol(paste0("..", i))))
 30. |             |   | \-shiny::isTruthy(item)
 31. |             |   \-base::eval(as.symbol(paste0("..", i)))
 32. |             |     \-base::eval(as.symbol(paste0("..", i)))
 33. |             \-shiny (local) selectors_unwrapped()
 34. |               +-shiny::..stacktraceoff..(self$.updateValue())
 35. |               \-self$.updateValue()
 36. |                 \-ctx$run(...)
 37. |                   +-promises::with_promise_domain(...)
 38. |                   | \-domain$wrapSync(expr)
 39. |                   +-shiny::withReactiveDomain(...)
 40. |                   | \-promises::with_promise_domain(...)
 41. |                   |   \-domain$wrapSync(expr)
 42. |                   |     \-base::force(expr)
 43. |                   +-shiny:::with_otel_span_context(...)
 44. |                   | \-base::force(expr)
 45. |                   +-shiny::captureStackTraces(...)
 46. |                   | \-promises::with_promise_domain(...)
 47. |                   |   \-domain$wrapSync(expr)
 48. |                   |     \-base::withCallingHandlers(expr, error = doCaptureStack)
 49. |                   \-env$runWith(self, func)
 50. |                     \-shiny (local) contextFunc()
 51. |                       +-base::withCallingHandlers(...)
 52. |                       +-base::withVisible(.func())
 53. |                       \-shiny (local) .func()
 54. |                         +-shiny::..stacktraceon..(`&lt;reactive&gt;`(...))
 55. |                         \-teal.picks (local) `&lt;reactive&gt;`(...)
 56. |                           \-base::lapply(selectors, function(x) shiny::req(x()))
 57. |                             \-teal.picks (local) FUN(X[[i]], ...)
 58. |                               +-shiny::req(x())
 59. |                               | \-shiny:::dotloop(...)
 60. |                               |   +-shiny (local) fun_(eval(as.symbol(paste0("..", i))))
 61. |                               |   | \-shiny::isTruthy(item)
 62. |                               |   \-base::eval(as.symbol(paste0("..", i)))
 63. |                               |     \-base::eval(as.symbol(paste0("..", i)))
 64. |                               \-shiny (local) x()
 65. |                                 +-shiny::..stacktraceoff..(self$.updateValue())
 66. |                                 \-self$.updateValue()
 67. |                                   \-ctx$run(...)
 68. |                                     +-promises::with_promise_domain(...)
 69. |                                     | \-domain$wrapSync(expr)
 70. |                                     +-shiny::withReactiveDomain(...)
 71. |                                     | \-promises::with_promise_domain(...)
 72. |                                     |   \-domain$wrapSync(expr)
 73. |                                     |     \-base::force(expr)
 74. |                                     +-shiny:::with_otel_span_context(...)
 75. |                                     | \-base::force(expr)
 76. |                                     +-shiny::captureStackTraces(...)
 77. |                                     | \-promises::with_promise_domain(...)
 78. |                                     |   \-domain$wrapSync(expr)
 79. |                                     |     \-base::withCallingHandlers(expr, error = doCaptureStack)
 80. |                                     \-env$runWith(self, func)
 81. |                                       \-shiny (local) contextFunc()
 82. |                                         +-base::withCallingHandlers(...)
 83. |                                         +-base::withVisible(.func())
 84. |                                         \-shiny (local) .func()
 85. |                                           +-shiny::..stacktraceon..(`&lt;reactive&gt;`(...))
 86. |                                           \-teal.picks (local) `&lt;reactive&gt;`(...)
 87. |                                             +-teal.picks::picks(...)
 88. |                                             | \-rlang::dots_list(..., .ignore_empty = "trailing")
 89. |                                             \-teal.picks::variables(...)
 90. +-base::.handleSimpleError(...)
 91. | \-shiny (local) h(simpleError(msg, call))
 92. |   \-base::stop(e)
 93. +-shiny (local) `&lt;fn&gt;`(`&lt;smplErrr&gt;`)
 94. | \-base::stop(e)
 95. \-shiny (local) `&lt;fn&gt;`(`&lt;smplErrr&gt;`)</error>
    </testcase>
    <testcase time="0.314" classname="module_merge" name="merge_srv_returns_list_with_data_teal_data_with_anl_and_variables_selected_anl_variables_selected_join_keys_across_multiple_datasets_refers_to_the_same_column_in_anl_c_O.O_">
      <error type="error" message="Error in `is.null(selected) || multiple`: invalid 'y' type in 'x || y' ('test-module_merge.R:695:5')">Error in `is.null(selected) || multiple`: invalid 'y' type in 'x || y'
Backtrace:
     x
  1. +-testthat::expect_equal(...) at test-module_merge.R:695:5
  2. | \-testthat::quasi_label(enquo(object), label)
  3. |   \-rlang::eval_bare(expr, quo_get_env(quo))
  4. +-out$data()
  5. | +-shiny::..stacktraceoff..(self$.updateValue())
  6. | \-self$.updateValue()
  7. |   \-ctx$run(...)
  8. |     +-promises::with_promise_domain(...)
  9. |     | \-domain$wrapSync(expr)
 10. |     +-shiny::withReactiveDomain(...)
 11. |     | \-promises::with_promise_domain(...)
 12. |     |   \-domain$wrapSync(expr)
 13. |     |     \-base::force(expr)
 14. |     +-shiny:::with_otel_span_context(...)
 15. |     | \-base::force(expr)
 16. |     +-shiny::captureStackTraces(...)
 17. |     | \-promises::with_promise_domain(...)
 18. |     |   \-domain$wrapSync(expr)
 19. |     |     \-base::withCallingHandlers(expr, error = doCaptureStack)
 20. |     \-env$runWith(self, func)
 21. |       \-shiny (local) contextFunc()
 22. |         +-base::withCallingHandlers(...)
 23. |         +-base::withVisible(.func())
 24. |         \-shiny (local) .func()
 25. |           +-shiny::..stacktraceon..(`&lt;reactive&gt;`(...))
 26. |           \-teal.picks (local) `&lt;reactive&gt;`(...)
 27. |             +-shiny::req(data(), selectors_unwrapped())
 28. |             | \-shiny:::dotloop(...)
 29. |             |   +-shiny (local) fun_(eval(as.symbol(paste0("..", i))))
 30. |             |   | \-shiny::isTruthy(item)
 31. |             |   \-base::eval(as.symbol(paste0("..", i)))
 32. |             |     \-base::eval(as.symbol(paste0("..", i)))
 33. |             \-shiny (local) selectors_unwrapped()
 34. |               +-shiny::..stacktraceoff..(self$.updateValue())
 35. |               \-self$.updateValue()
 36. |                 \-ctx$run(...)
 37. |                   +-promises::with_promise_domain(...)
 38. |                   | \-domain$wrapSync(expr)
 39. |                   +-shiny::withReactiveDomain(...)
 40. |                   | \-promises::with_promise_domain(...)
 41. |                   |   \-domain$wrapSync(expr)
 42. |                   |     \-base::force(expr)
 43. |                   +-shiny:::with_otel_span_context(...)
 44. |                   | \-base::force(expr)
 45. |                   +-shiny::captureStackTraces(...)
 46. |                   | \-promises::with_promise_domain(...)
 47. |                   |   \-domain$wrapSync(expr)
 48. |                   |     \-base::withCallingHandlers(expr, error = doCaptureStack)
 49. |                   \-env$runWith(self, func)
 50. |                     \-shiny (local) contextFunc()
 51. |                       +-base::withCallingHandlers(...)
 52. |                       +-base::withVisible(.func())
 53. |                       \-shiny (local) .func()
 54. |                         +-shiny::..stacktraceon..(`&lt;reactive&gt;`(...))
 55. |                         \-teal.picks (local) `&lt;reactive&gt;`(...)
 56. |                           \-base::lapply(selectors, function(x) shiny::req(x()))
 57. |                             \-teal.picks (local) FUN(X[[i]], ...)
 58. |                               +-shiny::req(x())
 59. |                               | \-shiny:::dotloop(...)
 60. |                               |   +-shiny (local) fun_(eval(as.symbol(paste0("..", i))))
 61. |                               |   | \-shiny::isTruthy(item)
 62. |                               |   \-base::eval(as.symbol(paste0("..", i)))
 63. |                               |     \-base::eval(as.symbol(paste0("..", i)))
 64. |                               \-shiny (local) x()
 65. |                                 +-shiny::..stacktraceoff..(self$.updateValue())
 66. |                                 \-self$.updateValue()
 67. |                                   \-ctx$run(...)
 68. |                                     +-promises::with_promise_domain(...)
 69. |                                     | \-domain$wrapSync(expr)
 70. |                                     +-shiny::withReactiveDomain(...)
 71. |                                     | \-promises::with_promise_domain(...)
[...]
    </testcase>
    <testcase time="0.0239999999999974" classname="tidyselect_helpers" name="ranged_when_resolved_returns_selected_range_containing_shrinked_range_to_existing_range_values">
      <error type="error" message="Error in `is.null(selected) || multiple`: invalid 'y' type in 'x || y' ('test-tidyselect_helpers.R:65:5')">Error in `is.null(selected) || multiple`: invalid 'y' type in 'x || y'
Backtrace:
    x
 1. +-teal.picks::picks(...) at test-tidyselect_helpers.R:65:5
 2. | \-rlang::dots_list(..., .ignore_empty = "trailing")
 3. \-teal.picks::variables(choices = "a", selected = "a")</error>
    </testcase>
    <testcase time="0.0300000000000011" classname="tidyselect_helpers" name="ranged_when_resolved_fails_when_range_is_outside_any_value">
      <error type="error" message="Error in `is.null(selected) || multiple`: invalid 'y' type in 'x || y' ('test-tidyselect_helpers.R:75:5')">Error in `is.null(selected) || multiple`: invalid 'y' type in 'x || y'
Backtrace:
    x
 1. +-teal.picks::picks(...) at test-tidyselect_helpers.R:75:5
 2. | \-rlang::dots_list(..., .ignore_empty = "trailing")
 3. \-teal.picks::variables(choices = "a", selected = "a")</error>
    </testcase>
    <testcase time="0.0289999999999999" classname="tidyselect_helpers" name="is_categorical_argument_validation_returns_error_with_invalid_min.len"/>
    <testcase time="0.00900000000000034" classname="tidyselect_helpers" name="is_categorical_argument_validation_returns_error_with_invalid_max.len"/>
    <testcase time="0.00900000000000034" classname="tidyselect_helpers" name="is_categorical_argument_validation_both_min.len_and_max.len_rejects_when_min.len_max.len"/>
    <testcase time="0.0100000000000016" classname="tidyselect_helpers" name="is_categorical_returns_a_subsetting_function_works_with_no_args_returns_a_function_accepting_factor_and_character_columns"/>
    <testcase time="0.00300000000000011" classname="tidyselect_helpers" name="is_categorical_returns_a_subsetting_function_works_with_no_args_returns_a_function_accepting_factor_and_character_columns"/>
    <testcase time="0.00299999999999656" classname="tidyselect_helpers" name="is_categorical_returns_a_subsetting_function_works_with_no_args_returns_a_function_accepting_factor_and_character_columns"/>
    <testcase time="0.00300000000000011" classname="tidyselect_helpers" name="is_categorical_returns_a_subsetting_function_works_with_no_args_returns_a_function_accepting_factor_and_character_columns"/>
    <testcase time="0.00300000000000011" classname="tidyselect_helpers" name="is_categorical_returns_a_subsetting_function_works_with_no_args_returns_a_function_accepting_factor_and_character_columns"/>
    <testcase time="0.00600000000000023" classname="tidyselect_helpers" name="is_categorical_returns_a_subsetting_function_works_with_only_min.len_keeps_columns_with_at_least_min.len_unique_values"/>
    <testcase time="0.00300000000000011" classname="tidyselect_helpers" name="is_categorical_returns_a_subsetting_function_works_with_only_min.len_keeps_columns_with_at_least_min.len_unique_values"/>
    <testcase time="0.00600000000000023" classname="tidyselect_helpers" name="is_categorical_returns_a_subsetting_function_works_with_only_max.len_keeps_columns_with_at_most_max.len_unique_values"/>
    <testcase time="0.00300000000000011" classname="tidyselect_helpers" name="is_categorical_returns_a_subsetting_function_works_with_only_max.len_keeps_columns_with_at_most_max.len_unique_values"/>
    <testcase time="0.00700000000000145" classname="tidyselect_helpers" name="is_categorical_returns_a_subsetting_function_both_min.len_and_max.len_keeps_columns_within_the_unique_value_range"/>
    <testcase time="0.00300000000000011" classname="tidyselect_helpers" name="is_categorical_returns_a_subsetting_function_both_min.len_and_max.len_keeps_columns_within_the_unique_value_range"/>
    <testcase time="0.00300000000000011" classname="tidyselect_helpers" name="is_categorical_returns_a_subsetting_function_both_min.len_and_max.len_keeps_columns_within_the_unique_value_range"/>
    <testcase time="0.00900000000000034" classname="tidyselect_helpers" name="is_categorical_returns_a_subsetting_function_resolves_correct_variable_columns_when_used_inside_picks"/>
  </testsuite>
  <testsuite name="tm_merge" timestamp="2026-08-28T16:58:56Z" hostname="3dd90ee14564" tests="19" skipped="0" failures="0" errors="19" time="0.898">
    <testcase time="0.0199999999999996" classname="tm_merge" name="tm_merge_returns_a_teal_module">
      <error type="error" message="Error in `is.null(selected) || multiple`: invalid 'y' type in 'x || y' ('test-tm_merge.R:16:5')">Error in `is.null(selected) || multiple`: invalid 'y' type in 'x || y'
Backtrace:
     x
  1. +-teal.picks::tm_merge(picks = make_test_picks()) at test-tm_merge.R:16:5
  2. | \-teal::module(...)
  3. |   \-checkmate::assert_list(server_args, null.ok = TRUE, names = "named")
  4. |     \-checkmate::checkList(...)
  5. |       \-... %and% checkListTypes(x, types)
  6. |         \-base::isTRUE(lhs)
  7. \-teal.picks (local) make_test_picks()
  8.   +-teal.picks::picks(...) at test-tm_merge.R:2:3
  9.   | \-rlang::dots_list(..., .ignore_empty = "trailing")
 10.   \-teal.picks::variables(choices = "Sepal.Length", selected = "Sepal.Length")</error>
    </testcase>
    <testcase time="0.0659999999999989" classname="tm_merge" name="tm_merge_returns_a_module_with_the_default_label">
      <error type="error" message="Error in `is.null(selected) || multiple`: invalid 'y' type in 'x || y' ('test-tm_merge.R:21:5')">Error in `is.null(selected) || multiple`: invalid 'y' type in 'x || y'
Backtrace:
     x
  1. +-teal.picks::tm_merge(picks = make_test_picks()) at test-tm_merge.R:21:5
  2. | \-teal::module(...)
  3. |   \-checkmate::assert_list(server_args, null.ok = TRUE, names = "named")
  4. |     \-checkmate::checkList(...)
  5. |       \-... %and% checkListTypes(x, types)
  6. |         \-base::isTRUE(lhs)
  7. \-teal.picks (local) make_test_picks()
  8.   +-teal.picks::picks(...) at test-tm_merge.R:2:3
  9.   | \-rlang::dots_list(..., .ignore_empty = "trailing")
 10.   \-teal.picks::variables(choices = "Sepal.Length", selected = "Sepal.Length")</error>
    </testcase>
    <testcase time="0.0609999999999999" classname="tm_merge" name="tm_merge_returns_a_module_with_a_custom_label">
      <error type="error" message="Error in `is.null(selected) || multiple`: invalid 'y' type in 'x || y' ('test-tm_merge.R:26:5')">Error in `is.null(selected) || multiple`: invalid 'y' type in 'x || y'
Backtrace:
     x
  1. +-teal.picks::tm_merge(label = "my-merge", picks = make_test_picks()) at test-tm_merge.R:26:5
  2. | \-teal::module(...)
  3. |   \-checkmate::assert_list(server_args, null.ok = TRUE, names = "named")
  4. |     \-checkmate::checkList(...)
  5. |       \-... %and% checkListTypes(x, types)
  6. |         \-base::isTRUE(lhs)
  7. \-teal.picks (local) make_test_picks()
  8.   +-teal.picks::picks(...) at test-tm_merge.R:2:3
  9.   | \-rlang::dots_list(..., .ignore_empty = "trailing")
 10.   \-teal.picks::variables(choices = "Sepal.Length", selected = "Sepal.Length")</error>
    </testcase>
    <testcase time="0.0599999999999987" classname="tm_merge" name="tm_merge_returns_a_module_with_picks_passed_to_ui_args">
      <error type="error" message="Error in `is.null(selected) || multiple`: invalid 'y' type in 'x || y' ('test-tm_merge.R:31:5')">Error in `is.null(selected) || multiple`: invalid 'y' type in 'x || y'
Backtrace:
    x
 1. \-teal.picks (local) make_test_picks() at test-tm_merge.R:31:5
 2.   +-teal.picks::picks(...) at test-tm_merge.R:2:3
 3.   | \-rlang::dots_list(..., .ignore_empty = "trailing")
 4.   \-teal.picks::variables(choices = "Sepal.Length", selected = "Sepal.Length")</error>
    </testcase>
    <testcase time="0.0330000000000013" classname="tm_merge" name="tm_merge_returns_a_module_with_picks_passed_to_server_args">
      <error type="error" message="Error in `is.null(selected) || multiple`: invalid 'y' type in 'x || y' ('test-tm_merge.R:37:5')">Error in `is.null(selected) || multiple`: invalid 'y' type in 'x || y'
Backtrace:
    x
 1. \-teal.picks (local) make_test_picks() at test-tm_merge.R:37:5
 2.   +-teal.picks::picks(...) at test-tm_merge.R:2:3
 3.   | \-rlang::dots_list(..., .ignore_empty = "trailing")
 4.   \-teal.picks::variables(choices = "Sepal.Length", selected = "Sepal.Length")</error>
    </testcase>
    <testcase time="0.0259999999999998" classname="tm_merge" name="tm_merge_returns_a_module_with_empty_transformators_by_default">
      <error type="error" message="Error in `is.null(selected) || multiple`: invalid 'y' type in 'x || y' ('test-tm_merge.R:43:5')">Error in `is.null(selected) || multiple`: invalid 'y' type in 'x || y'
Backtrace:
     x
  1. +-teal.picks::tm_merge(picks = make_test_picks()) at test-tm_merge.R:43:5
  2. | \-teal::module(...)
  3. |   \-checkmate::assert_list(server_args, null.ok = TRUE, names = "named")
  4. |     \-checkmate::checkList(...)
  5. |       \-... %and% checkListTypes(x, types)
  6. |         \-base::isTRUE(lhs)
  7. \-teal.picks (local) make_test_picks()
  8.   +-teal.picks::picks(...) at test-tm_merge.R:2:3
  9.   | \-rlang::dots_list(..., .ignore_empty = "trailing")
 10.   \-teal.picks::variables(choices = "Sepal.Length", selected = "Sepal.Length")</error>
    </testcase>
    <testcase time="0.0609999999999999" classname="tm_merge" name="tm_merge_returns_a_module_with_custom_transformators_when_provided">
      <error type="error" message="Error in `is.null(selected) || multiple`: invalid 'y' type in 'x || y' ('test-tm_merge.R:55:5')">Error in `is.null(selected) || multiple`: invalid 'y' type in 'x || y'
Backtrace:
     x
  1. +-teal.picks::tm_merge(picks = make_test_picks(), transformators = dummy_transformator) at test-tm_merge.R:55:5
  2. | \-teal::module(...)
  3. |   \-checkmate::assert_list(server_args, null.ok = TRUE, names = "named")
  4. |     \-checkmate::checkList(...)
  5. |       \-... %and% checkListTypes(x, types)
  6. |         \-base::isTRUE(lhs)
  7. \-teal.picks (local) make_test_picks()
  8.   +-teal.picks::picks(...) at test-tm_merge.R:2:3
  9.   | \-rlang::dots_list(..., .ignore_empty = "trailing")
 10.   \-teal.picks::variables(choices = "Sepal.Length", selected = "Sepal.Length")</error>
    </testcase>
    <testcase time="0.0689999999999991" classname="tm_merge" name="tm_merge_server_initializes_without_error">
      <error type="error" message="Error in `is.null(selected) || multiple`: invalid 'y' type in 'x || y' ('test-tm_merge.R:69:5')">Error in `is.null(selected) || multiple`: invalid 'y' type in 'x || y'
Backtrace:
    x
 1. \-teal.picks (local) make_test_picks() at test-tm_merge.R:69:5
 2.   +-teal.picks::picks(...) at test-tm_merge.R:2:3
 3.   | \-rlang::dots_list(..., .ignore_empty = "trailing")
 4.   \-teal.picks::variables(choices = "Sepal.Length", selected = "Sepal.Length")</error>
    </testcase>
    <testcase time="0.027000000000001" classname="tm_merge" name="tm_merge_server_output_mapped_renders_YAML_containing_the_selected_variable_names">
      <error type="error" message="Error in `is.null(selected) || multiple`: invalid 'y' type in 'x || y' ('test-tm_merge.R:81:5')">Error in `is.null(selected) || multiple`: invalid 'y' type in 'x || y'
Backtrace:
    x
 1. \-teal.picks (local) make_test_picks() at test-tm_merge.R:81:5
 2.   +-teal.picks::picks(...) at test-tm_merge.R:2:3
 3.   | \-rlang::dots_list(..., .ignore_empty = "trailing")
 4.   \-teal.picks::variables(choices = "Sepal.Length", selected = "Sepal.Length")</error>
    </testcase>
    <testcase time="0.0259999999999998" classname="tm_merge" name="tm_merge_server_output_src_contains_the_selected_variable_name">
      <error type="error" message="Error in `is.null(selected) || multiple`: invalid 'y' type in 'x || y' ('test-tm_merge.R:93:5')">Error in `is.null(selected) || multiple`: invalid 'y' type in 'x || y'
Backtrace:
    x
 1. \-teal.picks (local) make_test_picks() at test-tm_merge.R:93:5
 2.   +-teal.picks::picks(...) at test-tm_merge.R:2:3
 3.   | \-rlang::dots_list(..., .ignore_empty = "trailing")
 4.   \-teal.picks::variables(choices = "Sepal.Length", selected = "Sepal.Length")</error>
    </testcase>
    <testcase time="0.0259999999999998" classname="tm_merge" name="tm_merge_server_output_table_merged_renders_an_HTML_table_containing_selected_variables">
      <error type="error" message="Error in `is.null(selected) || multiple`: invalid 'y' type in 'x || y' ('test-tm_merge.R:107:5')">Error in `is.null(selected) || multiple`: invalid 'y' type in 'x || y'
Backtrace:
    x
 1. \-teal.picks (local) make_test_picks() at test-tm_merge.R:107:5
 2.   +-teal.picks::picks(...) at test-tm_merge.R:2:3
 3.   | \-rlang::dots_list(..., .ignore_empty = "trailing")
 4.   \-teal.picks::variables(choices = "Sepal.Length", selected = "Sepal.Length")</error>
    </testcase>
    <testcase time="0.0850000000000009" classname="tm_merge" name="tm_merge_server_server_handles_multiple_picks_from_separate_datasets_with_join_keys">
      <error type="error" message="Error in `is.null(selected) || multiple`: invalid 'y' type in 'x || y' ('test-tm_merge.R:129:5')">Error in `is.null(selected) || multiple`: invalid 'y' type in 'x || y'
Backtrace:
    x
 1. +-teal.picks::picks(...) at test-tm_merge.R:129:5
 2. | \-rlang::dots_list(..., .ignore_empty = "trailing")
 3. \-teal.picks::variables("age", "age")</error>
    </testcase>
    <testcase time="0.0289999999999999" classname="tm_merge" name="tm_merge_ui_returns_a_shiny_tag">
      <error type="error" message="Error in `is.null(selected) || multiple`: invalid 'y' type in 'x || y' ('test-tm_merge.R:152:5')">Error in `is.null(selected) || multiple`: invalid 'y' type in 'x || y'
Backtrace:
     x
  1. +-teal.picks (local) call_ui(tm_merge(picks = make_test_picks())) at test-tm_merge.R:152:5
  2. | \-base::do.call(module$ui, c(list(id = id), module$ui_args)) at test-tm_merge.R:11:3
  3. +-teal.picks::tm_merge(picks = make_test_picks())
  4. | \-teal::module(...)
  5. |   \-checkmate::assert_list(server_args, null.ok = TRUE, names = "named")
  6. |     \-checkmate::checkList(...)
  7. |       \-... %and% checkListTypes(x, types)
  8. |         \-base::isTRUE(lhs)
  9. \-teal.picks (local) make_test_picks()
 10.   +-teal.picks::picks(...) at test-tm_merge.R:2:3
 11.   | \-rlang::dots_list(..., .ignore_empty = "trailing")
 12.   \-teal.picks::variables(choices = "Sepal.Length", selected = "Sepal.Length")</error>
    </testcase>
    <testcase time="0.0609999999999999" classname="tm_merge" name="tm_merge_ui_renders_one_panel_per_pick">
      <error type="error" message="Error in `is.null(selected) || multiple`: invalid 'y' type in 'x || y' ('test-tm_merge.R:157:5')">Error in `is.null(selected) || multiple`: invalid 'y' type in 'x || y'
Backtrace:
    x
 1. +-teal.picks::picks(...) at test-tm_merge.R:157:5
 2. | \-rlang::dots_list(..., .ignore_empty = "trailing")
 3. \-teal.picks::variables("Sepal.Length", "Sepal.Length")</error>
    </testcase>
    <testcase time="0.0249999999999986" classname="tm_merge" name="tm_merge_ui_labels_each_panel_with_the_pick_name">
      <error type="error" message="Error in `is.null(selected) || multiple`: invalid 'y' type in 'x || y' ('test-tm_merge.R:173:5')">Error in `is.null(selected) || multiple`: invalid 'y' type in 'x || y'
Backtrace:
    x
 1. +-teal.picks::picks(...) at test-tm_merge.R:173:5
 2. | \-rlang::dots_list(..., .ignore_empty = "trailing")
 3. \-teal.picks::variables("Sepal.Length", "Sepal.Length")</error>
    </testcase>
    <testcase time="0.0300000000000011" classname="tm_merge" name="tm_merge_ui_includes_the_join_keys_output_element">
      <error type="error" message="Error in `is.null(selected) || multiple`: invalid 'y' type in 'x || y' ('test-tm_merge.R:191:5')">Error in `is.null(selected) || multiple`: invalid 'y' type in 'x || y'
Backtrace:
     x
  1. +-teal.picks (local) call_ui(tm_merge(picks = make_test_picks())) at test-tm_merge.R:191:5
  2. | \-base::do.call(module$ui, c(list(id = id), module$ui_args)) at test-tm_merge.R:11:3
  3. +-teal.picks::tm_merge(picks = make_test_picks())
  4. | \-teal::module(...)
  5. |   \-checkmate::assert_list(server_args, null.ok = TRUE, names = "named")
  6. |     \-checkmate::checkList(...)
  7. |       \-... %and% checkListTypes(x, types)
  8. |         \-base::isTRUE(lhs)
  9. \-teal.picks (local) make_test_picks()
 10.   +-teal.picks::picks(...) at test-tm_merge.R:2:3
 11.   | \-rlang::dots_list(..., .ignore_empty = "trailing")
 12.   \-teal.picks::variables(choices = "Sepal.Length", selected = "Sepal.Length")</error>
    </testcase>
    <testcase time="0.0629999999999988" classname="tm_merge" name="tm_merge_ui_includes_the_mapped_output_element">
      <error type="error" message="Error in `is.null(selected) || multiple`: invalid 'y' type in 'x || y' ('test-tm_merge.R:197:5')">Error in `is.null(selected) || multiple`: invalid 'y' type in 'x || y'
Backtrace:
     x
  1. +-teal.picks (local) call_ui(tm_merge(picks = make_test_picks())) at test-tm_merge.R:197:5
  2. | \-base::do.call(module$ui, c(list(id = id), module$ui_args)) at test-tm_merge.R:11:3
  3. +-teal.picks::tm_merge(picks = make_test_picks())
  4. | \-teal::module(...)
  5. |   \-checkmate::assert_list(server_args, null.ok = TRUE, names = "named")
  6. |     \-checkmate::checkList(...)
  7. |       \-... %and% checkListTypes(x, types)
  8. |         \-base::isTRUE(lhs)
  9. \-teal.picks (local) make_test_picks()
 10.   +-teal.picks::picks(...) at test-tm_merge.R:2:3
 11.   | \-rlang::dots_list(..., .ignore_empty = "trailing")
 12.   \-teal.picks::variables(choices = "Sepal.Length", selected = "Sepal.Length")</error>
    </testcase>
    <testcase time="0.0609999999999999" classname="tm_merge" name="tm_merge_ui_includes_the_src_output_element">
      <error type="error" message="Error in `is.null(selected) || multiple`: invalid 'y' type in 'x || y' ('test-tm_merge.R:203:5')">Error in `is.null(selected) || multiple`: invalid 'y' type in 'x || y'
Backtrace:
     x
  1. +-teal.picks (local) call_ui(tm_merge(picks = make_test_picks())) at test-tm_merge.R:203:5
  2. | \-base::do.call(module$ui, c(list(id = id), module$ui_args)) at test-tm_merge.R:11:3
  3. +-teal.picks::tm_merge(picks = make_test_picks())
  4. | \-teal::module(...)
  5. |   \-checkmate::assert_list(server_args, null.ok = TRUE, names = "named")
  6. |     \-checkmate::checkList(...)
  7. |       \-... %and% checkListTypes(x, types)
  8. |         \-base::isTRUE(lhs)
  9. \-teal.picks (local) make_test_picks()
 10.   +-teal.picks::picks(...) at test-tm_merge.R:2:3
 11.   | \-rlang::dots_list(..., .ignore_empty = "trailing")
 12.   \-teal.picks::variables(choices = "Sepal.Length", selected = "Sepal.Length")</error>
    </testcase>
    <testcase time="0.0690000000000026" classname="tm_merge" name="tm_merge_ui_includes_the_table_merged_output_element">
      <error type="error" message="Error in `is.null(selected) || multiple`: invalid 'y' type in 'x || y' ('test-tm_merge.R:209:5')">Error in `is.null(selected) || multiple`: invalid 'y' type in 'x || y'
Backtrace:
     x
  1. +-teal.picks (local) call_ui(tm_merge(picks = make_test_picks())) at test-tm_merge.R:209:5
  2. | \-base::do.call(module$ui, c(list(id = id), module$ui_args)) at test-tm_merge.R:11:3
  3. +-teal.picks::tm_merge(picks = make_test_picks())
  4. | \-teal::module(...)
  5. |   \-checkmate::assert_list(server_args, null.ok = TRUE, names = "named")
  6. |     \-checkmate::checkList(...)
  7. |       \-... %and% checkListTypes(x, types)
  8. |         \-base::isTRUE(lhs)
  9. \-teal.picks (local) make_test_picks()
 10.   +-teal.picks::picks(...) at test-tm_merge.R:2:3
 11.   | \-rlang::dots_list(..., .ignore_empty = "trailing")
 12.   \-teal.picks::variables(choices = "Sepal.Length", selected = "Sepal.Length")</error>
    </testcase>
  </testsuite>
</testsuites>
