<?xml version="1.0" encoding="UTF-8"?>
<!DOCTYPE coverage SYSTEM "https://raw.githubusercontent.com/cobertura/cobertura/master/cobertura/src/site/htdocs/xml/coverage-04.dtd">
<coverage line-rate="0.794385964912281" branch-rate="0" lines-covered="1132" lines-valid="1425" branches-covered="0" branches-valid="0" complexity="0" version="3.6.5" timestamp="2026-04-24 08:54:57.601673">
  <sources>
    <source>/__w/teal.picks/teal.picks/teal.picks</source>
  </sources>
  <packages>
    <package name="teal.picks" line-rate="0.794385964912281" branch-rate="0" complexity="0">
      <classes>
        <class name="0-as_picks.R" filename="R/0-as_picks.R" line-rate="0.435714285714286" branch-rate="0" complexity="0">
          <methods>
            <method name="as.picks" signature="" line-rate="0.896551724137931" branch-rate="0" complexity="0">
              <lines>
                <line number="61" hits="25" branch="false"/>
                <line number="62" hits="25" branch="false"/>
                <line number="63" hits="0" branch="false"/>
                <line number="64" hits="25" branch="false"/>
                <line number="65" hits="3" branch="false"/>
                <line number="66" hits="22" branch="false"/>
                <line number="67" hits="4" branch="false"/>
                <line number="68" hits="4" branch="false"/>
                <line number="69" hits="4" branch="false"/>
                <line number="70" hits="4" branch="false"/>
                <line number="71" hits="4" branch="false"/>
                <line number="72" hits="4" branch="false"/>
                <line number="73" hits="4" branch="false"/>
                <line number="74" hits="4" branch="false"/>
                <line number="75" hits="4" branch="false"/>
                <line number="76" hits="18" branch="false"/>
                <line number="77" hits="6" branch="false"/>
                <line number="78" hits="12" branch="false"/>
                <line number="79" hits="2" branch="false"/>
                <line number="80" hits="10" branch="false"/>
                <line number="86" hits="1" branch="false"/>
                <line number="87" hits="1" branch="false"/>
                <line number="88" hits="1" branch="false"/>
                <line number="89" hits="1" branch="false"/>
                <line number="91" hits="1" branch="false"/>
                <line number="92" hits="9" branch="false"/>
                <line number="93" hits="0" branch="false"/>
                <line number="94" hits="0" branch="false"/>
                <line number="96" hits="9" branch="false"/>
              </lines>
            </method>
            <method name="teal_transform_filter" signature="" line-rate="0" branch-rate="0" complexity="0">
              <lines>
                <line number="128" hits="0" branch="false"/>
                <line number="129" hits="0" branch="false"/>
                <line number="130" hits="0" branch="false"/>
                <line number="132" hits="0" branch="false"/>
                <line number="133" hits="0" branch="false"/>
                <line number="134" hits="0" branch="false"/>
                <line number="135" hits="0" branch="false"/>
                <line number="136" hits="0" branch="false"/>
                <line number="137" hits="0" branch="false"/>
                <line number="138" hits="0" branch="false"/>
                <line number="139" hits="0" branch="false"/>
                <line number="140" hits="0" branch="false"/>
                <line number="141" hits="0" branch="false"/>
                <line number="142" hits="0" branch="false"/>
                <line number="143" hits="0" branch="false"/>
                <line number="144" hits="0" branch="false"/>
                <line number="145" hits="0" branch="false"/>
                <line number="146" hits="0" branch="false"/>
                <line number="147" hits="0" branch="false"/>
                <line number="148" hits="0" branch="false"/>
                <line number="149" hits="0" branch="false"/>
                <line number="150" hits="0" branch="false"/>
                <line number="151" hits="0" branch="false"/>
                <line number="152" hits="0" branch="false"/>
                <line number="153" hits="0" branch="false"/>
              </lines>
            </method>
            <method name=".as.picks.filter" signature="" line-rate="0" branch-rate="0" complexity="0">
              <lines>
                <line number="158" hits="0" branch="false"/>
                <line number="159" hits="0" branch="false"/>
                <line number="160" hits="0" branch="false"/>
                <line number="161" hits="0" branch="false"/>
                <line number="162" hits="0" branch="false"/>
                <line number="163" hits="0" branch="false"/>
                <line number="164" hits="0" branch="false"/>
                <line number="166" hits="0" branch="false"/>
                <line number="167" hits="0" branch="false"/>
                <line number="168" hits="0" branch="false"/>
                <line number="169" hits="0" branch="false"/>
                <line number="170" hits="0" branch="false"/>
                <line number="171" hits="0" branch="false"/>
                <line number="173" hits="0" branch="false"/>
                <line number="174" hits="0" branch="false"/>
                <line number="175" hits="0" branch="false"/>
                <line number="176" hits="0" branch="false"/>
                <line number="177" hits="0" branch="false"/>
                <line number="178" hits="0" branch="false"/>
                <line number="179" hits="0" branch="false"/>
                <line number="180" hits="0" branch="false"/>
                <line number="181" hits="0" branch="false"/>
                <line number="182" hits="0" branch="false"/>
                <line number="183" hits="0" branch="false"/>
                <line number="184" hits="0" branch="false"/>
                <line number="185" hits="0" branch="false"/>
                <line number="186" hits="0" branch="false"/>
              </lines>
            </method>
            <method name=".make_filter_call" signature="" line-rate="0" branch-rate="0" complexity="0">
              <lines>
                <line number="191" hits="0" branch="false"/>
                <line number="192" hits="0" branch="false"/>
                <line number="193" hits="0" branch="false"/>
                <line number="194" hits="0" branch="false"/>
                <line number="195" hits="0" branch="false"/>
                <line number="196" hits="0" branch="false"/>
                <line number="197" hits="0" branch="false"/>
                <line number="198" hits="0" branch="false"/>
                <line number="199" hits="0" branch="false"/>
                <line number="200" hits="0" branch="false"/>
                <line number="201" hits="0" branch="false"/>
                <line number="202" hits="0" branch="false"/>
                <line number="203" hits="0" branch="false"/>
                <line number="204" hits="0" branch="false"/>
                <line number="205" hits="0" branch="false"/>
                <line number="206" hits="0" branch="false"/>
                <line number="207" hits="0" branch="false"/>
                <line number="208" hits="0" branch="false"/>
                <line number="209" hits="0" branch="false"/>
                <line number="210" hits="0" branch="false"/>
                <line number="211" hits="0" branch="false"/>
              </lines>
            </method>
            <method name=".select_spec_to_variables" signature="" line-rate="0.914285714285714" branch-rate="0" complexity="0">
              <lines>
                <line number="215" hits="8" branch="false"/>
                <line number="216" hits="8" branch="false"/>
                <line number="217" hits="8" branch="false"/>
                <line number="218" hits="3" branch="false"/>
                <line number="219" hits="3" branch="false"/>
                <line number="220" hits="1" branch="false"/>
                <line number="221" hits="8" branch="false"/>
                <line number="222" hits="2" branch="false"/>
                <line number="223" hits="2" branch="false"/>
                <line number="224" hits="8" branch="false"/>
                <line number="225" hits="8" branch="false"/>
                <line number="226" hits="5" branch="false"/>
                <line number="227" hits="8" branch="false"/>
                <line number="228" hits="8" branch="false"/>
                <line number="229" hits="0" branch="false"/>
                <line number="230" hits="0" branch="false"/>
                <line number="231" hits="0" branch="false"/>
                <line number="232" hits="8" branch="false"/>
                <line number="233" hits="3" branch="false"/>
                <line number="234" hits="3" branch="false"/>
                <line number="235" hits="1" branch="false"/>
                <line number="236" hits="8" branch="false"/>
                <line number="237" hits="2" branch="false"/>
                <line number="238" hits="2" branch="false"/>
                <line number="239" hits="8" branch="false"/>
                <line number="240" hits="8" branch="false"/>
                <line number="241" hits="5" branch="false"/>
                <line number="242" hits="8" branch="false"/>
                <line number="243" hits="8" branch="false"/>
                <line number="244" hits="8" branch="false"/>
                <line number="245" hits="8" branch="false"/>
                <line number="246" hits="8" branch="false"/>
                <line number="247" hits="8" branch="false"/>
                <line number="248" hits="2" branch="false"/>
                <line number="250" hits="8" branch="false"/>
              </lines>
            </method>
            <method name=".choices_selected_to_variables" signature="" line-rate="1" branch-rate="0" complexity="0">
              <lines>
                <line number="255" hits="2" branch="false"/>
                <line number="256" hits="1" branch="false"/>
                <line number="257" hits="2" branch="false"/>
              </lines>
            </method>
          </methods>
          <lines>
            <line number="61" hits="25" branch="false"/>
            <line number="62" hits="25" branch="false"/>
            <line number="63" hits="0" branch="false"/>
            <line number="64" hits="25" branch="false"/>
            <line number="65" hits="3" branch="false"/>
            <line number="66" hits="22" branch="false"/>
            <line number="67" hits="4" branch="false"/>
            <line number="68" hits="4" branch="false"/>
            <line number="69" hits="4" branch="false"/>
            <line number="70" hits="4" branch="false"/>
            <line number="71" hits="4" branch="false"/>
            <line number="72" hits="4" branch="false"/>
            <line number="73" hits="4" branch="false"/>
            <line number="74" hits="4" branch="false"/>
            <line number="75" hits="4" branch="false"/>
            <line number="76" hits="18" branch="false"/>
            <line number="77" hits="6" branch="false"/>
            <line number="78" hits="12" branch="false"/>
            <line number="79" hits="2" branch="false"/>
            <line number="80" hits="10" branch="false"/>
            <line number="86" hits="1" branch="false"/>
            <line number="87" hits="1" branch="false"/>
            <line number="88" hits="1" branch="false"/>
            <line number="89" hits="1" branch="false"/>
            <line number="91" hits="1" branch="false"/>
            <line number="92" hits="9" branch="false"/>
            <line number="93" hits="0" branch="false"/>
            <line number="94" hits="0" branch="false"/>
            <line number="96" hits="9" branch="false"/>
            <line number="128" hits="0" branch="false"/>
            <line number="129" hits="0" branch="false"/>
            <line number="130" hits="0" branch="false"/>
            <line number="132" hits="0" branch="false"/>
            <line number="133" hits="0" branch="false"/>
            <line number="134" hits="0" branch="false"/>
            <line number="135" hits="0" branch="false"/>
            <line number="136" hits="0" branch="false"/>
            <line number="137" hits="0" branch="false"/>
            <line number="138" hits="0" branch="false"/>
            <line number="139" hits="0" branch="false"/>
            <line number="140" hits="0" branch="false"/>
            <line number="141" hits="0" branch="false"/>
            <line number="142" hits="0" branch="false"/>
            <line number="143" hits="0" branch="false"/>
            <line number="144" hits="0" branch="false"/>
            <line number="145" hits="0" branch="false"/>
            <line number="146" hits="0" branch="false"/>
            <line number="147" hits="0" branch="false"/>
            <line number="148" hits="0" branch="false"/>
            <line number="149" hits="0" branch="false"/>
            <line number="150" hits="0" branch="false"/>
            <line number="151" hits="0" branch="false"/>
            <line number="152" hits="0" branch="false"/>
            <line number="153" hits="0" branch="false"/>
            <line number="158" hits="0" branch="false"/>
            <line number="159" hits="0" branch="false"/>
            <line number="160" hits="0" branch="false"/>
            <line number="161" hits="0" branch="false"/>
            <line number="162" hits="0" branch="false"/>
            <line number="163" hits="0" branch="false"/>
            <line number="164" hits="0" branch="false"/>
            <line number="166" hits="0" branch="false"/>
            <line number="167" hits="0" branch="false"/>
            <line number="168" hits="0" branch="false"/>
            <line number="169" hits="0" branch="false"/>
            <line number="170" hits="0" branch="false"/>
            <line number="171" hits="0" branch="false"/>
            <line number="173" hits="0" branch="false"/>
            <line number="174" hits="0" branch="false"/>
            <line number="175" hits="0" branch="false"/>
            <line number="176" hits="0" branch="false"/>
            <line number="177" hits="0" branch="false"/>
            <line number="178" hits="0" branch="false"/>
            <line number="179" hits="0" branch="false"/>
            <line number="180" hits="0" branch="false"/>
            <line number="181" hits="0" branch="false"/>
            <line number="182" hits="0" branch="false"/>
            <line number="183" hits="0" branch="false"/>
            <line number="184" hits="0" branch="false"/>
            <line number="185" hits="0" branch="false"/>
            <line number="186" hits="0" branch="false"/>
            <line number="191" hits="0" branch="false"/>
            <line number="192" hits="0" branch="false"/>
            <line number="193" hits="0" branch="false"/>
            <line number="194" hits="0" branch="false"/>
            <line number="195" hits="0" branch="false"/>
            <line number="196" hits="0" branch="false"/>
            <line number="197" hits="0" branch="false"/>
            <line number="198" hits="0" branch="false"/>
            <line number="199" hits="0" branch="false"/>
            <line number="200" hits="0" branch="false"/>
            <line number="201" hits="0" branch="false"/>
            <line number="202" hits="0" branch="false"/>
            <line number="203" hits="0" branch="false"/>
            <line number="204" hits="0" branch="false"/>
            <line number="205" hits="0" branch="false"/>
            <line number="206" hits="0" branch="false"/>
            <line number="207" hits="0" branch="false"/>
            <line number="208" hits="0" branch="false"/>
            <line number="209" hits="0" branch="false"/>
            <line number="210" hits="0" branch="false"/>
            <line number="211" hits="0" branch="false"/>
            <line number="215" hits="8" branch="false"/>
            <line number="216" hits="8" branch="false"/>
            <line number="217" hits="8" branch="false"/>
            <line number="218" hits="3" branch="false"/>
            <line number="219" hits="3" branch="false"/>
            <line number="220" hits="1" branch="false"/>
            <line number="221" hits="8" branch="false"/>
            <line number="222" hits="2" branch="false"/>
            <line number="223" hits="2" branch="false"/>
            <line number="224" hits="8" branch="false"/>
            <line number="225" hits="8" branch="false"/>
            <line number="226" hits="5" branch="false"/>
            <line number="227" hits="8" branch="false"/>
            <line number="228" hits="8" branch="false"/>
            <line number="229" hits="0" branch="false"/>
            <line number="230" hits="0" branch="false"/>
            <line number="231" hits="0" branch="false"/>
            <line number="232" hits="8" branch="false"/>
            <line number="233" hits="3" branch="false"/>
            <line number="234" hits="3" branch="false"/>
            <line number="235" hits="1" branch="false"/>
            <line number="236" hits="8" branch="false"/>
            <line number="237" hits="2" branch="false"/>
            <line number="238" hits="2" branch="false"/>
            <line number="239" hits="8" branch="false"/>
            <line number="240" hits="8" branch="false"/>
            <line number="241" hits="5" branch="false"/>
            <line number="242" hits="8" branch="false"/>
            <line number="243" hits="8" branch="false"/>
            <line number="244" hits="8" branch="false"/>
            <line number="245" hits="8" branch="false"/>
            <line number="246" hits="8" branch="false"/>
            <line number="247" hits="8" branch="false"/>
            <line number="248" hits="2" branch="false"/>
            <line number="250" hits="8" branch="false"/>
            <line number="255" hits="2" branch="false"/>
            <line number="256" hits="1" branch="false"/>
            <line number="257" hits="2" branch="false"/>
          </lines>
        </class>
        <class name="0-call_utils.R" filename="R/0-call_utils.R" line-rate="0.775510204081633" branch-rate="0" complexity="0">
          <methods>
            <method name="call_check_parse_varname" signature="" line-rate="0.625" branch-rate="0" complexity="0">
              <lines>
                <line number="13" hits="10" branch="false"/>
                <line number="14" hits="10" branch="false"/>
                <line number="15" hits="10" branch="false"/>
                <line number="16" hits="10" branch="false"/>
                <line number="17" hits="10" branch="false"/>
                <line number="18" hits="10" branch="false"/>
                <line number="19" hits="9" branch="false"/>
                <line number="20" hits="9" branch="false"/>
                <line number="21" hits="9" branch="false"/>
                <line number="23" hits="0" branch="false"/>
                <line number="24" hits="0" branch="false"/>
                <line number="25" hits="0" branch="false"/>
                <line number="26" hits="0" branch="false"/>
                <line number="27" hits="0" branch="false"/>
                <line number="28" hits="0" branch="false"/>
                <line number="31" hits="10" branch="false"/>
              </lines>
            </method>
            <method name="call_condition_choice" signature="" line-rate="0.928571428571429" branch-rate="0" complexity="0">
              <lines>
                <line number="62" hits="6" branch="false"/>
                <line number="64" hits="6" branch="false"/>
                <line number="65" hits="0" branch="false"/>
                <line number="66" hits="6" branch="false"/>
                <line number="67" hits="1" branch="false"/>
                <line number="68" hits="5" branch="false"/>
                <line number="69" hits="1" branch="false"/>
                <line number="73" hits="6" branch="false"/>
                <line number="74" hits="2" branch="false"/>
                <line number="76" hits="4" branch="false"/>
                <line number="77" hits="4" branch="false"/>
                <line number="78" hits="4" branch="false"/>
                <line number="79" hits="4" branch="false"/>
                <line number="83" hits="4" branch="false"/>
              </lines>
            </method>
            <method name="call_condition_range" signature="" line-rate="1" branch-rate="0" complexity="0">
              <lines>
                <line number="102" hits="1" branch="false"/>
                <line number="104" hits="1" branch="false"/>
                <line number="105" hits="1" branch="false"/>
                <line number="106" hits="1" branch="false"/>
                <line number="107" hits="1" branch="false"/>
                <line number="108" hits="1" branch="false"/>
                <line number="109" hits="1" branch="false"/>
              </lines>
            </method>
            <method name="call_condition_logical" signature="" line-rate="0.4" branch-rate="0" complexity="0">
              <lines>
                <line number="127" hits="1" branch="false"/>
                <line number="128" hits="1" branch="false"/>
                <line number="130" hits="1" branch="false"/>
                <line number="131" hits="1" branch="false"/>
                <line number="132" hits="0" branch="false"/>
                <line number="133" hits="0" branch="false"/>
                <line number="135" hits="0" branch="false"/>
                <line number="136" hits="0" branch="false"/>
                <line number="137" hits="0" branch="false"/>
                <line number="138" hits="0" branch="false"/>
              </lines>
            </method>
            <method name="call_condition_range_posixct" signature="" line-rate="1" branch-rate="0" complexity="0">
              <lines>
                <line number="158" hits="1" branch="false"/>
                <line number="159" hits="1" branch="false"/>
                <line number="160" hits="1" branch="false"/>
                <line number="162" hits="1" branch="false"/>
                <line number="163" hits="1" branch="false"/>
                <line number="165" hits="1" branch="false"/>
                <line number="166" hits="1" branch="false"/>
                <line number="167" hits="1" branch="false"/>
                <line number="168" hits="1" branch="false"/>
                <line number="169" hits="1" branch="false"/>
                <line number="171" hits="1" branch="false"/>
                <line number="172" hits="1" branch="false"/>
                <line number="173" hits="1" branch="false"/>
                <line number="174" hits="1" branch="false"/>
                <line number="175" hits="1" branch="false"/>
              </lines>
            </method>
            <method name="call_condition_range_date" signature="" line-rate="1" branch-rate="0" complexity="0">
              <lines>
                <line number="190" hits="1" branch="false"/>
                <line number="191" hits="1" branch="false"/>
                <line number="192" hits="1" branch="false"/>
                <line number="194" hits="1" branch="false"/>
                <line number="195" hits="1" branch="false"/>
                <line number="196" hits="1" branch="false"/>
                <line number="197" hits="1" branch="false"/>
                <line number="198" hits="1" branch="false"/>
              </lines>
            </method>
            <method name="calls_combine_by" signature="" line-rate="1" branch-rate="0" complexity="0">
              <lines>
                <line number="213" hits="30" branch="false"/>
                <line number="214" hits="30" branch="false"/>
                <line number="215" hits="30" branch="false"/>
                <line number="216" hits="30" branch="false"/>
                <line number="217" hits="30" branch="false"/>
                <line number="218" hits="30" branch="false"/>
                <line number="219" hits="30" branch="false"/>
                <line number="220" hits="30" branch="false"/>
                <line number="221" hits="30" branch="false"/>
                <line number="222" hits="30" branch="false"/>
                <line number="223" hits="30" branch="false"/>
                <line number="224" hits="30" branch="false"/>
                <line number="225" hits="30" branch="false"/>
                <line number="226" hits="30" branch="false"/>
              </lines>
            </method>
            <method name=".call_dplyr_select" signature="" line-rate="1" branch-rate="0" complexity="0">
              <lines>
                <line number="238" hits="31" branch="false"/>
                <line number="239" hits="31" branch="false"/>
                <line number="240" hits="31" branch="false"/>
                <line number="241" hits="31" branch="false"/>
                <line number="242" hits="31" branch="false"/>
                <line number="243" hits="31" branch="false"/>
                <line number="244" hits="31" branch="false"/>
                <line number="245" hits="31" branch="false"/>
                <line number="246" hits="31" branch="false"/>
              </lines>
            </method>
            <method name=".call_dplyr_filter" signature="" line-rate="0.8" branch-rate="0" complexity="0">
              <lines>
                <line number="255" hits="10" branch="false"/>
                <line number="256" hits="10" branch="false"/>
                <line number="257" hits="10" branch="false"/>
                <line number="259" hits="0" branch="false"/>
                <line number="262" hits="10" branch="false"/>
              </lines>
            </method>
            <method name=".predicates" signature="" line-rate="0.731707317073171" branch-rate="0" complexity="0">
              <lines>
                <line number="266" hits="10" branch="false"/>
                <line number="267" hits="1" branch="false"/>
                <line number="268" hits="9" branch="false"/>
                <line number="269" hits="1" branch="false"/>
                <line number="270" hits="8" branch="false"/>
                <line number="271" hits="1" branch="false"/>
                <line number="272" hits="7" branch="false"/>
                <line number="273" hits="1" branch="false"/>
                <line number="275" hits="6" branch="false"/>
                <line number="276" hits="6" branch="false"/>
                <line number="278" hits="0" branch="false"/>
                <line number="279" hits="0" branch="false"/>
                <line number="280" hits="0" branch="false"/>
                <line number="282" hits="0" branch="false"/>
                <line number="283" hits="0" branch="false"/>
                <line number="284" hits="0" branch="false"/>
                <line number="285" hits="0" branch="false"/>
                <line number="286" hits="0" branch="false"/>
                <line number="287" hits="0" branch="false"/>
                <line number="289" hits="0" branch="false"/>
                <line number="290" hits="6" branch="false"/>
                <line number="291" hits="6" branch="false"/>
                <line number="292" hits="0" branch="false"/>
                <line number="295" hits="6" branch="false"/>
                <line number="296" hits="1" branch="false"/>
                <line number="297" hits="1" branch="false"/>
                <line number="298" hits="1" branch="false"/>
                <line number="299" hits="1" branch="false"/>
                <line number="300" hits="1" branch="false"/>
                <line number="301" hits="1" branch="false"/>
                <line number="302" hits="1" branch="false"/>
                <line number="303" hits="1" branch="false"/>
                <line number="304" hits="1" branch="false"/>
                <line number="305" hits="1" branch="false"/>
                <line number="306" hits="1" branch="false"/>
                <line number="307" hits="1" branch="false"/>
                <line number="308" hits="1" branch="false"/>
                <line number="309" hits="6" branch="false"/>
                <line number="310" hits="5" branch="false"/>
                <line number="311" hits="6" branch="false"/>
                <line number="312" hits="6" branch="false"/>
              </lines>
            </method>
            <method name=".call_mutate_operators" signature="" line-rate="0" branch-rate="0" complexity="0">
              <lines>
                <line number="317" hits="0" branch="false"/>
                <line number="318" hits="0" branch="false"/>
                <line number="319" hits="0" branch="false"/>
                <line number="320" hits="0" branch="false"/>
                <line number="321" hits="0" branch="false"/>
                <line number="322" hits="0" branch="false"/>
                <line number="323" hits="0" branch="false"/>
                <line number="325" hits="0" branch="false"/>
              </lines>
            </method>
          </methods>
          <lines>
            <line number="13" hits="10" branch="false"/>
            <line number="14" hits="10" branch="false"/>
            <line number="15" hits="10" branch="false"/>
            <line number="16" hits="10" branch="false"/>
            <line number="17" hits="10" branch="false"/>
            <line number="18" hits="10" branch="false"/>
            <line number="19" hits="9" branch="false"/>
            <line number="20" hits="9" branch="false"/>
            <line number="21" hits="9" branch="false"/>
            <line number="23" hits="0" branch="false"/>
            <line number="24" hits="0" branch="false"/>
            <line number="25" hits="0" branch="false"/>
            <line number="26" hits="0" branch="false"/>
            <line number="27" hits="0" branch="false"/>
            <line number="28" hits="0" branch="false"/>
            <line number="31" hits="10" branch="false"/>
            <line number="62" hits="6" branch="false"/>
            <line number="64" hits="6" branch="false"/>
            <line number="65" hits="0" branch="false"/>
            <line number="66" hits="6" branch="false"/>
            <line number="67" hits="1" branch="false"/>
            <line number="68" hits="5" branch="false"/>
            <line number="69" hits="1" branch="false"/>
            <line number="73" hits="6" branch="false"/>
            <line number="74" hits="2" branch="false"/>
            <line number="76" hits="4" branch="false"/>
            <line number="77" hits="4" branch="false"/>
            <line number="78" hits="4" branch="false"/>
            <line number="79" hits="4" branch="false"/>
            <line number="83" hits="4" branch="false"/>
            <line number="102" hits="1" branch="false"/>
            <line number="104" hits="1" branch="false"/>
            <line number="105" hits="1" branch="false"/>
            <line number="106" hits="1" branch="false"/>
            <line number="107" hits="1" branch="false"/>
            <line number="108" hits="1" branch="false"/>
            <line number="109" hits="1" branch="false"/>
            <line number="127" hits="1" branch="false"/>
            <line number="128" hits="1" branch="false"/>
            <line number="130" hits="1" branch="false"/>
            <line number="131" hits="1" branch="false"/>
            <line number="132" hits="0" branch="false"/>
            <line number="133" hits="0" branch="false"/>
            <line number="135" hits="0" branch="false"/>
            <line number="136" hits="0" branch="false"/>
            <line number="137" hits="0" branch="false"/>
            <line number="138" hits="0" branch="false"/>
            <line number="158" hits="1" branch="false"/>
            <line number="159" hits="1" branch="false"/>
            <line number="160" hits="1" branch="false"/>
            <line number="162" hits="1" branch="false"/>
            <line number="163" hits="1" branch="false"/>
            <line number="165" hits="1" branch="false"/>
            <line number="166" hits="1" branch="false"/>
            <line number="167" hits="1" branch="false"/>
            <line number="168" hits="1" branch="false"/>
            <line number="169" hits="1" branch="false"/>
            <line number="171" hits="1" branch="false"/>
            <line number="172" hits="1" branch="false"/>
            <line number="173" hits="1" branch="false"/>
            <line number="174" hits="1" branch="false"/>
            <line number="175" hits="1" branch="false"/>
            <line number="190" hits="1" branch="false"/>
            <line number="191" hits="1" branch="false"/>
            <line number="192" hits="1" branch="false"/>
            <line number="194" hits="1" branch="false"/>
            <line number="195" hits="1" branch="false"/>
            <line number="196" hits="1" branch="false"/>
            <line number="197" hits="1" branch="false"/>
            <line number="198" hits="1" branch="false"/>
            <line number="213" hits="30" branch="false"/>
            <line number="214" hits="30" branch="false"/>
            <line number="215" hits="30" branch="false"/>
            <line number="216" hits="30" branch="false"/>
            <line number="217" hits="30" branch="false"/>
            <line number="218" hits="30" branch="false"/>
            <line number="219" hits="30" branch="false"/>
            <line number="220" hits="30" branch="false"/>
            <line number="221" hits="30" branch="false"/>
            <line number="222" hits="30" branch="false"/>
            <line number="223" hits="30" branch="false"/>
            <line number="224" hits="30" branch="false"/>
            <line number="225" hits="30" branch="false"/>
            <line number="226" hits="30" branch="false"/>
            <line number="238" hits="31" branch="false"/>
            <line number="239" hits="31" branch="false"/>
            <line number="240" hits="31" branch="false"/>
            <line number="241" hits="31" branch="false"/>
            <line number="242" hits="31" branch="false"/>
            <line number="243" hits="31" branch="false"/>
            <line number="244" hits="31" branch="false"/>
            <line number="245" hits="31" branch="false"/>
            <line number="246" hits="31" branch="false"/>
            <line number="255" hits="10" branch="false"/>
            <line number="256" hits="10" branch="false"/>
            <line number="257" hits="10" branch="false"/>
            <line number="259" hits="0" branch="false"/>
            <line number="262" hits="10" branch="false"/>
            <line number="266" hits="10" branch="false"/>
            <line number="267" hits="1" branch="false"/>
            <line number="268" hits="9" branch="false"/>
            <line number="269" hits="1" branch="false"/>
            <line number="270" hits="8" branch="false"/>
            <line number="271" hits="1" branch="false"/>
            <line number="272" hits="7" branch="false"/>
            <line number="273" hits="1" branch="false"/>
            <line number="275" hits="6" branch="false"/>
            <line number="276" hits="6" branch="false"/>
            <line number="278" hits="0" branch="false"/>
            <line number="279" hits="0" branch="false"/>
            <line number="280" hits="0" branch="false"/>
            <line number="282" hits="0" branch="false"/>
            <line number="283" hits="0" branch="false"/>
            <line number="284" hits="0" branch="false"/>
            <line number="285" hits="0" branch="false"/>
            <line number="286" hits="0" branch="false"/>
            <line number="287" hits="0" branch="false"/>
            <line number="289" hits="0" branch="false"/>
            <line number="290" hits="6" branch="false"/>
            <line number="291" hits="6" branch="false"/>
            <line number="292" hits="0" branch="false"/>
            <line number="295" hits="6" branch="false"/>
            <line number="296" hits="1" branch="false"/>
            <line number="297" hits="1" branch="false"/>
            <line number="298" hits="1" branch="false"/>
            <line number="299" hits="1" branch="false"/>
            <line number="300" hits="1" branch="false"/>
            <line number="301" hits="1" branch="false"/>
            <line number="302" hits="1" branch="false"/>
            <line number="303" hits="1" branch="false"/>
            <line number="304" hits="1" branch="false"/>
            <line number="305" hits="1" branch="false"/>
            <line number="306" hits="1" branch="false"/>
            <line number="307" hits="1" branch="false"/>
            <line number="308" hits="1" branch="false"/>
            <line number="309" hits="6" branch="false"/>
            <line number="310" hits="5" branch="false"/>
            <line number="311" hits="6" branch="false"/>
            <line number="312" hits="6" branch="false"/>
            <line number="317" hits="0" branch="false"/>
            <line number="318" hits="0" branch="false"/>
            <line number="319" hits="0" branch="false"/>
            <line number="320" hits="0" branch="false"/>
            <line number="321" hits="0" branch="false"/>
            <line number="322" hits="0" branch="false"/>
            <line number="323" hits="0" branch="false"/>
            <line number="325" hits="0" branch="false"/>
          </lines>
        </class>
        <class name="0-interaction.R" filename="R/0-interaction.R" line-rate="0.380952380952381" branch-rate="0" complexity="0">
          <methods>
            <method name="interaction_vars" signature="" line-rate="1" branch-rate="0" complexity="0">
              <lines>
                <line number="18" hits="3" branch="false"/>
                <line number="19" hits="3" branch="false"/>
                <line number="20" hits="3" branch="false"/>
                <line number="21" hits="2" branch="false"/>
                <line number="22" hits="2" branch="false"/>
                <line number="23" hits="2" branch="false"/>
                <line number="24" hits="2" branch="false"/>
                <line number="25" hits="2" branch="false"/>
                <line number="26" hits="2" branch="false"/>
                <line number="27" hits="2" branch="false"/>
                <line number="29" hits="1" branch="false"/>
                <line number="30" hits="1" branch="false"/>
                <line number="31" hits="1" branch="false"/>
                <line number="32" hits="1" branch="false"/>
                <line number="33" hits="1" branch="false"/>
                <line number="35" hits="3" branch="false"/>
              </lines>
            </method>
            <method name=".operator_mutate" signature="" line-rate="0" branch-rate="0" complexity="0">
              <lines>
                <line number="39" hits="0" branch="false"/>
              </lines>
            </method>
            <method name=".operator_mutate.interaction" signature="" line-rate="0" branch-rate="0" complexity="0">
              <lines>
                <line number="45" hits="0" branch="false"/>
                <line number="46" hits="0" branch="false"/>
                <line number="47" hits="0" branch="false"/>
                <line number="48" hits="0" branch="false"/>
                <line number="49" hits="0" branch="false"/>
                <line number="50" hits="0" branch="false"/>
                <line number="51" hits="0" branch="false"/>
              </lines>
            </method>
            <method name="call_condition_operators.interaction" signature="" line-rate="0" branch-rate="0" complexity="0">
              <lines>
                <line number="57" hits="0" branch="false"/>
                <line number="58" hits="0" branch="false"/>
                <line number="59" hits="0" branch="false"/>
                <line number="60" hits="0" branch="false"/>
                <line number="61" hits="0" branch="false"/>
                <line number="62" hits="0" branch="false"/>
                <line number="63" hits="0" branch="false"/>
                <line number="64" hits="0" branch="false"/>
                <line number="65" hits="0" branch="false"/>
                <line number="66" hits="0" branch="false"/>
                <line number="67" hits="0" branch="false"/>
              </lines>
            </method>
            <method name="call_condition_operators" signature="" line-rate="0" branch-rate="0" complexity="0">
              <lines>
                <line number="71" hits="0" branch="false"/>
              </lines>
            </method>
            <method name=".operator_mutate_args" signature="" line-rate="0" branch-rate="0" complexity="0">
              <lines>
                <line number="75" hits="0" branch="false"/>
              </lines>
            </method>
            <method name=".operator_mutate_args.interaction" signature="" line-rate="0" branch-rate="0" complexity="0">
              <lines>
                <line number="81" hits="0" branch="false"/>
                <line number="82" hits="0" branch="false"/>
              </lines>
            </method>
            <method name=".is_operator_selected" signature="" line-rate="0" branch-rate="0" complexity="0">
              <lines>
                <line number="94" hits="0" branch="false"/>
                <line number="95" hits="0" branch="false"/>
                <line number="97" hits="0" branch="false"/>
              </lines>
            </method>
          </methods>
          <lines>
            <line number="18" hits="3" branch="false"/>
            <line number="19" hits="3" branch="false"/>
            <line number="20" hits="3" branch="false"/>
            <line number="21" hits="2" branch="false"/>
            <line number="22" hits="2" branch="false"/>
            <line number="23" hits="2" branch="false"/>
            <line number="24" hits="2" branch="false"/>
            <line number="25" hits="2" branch="false"/>
            <line number="26" hits="2" branch="false"/>
            <line number="27" hits="2" branch="false"/>
            <line number="29" hits="1" branch="false"/>
            <line number="30" hits="1" branch="false"/>
            <line number="31" hits="1" branch="false"/>
            <line number="32" hits="1" branch="false"/>
            <line number="33" hits="1" branch="false"/>
            <line number="35" hits="3" branch="false"/>
            <line number="39" hits="0" branch="false"/>
            <line number="45" hits="0" branch="false"/>
            <line number="46" hits="0" branch="false"/>
            <line number="47" hits="0" branch="false"/>
            <line number="48" hits="0" branch="false"/>
            <line number="49" hits="0" branch="false"/>
            <line number="50" hits="0" branch="false"/>
            <line number="51" hits="0" branch="false"/>
            <line number="57" hits="0" branch="false"/>
            <line number="58" hits="0" branch="false"/>
            <line number="59" hits="0" branch="false"/>
            <line number="60" hits="0" branch="false"/>
            <line number="61" hits="0" branch="false"/>
            <line number="62" hits="0" branch="false"/>
            <line number="63" hits="0" branch="false"/>
            <line number="64" hits="0" branch="false"/>
            <line number="65" hits="0" branch="false"/>
            <line number="66" hits="0" branch="false"/>
            <line number="67" hits="0" branch="false"/>
            <line number="71" hits="0" branch="false"/>
            <line number="75" hits="0" branch="false"/>
            <line number="81" hits="0" branch="false"/>
            <line number="82" hits="0" branch="false"/>
            <line number="94" hits="0" branch="false"/>
            <line number="95" hits="0" branch="false"/>
            <line number="97" hits="0" branch="false"/>
          </lines>
        </class>
        <class name="0-module_merge.R" filename="R/0-module_merge.R" line-rate="0.947368421052632" branch-rate="0" complexity="0">
          <methods>
            <method name="merge_srv" signature="" line-rate="1" branch-rate="0" complexity="0">
              <lines>
                <line number="205" hits="31" branch="false"/>
                <line number="206" hits="29" branch="false"/>
                <line number="207" hits="28" branch="false"/>
                <line number="208" hits="28" branch="false"/>
                <line number="209" hits="28" branch="false"/>
                <line number="211" hits="28" branch="false"/>
                <line number="212" hits="24" branch="false"/>
                <line number="213" hits="28" branch="false"/>
                <line number="215" hits="28" branch="false"/>
                <line number="216" hits="23" branch="false"/>
                <line number="217" hits="23" branch="false"/>
                <line number="218" hits="23" branch="false"/>
                <line number="219" hits="23" branch="false"/>
                <line number="220" hits="23" branch="false"/>
                <line number="221" hits="23" branch="false"/>
                <line number="222" hits="23" branch="false"/>
                <line number="223" hits="28" branch="false"/>
                <line number="225" hits="28" branch="false"/>
                <line number="226" hits="28" branch="false"/>
                <line number="227" hits="28" branch="false"/>
                <line number="228" hits="11" branch="false"/>
                <line number="229" hits="11" branch="false"/>
                <line number="230" hits="11" branch="false"/>
                <line number="231" hits="11" branch="false"/>
                <line number="232" hits="11" branch="false"/>
                <line number="233" hits="28" branch="false"/>
                <line number="234" hits="28" branch="false"/>
                <line number="236" hits="28" branch="false"/>
                <line number="237" hits="28" branch="false"/>
              </lines>
            </method>
            <method name=".qenv_merge" signature="" line-rate="1" branch-rate="0" complexity="0">
              <lines>
                <line number="246" hits="23" branch="false"/>
                <line number="247" hits="23" branch="false"/>
                <line number="248" hits="23" branch="false"/>
                <line number="251" hits="23" branch="false"/>
                <line number="253" hits="20" branch="false"/>
                <line number="255" hits="20" branch="false"/>
                <line number="256" hits="20" branch="false"/>
                <line number="257" hits="20" branch="false"/>
              </lines>
            </method>
            <method name=".merge_expr" signature="" line-rate="0.819444444444444" branch-rate="0" complexity="0">
              <lines>
                <line number="266" hits="20" branch="false"/>
                <line number="267" hits="20" branch="false"/>
                <line number="268" hits="20" branch="false"/>
                <line number="270" hits="20" branch="false"/>
                <line number="271" hits="20" branch="false"/>
                <line number="272" hits="20" branch="false"/>
                <line number="274" hits="20" branch="false"/>
                <line number="275" hits="20" branch="false"/>
                <line number="276" hits="20" branch="false"/>
                <line number="277" hits="20" branch="false"/>
                <line number="279" hits="20" branch="false"/>
                <line number="281" hits="20" branch="false"/>
                <line number="282" hits="20" branch="false"/>
                <line number="283" hits="20" branch="false"/>
                <line number="284" hits="20" branch="false"/>
                <line number="285" hits="31" branch="false"/>
                <line number="286" hits="31" branch="false"/>
                <line number="287" hits="31" branch="false"/>
                <line number="288" hits="31" branch="false"/>
                <line number="289" hits="31" branch="false"/>
                <line number="291" hits="31" branch="false"/>
                <line number="292" hits="31" branch="false"/>
                <line number="293" hits="31" branch="false"/>
                <line number="294" hits="14" branch="false"/>
                <line number="295" hits="31" branch="false"/>
                <line number="296" hits="17" branch="false"/>
                <line number="297" hits="31" branch="false"/>
                <line number="298" hits="31" branch="false"/>
                <line number="299" hits="31" branch="false"/>
                <line number="300" hits="31" branch="false"/>
                <line number="301" hits="31" branch="false"/>
                <line number="302" hits="31" branch="false"/>
                <line number="303" hits="0" branch="false"/>
                <line number="304" hits="31" branch="false"/>
                <line number="305" hits="31" branch="false"/>
                <line number="306" hits="31" branch="false"/>
                <line number="309" hits="31" branch="false"/>
                <line number="310" hits="0" branch="false"/>
                <line number="311" hits="0" branch="false"/>
                <line number="312" hits="0" branch="false"/>
                <line number="313" hits="0" branch="false"/>
                <line number="314" hits="0" branch="false"/>
                <line number="315" hits="0" branch="false"/>
                <line number="316" hits="0" branch="false"/>
                <line number="317" hits="0" branch="false"/>
                <line number="318" hits="0" branch="false"/>
                <line number="319" hits="0" branch="false"/>
                <line number="320" hits="0" branch="false"/>
                <line number="323" hits="31" branch="false"/>
                <line number="324" hits="31" branch="false"/>
                <line number="325" hits="31" branch="false"/>
                <line number="326" hits="31" branch="false"/>
                <line number="327" hits="31" branch="false"/>
                <line number="329" hits="31" branch="false"/>
                <line number="330" hits="10" branch="false"/>
                <line number="333" hits="31" branch="false"/>
                <line number="334" hits="11" branch="false"/>
                <line number="335" hits="11" branch="false"/>
                <line number="336" hits="11" branch="false"/>
                <line number="337" hits="0" branch="false"/>
                <line number="339" hits="11" branch="false"/>
                <line number="340" hits="11" branch="false"/>
                <line number="341" hits="11" branch="false"/>
                <line number="342" hits="11" branch="false"/>
                <line number="343" hits="11" branch="false"/>
                <line number="344" hits="11" branch="false"/>
                <line number="345" hits="11" branch="false"/>
                <line number="346" hits="11" branch="false"/>
                <line number="349" hits="31" branch="false"/>
                <line number="350" hits="31" branch="false"/>
                <line number="351" hits="31" branch="false"/>
                <line number="354" hits="20" branch="false"/>
              </lines>
            </method>
            <method name=".merge_summary_list" signature="" line-rate="1" branch-rate="0" complexity="0">
              <lines>
                <line number="368" hits="34" branch="false"/>
                <line number="369" hits="34" branch="false"/>
                <line number="371" hits="34" branch="false"/>
                <line number="372" hits="32" branch="false"/>
                <line number="374" hits="28" branch="false"/>
                <line number="375" hits="28" branch="false"/>
                <line number="376" hits="28" branch="false"/>
                <line number="377" hits="28" branch="false"/>
                <line number="378" hits="28" branch="false"/>
                <line number="379" hits="28" branch="false"/>
                <line number="380" hits="28" branch="false"/>
                <line number="381" hits="28" branch="false"/>
                <line number="382" hits="28" branch="false"/>
                <line number="383" hits="28" branch="false"/>
                <line number="385" hits="28" branch="false"/>
                <line number="386" hits="28" branch="false"/>
                <line number="388" hits="28" branch="false"/>
                <line number="389" hits="28" branch="false"/>
                <line number="392" hits="10" branch="false"/>
                <line number="393" hits="10" branch="false"/>
                <line number="394" hits="10" branch="false"/>
                <line number="395" hits="10" branch="false"/>
                <line number="398" hits="10" branch="false"/>
                <line number="400" hits="28" branch="false"/>
                <line number="401" hits="28" branch="false"/>
                <line number="402" hits="28" branch="false"/>
                <line number="403" hits="28" branch="false"/>
                <line number="417" hits="46" branch="false"/>
                <line number="420" hits="46" branch="false"/>
                <line number="421" hits="46" branch="false"/>
                <line number="422" hits="46" branch="false"/>
                <line number="423" hits="46" branch="false"/>
                <line number="424" hits="46" branch="false"/>
                <line number="425" hits="29" branch="false"/>
                <line number="427" hits="29" branch="false"/>
                <line number="429" hits="18" branch="false"/>
                <line number="430" hits="18" branch="false"/>
                <line number="431" hits="18" branch="false"/>
                <line number="432" hits="18" branch="false"/>
                <line number="433" hits="18" branch="false"/>
                <line number="434" hits="18" branch="false"/>
                <line number="435" hits="18" branch="false"/>
                <line number="436" hits="46" branch="false"/>
                <line number="437" hits="46" branch="false"/>
                <line number="438" hits="46" branch="false"/>
                <line number="439" hits="46" branch="false"/>
                <line number="440" hits="46" branch="false"/>
                <line number="442" hits="46" branch="false"/>
                <line number="443" hits="46" branch="false"/>
                <line number="444" hits="46" branch="false"/>
                <line number="448" hits="46" branch="false"/>
                <line number="449" hits="46" branch="false"/>
                <line number="450" hits="46" branch="false"/>
                <line number="451" hits="46" branch="false"/>
                <line number="455" hits="46" branch="false"/>
                <line number="456" hits="46" branch="false"/>
                <line number="457" hits="46" branch="false"/>
                <line number="458" hits="46" branch="false"/>
                <line number="459" hits="46" branch="false"/>
                <line number="460" hits="46" branch="false"/>
                <line number="461" hits="46" branch="false"/>
                <line number="463" hits="46" branch="false"/>
                <line number="464" hits="46" branch="false"/>
                <line number="466" hits="46" branch="false"/>
                <line number="469" hits="28" branch="false"/>
              </lines>
            </method>
            <method name=".fk" signature="" line-rate="1" branch-rate="0" complexity="0">
              <lines>
                <line number="473" hits="77" branch="false"/>
                <line number="474" hits="77" branch="false"/>
              </lines>
            </method>
            <method name=".suffix_duplicated_vars" signature="" line-rate="1" branch-rate="0" complexity="0">
              <lines>
                <line number="478" hits="73" branch="false"/>
                <line number="479" hits="73" branch="false"/>
                <line number="480" hits="73" branch="false"/>
                <line number="482" hits="12" branch="false"/>
                <line number="484" hits="73" branch="false"/>
              </lines>
            </method>
            <method name=".validate_join_keys" signature="" line-rate="1" branch-rate="0" complexity="0">
              <lines>
                <line number="497" hits="32" branch="false"/>
                <line number="498" hits="32" branch="false"/>
                <line number="499" hits="32" branch="false"/>
                <line number="500" hits="32" branch="false"/>
                <line number="502" hits="32" branch="false"/>
                <line number="504" hits="32" branch="false"/>
                <line number="505" hits="18" branch="false"/>
                <line number="509" hits="14" branch="false"/>
                <line number="512" hits="14" branch="false"/>
                <line number="515" hits="14" branch="false"/>
                <line number="516" hits="2" branch="false"/>
                <line number="517" hits="2" branch="false"/>
                <line number="518" hits="2" branch="false"/>
                <line number="519" hits="2" branch="false"/>
                <line number="520" hits="2" branch="false"/>
                <line number="521" hits="2" branch="false"/>
                <line number="522" hits="2" branch="false"/>
                <line number="523" hits="2" branch="false"/>
                <line number="524" hits="2" branch="false"/>
                <line number="525" hits="2" branch="false"/>
                <line number="526" hits="2" branch="false"/>
                <line number="530" hits="12" branch="false"/>
                <line number="532" hits="12" branch="false"/>
                <line number="533" hits="20" branch="false"/>
                <line number="534" hits="20" branch="false"/>
                <line number="537" hits="20" branch="false"/>
                <line number="538" hits="31" branch="false"/>
                <line number="539" hits="18" branch="false"/>
                <line number="540" hits="18" branch="false"/>
                <line number="544" hits="20" branch="false"/>
                <line number="545" hits="2" branch="false"/>
                <line number="546" hits="2" branch="false"/>
                <line number="547" hits="2" branch="false"/>
                <line number="548" hits="2" branch="false"/>
                <line number="549" hits="2" branch="false"/>
                <line number="550" hits="2" branch="false"/>
                <line number="551" hits="2" branch="false"/>
                <line number="552" hits="2" branch="false"/>
                <line number="553" hits="2" branch="false"/>
                <line number="554" hits="2" branch="false"/>
                <line number="555" hits="2" branch="false"/>
                <line number="556" hits="2" branch="false"/>
                <line number="557" hits="2" branch="false"/>
                <line number="558" hits="2" branch="false"/>
                <line number="562" hits="18" branch="false"/>
                <line number="565" hits="10" branch="false"/>
              </lines>
            </method>
            <method name=".validate_is_eager" signature="" line-rate="1" branch-rate="0" complexity="0">
              <lines>
                <line number="569" hits="130" branch="false"/>
                <line number="570" hits="130" branch="false"/>
                <line number="571" hits="130" branch="false"/>
                <line number="572" hits="130" branch="false"/>
              </lines>
            </method>
            <method name=".trim_filter_mapping" signature="" line-rate="1" branch-rate="0" complexity="0">
              <lines>
                <line number="576" hits="35" branch="false"/>
                <line number="577" hits="24" branch="false"/>
                <line number="580" hits="11" branch="false"/>
                <line number="581" hits="11" branch="false"/>
                <line number="582" hits="11" branch="false"/>
                <line number="584" hits="11" branch="false"/>
                <line number="586" hits="1" branch="false"/>
                <line number="587" hits="1" branch="false"/>
                <line number="588" hits="1" branch="false"/>
                <line number="591" hits="11" branch="false"/>
                <line number="592" hits="11" branch="false"/>
                <line number="593" hits="11" branch="false"/>
                <line number="594" hits="11" branch="false"/>
                <line number="596" hits="11" branch="false"/>
                <line number="597" hits="1" branch="false"/>
                <line number="599" hits="10" branch="false"/>
              </lines>
            </method>
            <method name=".mapping_input_to_datasets" signature="" line-rate="0.947368421052632" branch-rate="0" complexity="0">
              <lines>
                <line number="603" hits="20" branch="false"/>
                <line number="604" hits="20" branch="false"/>
                <line number="606" hits="20" branch="false"/>
                <line number="607" hits="20" branch="false"/>
                <line number="609" hits="20" branch="false"/>
                <line number="610" hits="35" branch="false"/>
                <line number="611" hits="35" branch="false"/>
                <line number="612" hits="31" branch="false"/>
                <line number="615" hits="35" branch="false"/>
                <line number="616" hits="0" branch="false"/>
                <line number="619" hits="35" branch="false"/>
                <line number="620" hits="35" branch="false"/>
                <line number="621" hits="35" branch="false"/>
                <line number="623" hits="35" branch="false"/>
                <line number="625" hits="35" branch="false"/>
                <line number="626" hits="11" branch="false"/>
                <line number="627" hits="11" branch="false"/>
                <line number="629" hits="35" branch="false"/>
                <line number="631" hits="20" branch="false"/>
              </lines>
            </method>
          </methods>
          <lines>
            <line number="205" hits="31" branch="false"/>
            <line number="206" hits="29" branch="false"/>
            <line number="207" hits="28" branch="false"/>
            <line number="208" hits="28" branch="false"/>
            <line number="209" hits="28" branch="false"/>
            <line number="211" hits="28" branch="false"/>
            <line number="212" hits="24" branch="false"/>
            <line number="213" hits="28" branch="false"/>
            <line number="215" hits="28" branch="false"/>
            <line number="216" hits="23" branch="false"/>
            <line number="217" hits="23" branch="false"/>
            <line number="218" hits="23" branch="false"/>
            <line number="219" hits="23" branch="false"/>
            <line number="220" hits="23" branch="false"/>
            <line number="221" hits="23" branch="false"/>
            <line number="222" hits="23" branch="false"/>
            <line number="223" hits="28" branch="false"/>
            <line number="225" hits="28" branch="false"/>
            <line number="226" hits="28" branch="false"/>
            <line number="227" hits="28" branch="false"/>
            <line number="228" hits="11" branch="false"/>
            <line number="229" hits="11" branch="false"/>
            <line number="230" hits="11" branch="false"/>
            <line number="231" hits="11" branch="false"/>
            <line number="232" hits="11" branch="false"/>
            <line number="233" hits="28" branch="false"/>
            <line number="234" hits="28" branch="false"/>
            <line number="236" hits="28" branch="false"/>
            <line number="237" hits="28" branch="false"/>
            <line number="246" hits="23" branch="false"/>
            <line number="247" hits="23" branch="false"/>
            <line number="248" hits="23" branch="false"/>
            <line number="251" hits="23" branch="false"/>
            <line number="253" hits="20" branch="false"/>
            <line number="255" hits="20" branch="false"/>
            <line number="256" hits="20" branch="false"/>
            <line number="257" hits="20" branch="false"/>
            <line number="266" hits="20" branch="false"/>
            <line number="267" hits="20" branch="false"/>
            <line number="268" hits="20" branch="false"/>
            <line number="270" hits="20" branch="false"/>
            <line number="271" hits="20" branch="false"/>
            <line number="272" hits="20" branch="false"/>
            <line number="274" hits="20" branch="false"/>
            <line number="275" hits="20" branch="false"/>
            <line number="276" hits="20" branch="false"/>
            <line number="277" hits="20" branch="false"/>
            <line number="279" hits="20" branch="false"/>
            <line number="281" hits="20" branch="false"/>
            <line number="282" hits="20" branch="false"/>
            <line number="283" hits="20" branch="false"/>
            <line number="284" hits="20" branch="false"/>
            <line number="285" hits="31" branch="false"/>
            <line number="286" hits="31" branch="false"/>
            <line number="287" hits="31" branch="false"/>
            <line number="288" hits="31" branch="false"/>
            <line number="289" hits="31" branch="false"/>
            <line number="291" hits="31" branch="false"/>
            <line number="292" hits="31" branch="false"/>
            <line number="293" hits="31" branch="false"/>
            <line number="294" hits="14" branch="false"/>
            <line number="295" hits="31" branch="false"/>
            <line number="296" hits="17" branch="false"/>
            <line number="297" hits="31" branch="false"/>
            <line number="298" hits="31" branch="false"/>
            <line number="299" hits="31" branch="false"/>
            <line number="300" hits="31" branch="false"/>
            <line number="301" hits="31" branch="false"/>
            <line number="302" hits="31" branch="false"/>
            <line number="303" hits="0" branch="false"/>
            <line number="304" hits="31" branch="false"/>
            <line number="305" hits="31" branch="false"/>
            <line number="306" hits="31" branch="false"/>
            <line number="309" hits="31" branch="false"/>
            <line number="310" hits="0" branch="false"/>
            <line number="311" hits="0" branch="false"/>
            <line number="312" hits="0" branch="false"/>
            <line number="313" hits="0" branch="false"/>
            <line number="314" hits="0" branch="false"/>
            <line number="315" hits="0" branch="false"/>
            <line number="316" hits="0" branch="false"/>
            <line number="317" hits="0" branch="false"/>
            <line number="318" hits="0" branch="false"/>
            <line number="319" hits="0" branch="false"/>
            <line number="320" hits="0" branch="false"/>
            <line number="323" hits="31" branch="false"/>
            <line number="324" hits="31" branch="false"/>
            <line number="325" hits="31" branch="false"/>
            <line number="326" hits="31" branch="false"/>
            <line number="327" hits="31" branch="false"/>
            <line number="329" hits="31" branch="false"/>
            <line number="330" hits="10" branch="false"/>
            <line number="333" hits="31" branch="false"/>
            <line number="334" hits="11" branch="false"/>
            <line number="335" hits="11" branch="false"/>
            <line number="336" hits="11" branch="false"/>
            <line number="337" hits="0" branch="false"/>
            <line number="339" hits="11" branch="false"/>
            <line number="340" hits="11" branch="false"/>
            <line number="341" hits="11" branch="false"/>
            <line number="342" hits="11" branch="false"/>
            <line number="343" hits="11" branch="false"/>
            <line number="344" hits="11" branch="false"/>
            <line number="345" hits="11" branch="false"/>
            <line number="346" hits="11" branch="false"/>
            <line number="349" hits="31" branch="false"/>
            <line number="350" hits="31" branch="false"/>
            <line number="351" hits="31" branch="false"/>
            <line number="354" hits="20" branch="false"/>
            <line number="368" hits="34" branch="false"/>
            <line number="369" hits="34" branch="false"/>
            <line number="371" hits="34" branch="false"/>
            <line number="372" hits="32" branch="false"/>
            <line number="374" hits="28" branch="false"/>
            <line number="375" hits="28" branch="false"/>
            <line number="376" hits="28" branch="false"/>
            <line number="377" hits="28" branch="false"/>
            <line number="378" hits="28" branch="false"/>
            <line number="379" hits="28" branch="false"/>
            <line number="380" hits="28" branch="false"/>
            <line number="381" hits="28" branch="false"/>
            <line number="382" hits="28" branch="false"/>
            <line number="383" hits="28" branch="false"/>
            <line number="385" hits="28" branch="false"/>
            <line number="386" hits="28" branch="false"/>
            <line number="388" hits="28" branch="false"/>
            <line number="389" hits="28" branch="false"/>
            <line number="392" hits="10" branch="false"/>
            <line number="393" hits="10" branch="false"/>
            <line number="394" hits="10" branch="false"/>
            <line number="395" hits="10" branch="false"/>
            <line number="398" hits="10" branch="false"/>
            <line number="400" hits="28" branch="false"/>
            <line number="401" hits="28" branch="false"/>
            <line number="402" hits="28" branch="false"/>
            <line number="403" hits="28" branch="false"/>
            <line number="417" hits="46" branch="false"/>
            <line number="420" hits="46" branch="false"/>
            <line number="421" hits="46" branch="false"/>
            <line number="422" hits="46" branch="false"/>
            <line number="423" hits="46" branch="false"/>
            <line number="424" hits="46" branch="false"/>
            <line number="425" hits="29" branch="false"/>
            <line number="427" hits="29" branch="false"/>
            <line number="429" hits="18" branch="false"/>
            <line number="430" hits="18" branch="false"/>
            <line number="431" hits="18" branch="false"/>
            <line number="432" hits="18" branch="false"/>
            <line number="433" hits="18" branch="false"/>
            <line number="434" hits="18" branch="false"/>
            <line number="435" hits="18" branch="false"/>
            <line number="436" hits="46" branch="false"/>
            <line number="437" hits="46" branch="false"/>
            <line number="438" hits="46" branch="false"/>
            <line number="439" hits="46" branch="false"/>
            <line number="440" hits="46" branch="false"/>
            <line number="442" hits="46" branch="false"/>
            <line number="443" hits="46" branch="false"/>
            <line number="444" hits="46" branch="false"/>
            <line number="448" hits="46" branch="false"/>
            <line number="449" hits="46" branch="false"/>
            <line number="450" hits="46" branch="false"/>
            <line number="451" hits="46" branch="false"/>
            <line number="455" hits="46" branch="false"/>
            <line number="456" hits="46" branch="false"/>
            <line number="457" hits="46" branch="false"/>
            <line number="458" hits="46" branch="false"/>
            <line number="459" hits="46" branch="false"/>
            <line number="460" hits="46" branch="false"/>
            <line number="461" hits="46" branch="false"/>
            <line number="463" hits="46" branch="false"/>
            <line number="464" hits="46" branch="false"/>
            <line number="466" hits="46" branch="false"/>
            <line number="469" hits="28" branch="false"/>
            <line number="473" hits="77" branch="false"/>
            <line number="474" hits="77" branch="false"/>
            <line number="478" hits="73" branch="false"/>
            <line number="479" hits="73" branch="false"/>
            <line number="480" hits="73" branch="false"/>
            <line number="482" hits="12" branch="false"/>
            <line number="484" hits="73" branch="false"/>
            <line number="497" hits="32" branch="false"/>
            <line number="498" hits="32" branch="false"/>
            <line number="499" hits="32" branch="false"/>
            <line number="500" hits="32" branch="false"/>
            <line number="502" hits="32" branch="false"/>
            <line number="504" hits="32" branch="false"/>
            <line number="505" hits="18" branch="false"/>
            <line number="509" hits="14" branch="false"/>
            <line number="512" hits="14" branch="false"/>
            <line number="515" hits="14" branch="false"/>
            <line number="516" hits="2" branch="false"/>
            <line number="517" hits="2" branch="false"/>
            <line number="518" hits="2" branch="false"/>
            <line number="519" hits="2" branch="false"/>
            <line number="520" hits="2" branch="false"/>
            <line number="521" hits="2" branch="false"/>
            <line number="522" hits="2" branch="false"/>
            <line number="523" hits="2" branch="false"/>
            <line number="524" hits="2" branch="false"/>
            <line number="525" hits="2" branch="false"/>
            <line number="526" hits="2" branch="false"/>
            <line number="530" hits="12" branch="false"/>
            <line number="532" hits="12" branch="false"/>
            <line number="533" hits="20" branch="false"/>
            <line number="534" hits="20" branch="false"/>
            <line number="537" hits="20" branch="false"/>
            <line number="538" hits="31" branch="false"/>
            <line number="539" hits="18" branch="false"/>
            <line number="540" hits="18" branch="false"/>
            <line number="544" hits="20" branch="false"/>
            <line number="545" hits="2" branch="false"/>
            <line number="546" hits="2" branch="false"/>
            <line number="547" hits="2" branch="false"/>
            <line number="548" hits="2" branch="false"/>
            <line number="549" hits="2" branch="false"/>
            <line number="550" hits="2" branch="false"/>
            <line number="551" hits="2" branch="false"/>
            <line number="552" hits="2" branch="false"/>
            <line number="553" hits="2" branch="false"/>
            <line number="554" hits="2" branch="false"/>
            <line number="555" hits="2" branch="false"/>
            <line number="556" hits="2" branch="false"/>
            <line number="557" hits="2" branch="false"/>
            <line number="558" hits="2" branch="false"/>
            <line number="562" hits="18" branch="false"/>
            <line number="565" hits="10" branch="false"/>
            <line number="569" hits="130" branch="false"/>
            <line number="570" hits="130" branch="false"/>
            <line number="571" hits="130" branch="false"/>
            <line number="572" hits="130" branch="false"/>
            <line number="576" hits="35" branch="false"/>
            <line number="577" hits="24" branch="false"/>
            <line number="580" hits="11" branch="false"/>
            <line number="581" hits="11" branch="false"/>
            <line number="582" hits="11" branch="false"/>
            <line number="584" hits="11" branch="false"/>
            <line number="586" hits="1" branch="false"/>
            <line number="587" hits="1" branch="false"/>
            <line number="588" hits="1" branch="false"/>
            <line number="591" hits="11" branch="false"/>
            <line number="592" hits="11" branch="false"/>
            <line number="593" hits="11" branch="false"/>
            <line number="594" hits="11" branch="false"/>
            <line number="596" hits="11" branch="false"/>
            <line number="597" hits="1" branch="false"/>
            <line number="599" hits="10" branch="false"/>
            <line number="603" hits="20" branch="false"/>
            <line number="604" hits="20" branch="false"/>
            <line number="606" hits="20" branch="false"/>
            <line number="607" hits="20" branch="false"/>
            <line number="609" hits="20" branch="false"/>
            <line number="610" hits="35" branch="false"/>
            <line number="611" hits="35" branch="false"/>
            <line number="612" hits="31" branch="false"/>
            <line number="615" hits="35" branch="false"/>
            <line number="616" hits="0" branch="false"/>
            <line number="619" hits="35" branch="false"/>
            <line number="620" hits="35" branch="false"/>
            <line number="621" hits="35" branch="false"/>
            <line number="623" hits="35" branch="false"/>
            <line number="625" hits="35" branch="false"/>
            <line number="626" hits="11" branch="false"/>
            <line number="627" hits="11" branch="false"/>
            <line number="629" hits="35" branch="false"/>
            <line number="631" hits="20" branch="false"/>
          </lines>
        </class>
        <class name="0-module_picks.R" filename="R/0-module_picks.R" line-rate="0.921630094043887" branch-rate="0" complexity="0">
          <methods>
            <method name="picks_ui" signature="" line-rate="1" branch-rate="0" complexity="0">
              <lines>
                <line number="40" hits="4" branch="false"/>
                <line number="41" hits="4" branch="false"/>
              </lines>
            </method>
            <method name="picks_ui.list" signature="" line-rate="0" branch-rate="0" complexity="0">
              <lines>
                <line number="47" hits="0" branch="false"/>
                <line number="48" hits="0" branch="false"/>
                <line number="49" hits="0" branch="false"/>
                <line number="50" hits="0" branch="false"/>
                <line number="51" hits="0" branch="false"/>
                <line number="52" hits="0" branch="false"/>
                <line number="53" hits="0" branch="false"/>
              </lines>
            </method>
            <method name="picks_ui.picks" signature="" line-rate="0.823529411764706" branch-rate="0" complexity="0">
              <lines>
                <line number="59" hits="4" branch="false"/>
                <line number="60" hits="4" branch="false"/>
                <line number="61" hits="4" branch="false"/>
                <line number="62" hits="4" branch="false"/>
                <line number="63" hits="4" branch="false"/>
                <line number="64" hits="4" branch="false"/>
                <line number="65" hits="1" branch="false"/>
                <line number="66" hits="4" branch="false"/>
                <line number="67" hits="3" branch="false"/>
                <line number="68" hits="4" branch="false"/>
[...]
                <line number="69" hits="18" branch="false"/>
                <line number="70" hits="18" branch="false"/>
                <line number="71" hits="18" branch="false"/>
                <line number="72" hits="18" branch="false"/>
              </lines>
            </method>
            <method name=".is_ranged" signature="" line-rate="1" branch-rate="0" complexity="0">
              <lines>
                <line number="79" hits="193" branch="false"/>
              </lines>
            </method>
            <method name=".as_ranged" signature="" line-rate="1" branch-rate="0" complexity="0">
              <lines>
                <line number="91" hits="38" branch="false"/>
                <line number="92" hits="38" branch="false"/>
              </lines>
            </method>
          </methods>
          <lines>
            <line number="24" hits="0" branch="false"/>
            <line number="25" hits="0" branch="false"/>
            <line number="26" hits="0" branch="false"/>
            <line number="27" hits="0" branch="false"/>
            <line number="28" hits="0" branch="false"/>
            <line number="29" hits="0" branch="false"/>
            <line number="30" hits="0" branch="false"/>
            <line number="31" hits="0" branch="false"/>
            <line number="33" hits="0" branch="false"/>
            <line number="34" hits="0" branch="false"/>
            <line number="35" hits="0" branch="false"/>
            <line number="36" hits="0" branch="false"/>
            <line number="37" hits="0" branch="false"/>
            <line number="38" hits="0" branch="false"/>
            <line number="39" hits="0" branch="false"/>
            <line number="40" hits="0" branch="false"/>
            <line number="41" hits="0" branch="false"/>
            <line number="63" hits="23" branch="false"/>
            <line number="64" hits="21" branch="false"/>
            <line number="65" hits="19" branch="false"/>
            <line number="66" hits="1" branch="false"/>
            <line number="68" hits="18" branch="false"/>
            <line number="69" hits="18" branch="false"/>
            <line number="70" hits="18" branch="false"/>
            <line number="71" hits="18" branch="false"/>
            <line number="72" hits="18" branch="false"/>
            <line number="79" hits="193" branch="false"/>
            <line number="91" hits="38" branch="false"/>
            <line number="92" hits="38" branch="false"/>
          </lines>
        </class>
        <class name="0-tm_merge.R" filename="R/0-tm_merge.R" line-rate="0" branch-rate="0" complexity="0">
          <methods>
            <method name="tm_merge" signature="" line-rate="0" branch-rate="0" complexity="0">
              <lines>
                <line number="42" hits="0" branch="false"/>
                <line number="43" hits="0" branch="false"/>
                <line number="44" hits="0" branch="false"/>
                <line number="45" hits="0" branch="false"/>
                <line number="46" hits="0" branch="false"/>
                <line number="47" hits="0" branch="false"/>
                <line number="48" hits="0" branch="false"/>
                <line number="49" hits="0" branch="false"/>
                <line number="50" hits="0" branch="false"/>
                <line number="51" hits="0" branch="false"/>
                <line number="52" hits="0" branch="false"/>
                <line number="53" hits="0" branch="false"/>
                <line number="54" hits="0" branch="false"/>
                <line number="55" hits="0" branch="false"/>
                <line number="56" hits="0" branch="false"/>
                <line number="57" hits="0" branch="false"/>
                <line number="58" hits="0" branch="false"/>
                <line number="59" hits="0" branch="false"/>
                <line number="60" hits="0" branch="false"/>
                <line number="61" hits="0" branch="false"/>
                <line number="62" hits="0" branch="false"/>
                <line number="63" hits="0" branch="false"/>
                <line number="64" hits="0" branch="false"/>
                <line number="65" hits="0" branch="false"/>
                <line number="66" hits="0" branch="false"/>
                <line number="67" hits="0" branch="false"/>
                <line number="68" hits="0" branch="false"/>
                <line number="69" hits="0" branch="false"/>
                <line number="70" hits="0" branch="false"/>
                <line number="71" hits="0" branch="false"/>
                <line number="72" hits="0" branch="false"/>
                <line number="73" hits="0" branch="false"/>
                <line number="74" hits="0" branch="false"/>
                <line number="76" hits="0" branch="false"/>
                <line number="78" hits="0" branch="false"/>
                <line number="79" hits="0" branch="false"/>
                <line number="80" hits="0" branch="false"/>
                <line number="81" hits="0" branch="false"/>
                <line number="83" hits="0" branch="false"/>
                <line number="84" hits="0" branch="false"/>
                <line number="85" hits="0" branch="false"/>
                <line number="86" hits="0" branch="false"/>
                <line number="88" hits="0" branch="false"/>
                <line number="89" hits="0" branch="false"/>
                <line number="90" hits="0" branch="false"/>
                <line number="92" hits="0" branch="false"/>
                <line number="94" hits="0" branch="false"/>
                <line number="96" hits="0" branch="false"/>
                <line number="97" hits="0" branch="false"/>
                <line number="98" hits="0" branch="false"/>
                <line number="99" hits="0" branch="false"/>
                <line number="100" hits="0" branch="false"/>
                <line number="101" hits="0" branch="false"/>
                <line number="102" hits="0" branch="false"/>
              </lines>
            </method>
          </methods>
          <lines>
            <line number="42" hits="0" branch="false"/>
            <line number="43" hits="0" branch="false"/>
            <line number="44" hits="0" branch="false"/>
            <line number="45" hits="0" branch="false"/>
            <line number="46" hits="0" branch="false"/>
            <line number="47" hits="0" branch="false"/>
            <line number="48" hits="0" branch="false"/>
            <line number="49" hits="0" branch="false"/>
            <line number="50" hits="0" branch="false"/>
            <line number="51" hits="0" branch="false"/>
            <line number="52" hits="0" branch="false"/>
            <line number="53" hits="0" branch="false"/>
            <line number="54" hits="0" branch="false"/>
            <line number="55" hits="0" branch="false"/>
            <line number="56" hits="0" branch="false"/>
            <line number="57" hits="0" branch="false"/>
            <line number="58" hits="0" branch="false"/>
            <line number="59" hits="0" branch="false"/>
            <line number="60" hits="0" branch="false"/>
            <line number="61" hits="0" branch="false"/>
            <line number="62" hits="0" branch="false"/>
            <line number="63" hits="0" branch="false"/>
            <line number="64" hits="0" branch="false"/>
            <line number="65" hits="0" branch="false"/>
            <line number="66" hits="0" branch="false"/>
            <line number="67" hits="0" branch="false"/>
            <line number="68" hits="0" branch="false"/>
            <line number="69" hits="0" branch="false"/>
            <line number="70" hits="0" branch="false"/>
            <line number="71" hits="0" branch="false"/>
            <line number="72" hits="0" branch="false"/>
            <line number="73" hits="0" branch="false"/>
            <line number="74" hits="0" branch="false"/>
            <line number="76" hits="0" branch="false"/>
            <line number="78" hits="0" branch="false"/>
            <line number="79" hits="0" branch="false"/>
            <line number="80" hits="0" branch="false"/>
            <line number="81" hits="0" branch="false"/>
            <line number="83" hits="0" branch="false"/>
            <line number="84" hits="0" branch="false"/>
            <line number="85" hits="0" branch="false"/>
            <line number="86" hits="0" branch="false"/>
            <line number="88" hits="0" branch="false"/>
            <line number="89" hits="0" branch="false"/>
            <line number="90" hits="0" branch="false"/>
            <line number="92" hits="0" branch="false"/>
            <line number="94" hits="0" branch="false"/>
            <line number="96" hits="0" branch="false"/>
            <line number="97" hits="0" branch="false"/>
            <line number="98" hits="0" branch="false"/>
            <line number="99" hits="0" branch="false"/>
            <line number="100" hits="0" branch="false"/>
            <line number="101" hits="0" branch="false"/>
            <line number="102" hits="0" branch="false"/>
          </lines>
        </class>
        <class name="0-ui_containers.R" filename="R/0-ui_containers.R" line-rate="1" branch-rate="0" complexity="0">
          <methods>
            <method name="badge_dropdown" signature="" line-rate="1" branch-rate="0" complexity="0">
              <lines>
                <line number="13" hits="3" branch="false"/>
                <line number="14" hits="3" branch="false"/>
                <line number="15" hits="3" branch="false"/>
                <line number="16" hits="3" branch="false"/>
                <line number="17" hits="3" branch="false"/>
                <line number="18" hits="3" branch="false"/>
                <line number="19" hits="3" branch="false"/>
                <line number="20" hits="3" branch="false"/>
                <line number="21" hits="3" branch="false"/>
                <line number="22" hits="3" branch="false"/>
                <line number="23" hits="3" branch="false"/>
                <line number="24" hits="3" branch="false"/>
                <line number="25" hits="3" branch="false"/>
                <line number="26" hits="3" branch="false"/>
                <line number="27" hits="3" branch="false"/>
                <line number="28" hits="3" branch="false"/>
                <line number="29" hits="3" branch="false"/>
                <line number="30" hits="3" branch="false"/>
                <line number="31" hits="3" branch="false"/>
                <line number="32" hits="3" branch="false"/>
                <line number="33" hits="3" branch="false"/>
                <line number="34" hits="3" branch="false"/>
                <line number="35" hits="3" branch="false"/>
                <line number="36" hits="3" branch="false"/>
                <line number="37" hits="3" branch="false"/>
                <line number="38" hits="3" branch="false"/>
                <line number="39" hits="3" branch="false"/>
                <line number="40" hits="3" branch="false"/>
                <line number="41" hits="3" branch="false"/>
                <line number="42" hits="3" branch="false"/>
                <line number="43" hits="3" branch="false"/>
                <line number="44" hits="3" branch="false"/>
                <line number="45" hits="3" branch="false"/>
                <line number="46" hits="3" branch="false"/>
                <line number="47" hits="3" branch="false"/>
              </lines>
            </method>
            <method name="fixed_picks_container" signature="" line-rate="1" branch-rate="0" complexity="0">
              <lines>
                <line number="56" hits="1" branch="false"/>
                <line number="58" hits="1" branch="false"/>
                <line number="59" hits="1" branch="false"/>
                <line number="60" hits="1" branch="false"/>
                <line number="61" hits="1" branch="false"/>
                <line number="62" hits="1" branch="false"/>
                <line number="63" hits="1" branch="false"/>
              </lines>
            </method>
          </methods>
          <lines>
            <line number="13" hits="3" branch="false"/>
            <line number="14" hits="3" branch="false"/>
            <line number="15" hits="3" branch="false"/>
            <line number="16" hits="3" branch="false"/>
            <line number="17" hits="3" branch="false"/>
            <line number="18" hits="3" branch="false"/>
            <line number="19" hits="3" branch="false"/>
            <line number="20" hits="3" branch="false"/>
            <line number="21" hits="3" branch="false"/>
            <line number="22" hits="3" branch="false"/>
            <line number="23" hits="3" branch="false"/>
            <line number="24" hits="3" branch="false"/>
            <line number="25" hits="3" branch="false"/>
            <line number="26" hits="3" branch="false"/>
            <line number="27" hits="3" branch="false"/>
            <line number="28" hits="3" branch="false"/>
            <line number="29" hits="3" branch="false"/>
            <line number="30" hits="3" branch="false"/>
            <line number="31" hits="3" branch="false"/>
            <line number="32" hits="3" branch="false"/>
            <line number="33" hits="3" branch="false"/>
            <line number="34" hits="3" branch="false"/>
            <line number="35" hits="3" branch="false"/>
            <line number="36" hits="3" branch="false"/>
            <line number="37" hits="3" branch="false"/>
            <line number="38" hits="3" branch="false"/>
            <line number="39" hits="3" branch="false"/>
            <line number="40" hits="3" branch="false"/>
            <line number="41" hits="3" branch="false"/>
            <line number="42" hits="3" branch="false"/>
            <line number="43" hits="3" branch="false"/>
            <line number="44" hits="3" branch="false"/>
            <line number="45" hits="3" branch="false"/>
            <line number="46" hits="3" branch="false"/>
            <line number="47" hits="3" branch="false"/>
            <line number="56" hits="1" branch="false"/>
            <line number="58" hits="1" branch="false"/>
            <line number="59" hits="1" branch="false"/>
            <line number="60" hits="1" branch="false"/>
            <line number="61" hits="1" branch="false"/>
            <line number="62" hits="1" branch="false"/>
            <line number="63" hits="1" branch="false"/>
          </lines>
        </class>
        <class name="assertion.R" filename="R/assertion.R" line-rate="1" branch-rate="0" complexity="0">
          <methods>
            <method name="check_last_level" signature="" line-rate="1" branch-rate="0" complexity="0">
              <lines>
                <line number="15" hits="5" branch="false"/>
                <line number="16" hits="5" branch="false"/>
                <line number="17" hits="5" branch="false"/>
                <line number="18" hits="4" branch="false"/>
                <line number="20" hits="1" branch="false"/>
              </lines>
            </method>
          </methods>
          <lines>
            <line number="15" hits="5" branch="false"/>
            <line number="16" hits="5" branch="false"/>
            <line number="17" hits="5" branch="false"/>
            <line number="18" hits="4" branch="false"/>
            <line number="20" hits="1" branch="false"/>
          </lines>
        </class>
        <class name="helpers.R" filename="R/helpers.R" line-rate="0.28" branch-rate="0" complexity="0">
          <methods>
            <method name=".check_pick_generator" signature="" line-rate="0" branch-rate="0" complexity="0">
              <lines>
                <line number="4" hits="0" branch="false"/>
                <line number="5" hits="0" branch="false"/>
                <line number="6" hits="0" branch="false"/>
                <line number="7" hits="0" branch="false"/>
                <line number="8" hits="0" branch="false"/>
                <line number="9" hits="0" branch="false"/>
                <line number="10" hits="0" branch="false"/>
                <line number="11" hits="0" branch="false"/>
                <line number="12" hits="0" branch="false"/>
                <line number="13" hits="0" branch="false"/>
                <line number="14" hits="0" branch="false"/>
                <line number="15" hits="0" branch="false"/>
              </lines>
            </method>
            <method name="are_all_picks_fixed" signature="" line-rate="0.538461538461538" branch-rate="0" complexity="0">
              <lines>
                <line number="60" hits="4" branch="false"/>
                <line number="62" hits="4" branch="false"/>
                <line number="63" hits="4" branch="false"/>
                <line number="64" hits="1" branch="false"/>
                <line number="65" hits="1" branch="false"/>
                <line number="66" hits="0" branch="false"/>
                <line number="69" hits="3" branch="false"/>
                <line number="72" hits="0" branch="false"/>
                <line number="73" hits="0" branch="false"/>
                <line number="74" hits="0" branch="false"/>
                <line number="75" hits="0" branch="false"/>
                <line number="78" hits="0" branch="false"/>
                <line number="81" hits="4" branch="false"/>
              </lines>
            </method>
          </methods>
          <lines>
            <line number="4" hits="0" branch="false"/>
            <line number="5" hits="0" branch="false"/>
            <line number="6" hits="0" branch="false"/>
            <line number="7" hits="0" branch="false"/>
            <line number="8" hits="0" branch="false"/>
            <line number="9" hits="0" branch="false"/>
            <line number="10" hits="0" branch="false"/>
            <line number="11" hits="0" branch="false"/>
            <line number="12" hits="0" branch="false"/>
            <line number="13" hits="0" branch="false"/>
            <line number="14" hits="0" branch="false"/>
            <line number="15" hits="0" branch="false"/>
            <line number="60" hits="4" branch="false"/>
            <line number="62" hits="4" branch="false"/>
            <line number="63" hits="4" branch="false"/>
            <line number="64" hits="1" branch="false"/>
            <line number="65" hits="1" branch="false"/>
            <line number="66" hits="0" branch="false"/>
            <line number="69" hits="3" branch="false"/>
            <line number="72" hits="0" branch="false"/>
            <line number="73" hits="0" branch="false"/>
            <line number="74" hits="0" branch="false"/>
            <line number="75" hits="0" branch="false"/>
            <line number="78" hits="0" branch="false"/>
            <line number="81" hits="4" branch="false"/>
          </lines>
        </class>
        <class name="zzz.R" filename="R/zzz.R" line-rate="0" branch-rate="0" complexity="0">
          <methods>
            <method name=".onLoad" signature="" line-rate="0" branch-rate="0" complexity="0">
              <lines>
                <line number="3" hits="0" branch="false"/>
                <line number="4" hits="0" branch="false"/>
                <line number="7" hits="0" branch="false"/>
                <line number="8" hits="0" branch="false"/>
                <line number="11" hits="0" branch="false"/>
              </lines>
            </method>
          </methods>
          <lines>
            <line number="3" hits="0" branch="false"/>
            <line number="4" hits="0" branch="false"/>
            <line number="7" hits="0" branch="false"/>
            <line number="8" hits="0" branch="false"/>
            <line number="11" hits="0" branch="false"/>
          </lines>
        </class>
      </classes>
    </package>
  </packages>
</coverage>
