<?xml version="1.0" encoding="UTF-8"?>
<!DOCTYPE coverage SYSTEM "https://raw.githubusercontent.com/cobertura/cobertura/master/cobertura/src/site/htdocs/xml/coverage-04.dtd">
<coverage line-rate="0.935792349726776" branch-rate="0" lines-covered="1370" lines-valid="1464" branches-covered="0" branches-valid="0" complexity="0" version="3.6.5" timestamp="2026-07-16 12:22:33.83694">
  <sources>
    <source>/__w/teal.picks/teal.picks/teal.picks</source>
  </sources>
  <packages>
    <package name="teal.picks" line-rate="0.935792349726776" branch-rate="0" complexity="0">
      <classes>
        <class name="as_picks.R" filename="R/as_picks.R" line-rate="0.85" branch-rate="0" complexity="0">
          <methods>
            <method name="as.picks" signature="" line-rate="0.96551724137931" branch-rate="0" complexity="0">
              <lines>
                <line number="62" hits="26" branch="false"/>
                <line number="63" hits="26" branch="false"/>
                <line number="64" hits="0" branch="false"/>
                <line number="65" hits="26" branch="false"/>
                <line number="66" hits="3" branch="false"/>
                <line number="67" hits="23" branch="false"/>
                <line number="68" hits="4" branch="false"/>
                <line number="69" hits="4" branch="false"/>
                <line number="70" hits="4" branch="false"/>
                <line number="71" hits="4" branch="false"/>
                <line number="72" hits="4" branch="false"/>
                <line number="73" hits="4" branch="false"/>
                <line number="74" hits="4" branch="false"/>
                <line number="75" hits="4" branch="false"/>
                <line number="76" hits="4" branch="false"/>
                <line number="77" hits="19" branch="false"/>
                <line number="78" hits="6" branch="false"/>
                <line number="79" hits="13" branch="false"/>
                <line number="80" hits="2" branch="false"/>
                <line number="81" hits="11" branch="false"/>
                <line number="87" hits="1" branch="false"/>
                <line number="88" hits="1" branch="false"/>
                <line number="89" hits="1" branch="false"/>
                <line number="90" hits="1" branch="false"/>
                <line number="92" hits="1" branch="false"/>
                <line number="93" hits="10" branch="false"/>
                <line number="94" hits="1" branch="false"/>
                <line number="95" hits="1" branch="false"/>
                <line number="97" hits="9" branch="false"/>
              </lines>
            </method>
            <method name="teal_transform_filter" signature="" line-rate="1" branch-rate="0" complexity="0">
              <lines>
                <line number="129" hits="5" branch="false"/>
                <line number="130" hits="4" branch="false"/>
                <line number="131" hits="2" branch="false"/>
                <line number="133" hits="2" branch="false"/>
                <line number="134" hits="2" branch="false"/>
                <line number="135" hits="2" branch="false"/>
                <line number="136" hits="2" branch="false"/>
                <line number="137" hits="1" branch="false"/>
                <line number="138" hits="1" branch="false"/>
                <line number="139" hits="2" branch="false"/>
                <line number="140" hits="2" branch="false"/>
                <line number="141" hits="1" branch="false"/>
                <line number="142" hits="1" branch="false"/>
                <line number="143" hits="1" branch="false"/>
                <line number="144" hits="1" branch="false"/>
                <line number="145" hits="1" branch="false"/>
                <line number="146" hits="1" branch="false"/>
                <line number="147" hits="1" branch="false"/>
                <line number="148" hits="1" branch="false"/>
                <line number="149" hits="1" branch="false"/>
                <line number="150" hits="1" branch="false"/>
                <line number="151" hits="1" branch="false"/>
                <line number="152" hits="1" branch="false"/>
                <line number="153" hits="2" branch="false"/>
                <line number="154" hits="2" branch="false"/>
              </lines>
            </method>
            <method name=".as.picks.filter" signature="" line-rate="0.62962962962963" branch-rate="0" complexity="0">
              <lines>
                <line number="159" hits="6" branch="false"/>
                <line number="160" hits="2" branch="false"/>
                <line number="161" hits="1" branch="false"/>
                <line number="162" hits="1" branch="false"/>
                <line number="163" hits="1" branch="false"/>
                <line number="164" hits="1" branch="false"/>
                <line number="165" hits="1" branch="false"/>
                <line number="167" hits="2" branch="false"/>
                <line number="168" hits="0" branch="false"/>
                <line number="169" hits="0" branch="false"/>
                <line number="170" hits="0" branch="false"/>
                <line number="171" hits="0" branch="false"/>
                <line number="172" hits="0" branch="false"/>
                <line number="174" hits="2" branch="false"/>
                <line number="175" hits="2" branch="false"/>
                <line number="176" hits="2" branch="false"/>
                <line number="177" hits="2" branch="false"/>
                <line number="178" hits="2" branch="false"/>
                <line number="179" hits="4" branch="false"/>
                <line number="180" hits="2" branch="false"/>
                <line number="181" hits="2" branch="false"/>
                <line number="182" hits="2" branch="false"/>
                <line number="183" hits="0" branch="false"/>
                <line number="184" hits="0" branch="false"/>
                <line number="185" hits="0" branch="false"/>
                <line number="186" hits="0" branch="false"/>
                <line number="187" hits="0" branch="false"/>
              </lines>
            </method>
            <method name=".make_filter_call" signature="" line-rate="0.666666666666667" branch-rate="0" complexity="0">
              <lines>
                <line number="192" hits="1" branch="false"/>
                <line number="193" hits="1" branch="false"/>
                <line number="194" hits="1" branch="false"/>
                <line number="195" hits="1" branch="false"/>
                <line number="196" hits="1" branch="false"/>
                <line number="197" hits="1" branch="false"/>
                <line number="198" hits="1" branch="false"/>
                <line number="199" hits="1" branch="false"/>
                <line number="200" hits="1" branch="false"/>
                <line number="201" hits="1" branch="false"/>
                <line number="202" hits="0" branch="false"/>
                <line number="203" hits="0" branch="false"/>
                <line number="204" hits="0" branch="false"/>
                <line number="205" hits="0" branch="false"/>
                <line number="206" hits="0" branch="false"/>
                <line number="207" hits="0" branch="false"/>
                <line number="208" hits="0" branch="false"/>
                <line number="209" hits="1" branch="false"/>
                <line number="210" hits="1" branch="false"/>
                <line number="211" hits="1" branch="false"/>
                <line number="212" hits="1" branch="false"/>
              </lines>
            </method>
            <method name=".select_spec_to_variables" signature="" line-rate="0.914285714285714" branch-rate="0" complexity="0">
              <lines>
                <line number="216" hits="8" branch="false"/>
                <line number="217" hits="8" branch="false"/>
                <line number="218" hits="8" branch="false"/>
                <line number="219" hits="3" branch="false"/>
                <line number="220" hits="3" branch="false"/>
                <line number="221" hits="1" branch="false"/>
                <line number="222" hits="8" branch="false"/>
                <line number="223" hits="2" branch="false"/>
                <line number="224" hits="2" branch="false"/>
                <line number="225" hits="8" branch="false"/>
                <line number="226" hits="8" branch="false"/>
                <line number="227" hits="5" branch="false"/>
                <line number="228" hits="8" branch="false"/>
                <line number="229" hits="8" branch="false"/>
                <line number="230" hits="0" branch="false"/>
                <line number="231" hits="0" branch="false"/>
                <line number="232" hits="0" branch="false"/>
                <line number="233" hits="8" branch="false"/>
                <line number="234" hits="3" branch="false"/>
                <line number="235" hits="3" branch="false"/>
                <line number="236" hits="1" branch="false"/>
                <line number="237" hits="8" branch="false"/>
                <line number="238" hits="2" branch="false"/>
                <line number="239" hits="2" branch="false"/>
                <line number="240" hits="8" branch="false"/>
                <line number="241" hits="8" branch="false"/>
                <line number="242" hits="5" branch="false"/>
                <line number="243" hits="8" branch="false"/>
                <line number="244" hits="8" branch="false"/>
                <line number="245" hits="8" branch="false"/>
                <line number="246" hits="8" branch="false"/>
                <line number="247" hits="8" branch="false"/>
                <line number="248" hits="8" branch="false"/>
                <line number="249" hits="2" branch="false"/>
                <line number="251" hits="8" branch="false"/>
              </lines>
            </method>
            <method name=".choices_selected_to_variables" signature="" line-rate="1" branch-rate="0" complexity="0">
              <lines>
                <line number="256" hits="2" branch="false"/>
                <line number="257" hits="1" branch="false"/>
                <line number="258" hits="2" branch="false"/>
              </lines>
            </method>
          </methods>
          <lines>
            <line number="62" hits="26" branch="false"/>
            <line number="63" hits="26" branch="false"/>
            <line number="64" hits="0" branch="false"/>
            <line number="65" hits="26" branch="false"/>
            <line number="66" hits="3" branch="false"/>
            <line number="67" hits="23" branch="false"/>
            <line number="68" hits="4" branch="false"/>
            <line number="69" hits="4" branch="false"/>
            <line number="70" hits="4" branch="false"/>
            <line number="71" hits="4" branch="false"/>
            <line number="72" hits="4" branch="false"/>
            <line number="73" hits="4" branch="false"/>
            <line number="74" hits="4" branch="false"/>
            <line number="75" hits="4" branch="false"/>
            <line number="76" hits="4" branch="false"/>
            <line number="77" hits="19" branch="false"/>
            <line number="78" hits="6" branch="false"/>
            <line number="79" hits="13" branch="false"/>
            <line number="80" hits="2" branch="false"/>
            <line number="81" hits="11" branch="false"/>
            <line number="87" hits="1" branch="false"/>
            <line number="88" hits="1" branch="false"/>
            <line number="89" hits="1" branch="false"/>
            <line number="90" hits="1" branch="false"/>
            <line number="92" hits="1" branch="false"/>
            <line number="93" hits="10" branch="false"/>
            <line number="94" hits="1" branch="false"/>
            <line number="95" hits="1" branch="false"/>
            <line number="97" hits="9" branch="false"/>
            <line number="129" hits="5" branch="false"/>
            <line number="130" hits="4" branch="false"/>
            <line number="131" hits="2" branch="false"/>
            <line number="133" hits="2" branch="false"/>
            <line number="134" hits="2" branch="false"/>
            <line number="135" hits="2" branch="false"/>
            <line number="136" hits="2" branch="false"/>
            <line number="137" hits="1" branch="false"/>
            <line number="138" hits="1" branch="false"/>
            <line number="139" hits="2" branch="false"/>
            <line number="140" hits="2" branch="false"/>
            <line number="141" hits="1" branch="false"/>
            <line number="142" hits="1" branch="false"/>
            <line number="143" hits="1" branch="false"/>
            <line number="144" hits="1" branch="false"/>
            <line number="145" hits="1" branch="false"/>
            <line number="146" hits="1" branch="false"/>
            <line number="147" hits="1" branch="false"/>
            <line number="148" hits="1" branch="false"/>
            <line number="149" hits="1" branch="false"/>
            <line number="150" hits="1" branch="false"/>
            <line number="151" hits="1" branch="false"/>
            <line number="152" hits="1" branch="false"/>
            <line number="153" hits="2" branch="false"/>
            <line number="154" hits="2" branch="false"/>
            <line number="159" hits="6" branch="false"/>
            <line number="160" hits="2" branch="false"/>
            <line number="161" hits="1" branch="false"/>
            <line number="162" hits="1" branch="false"/>
            <line number="163" hits="1" branch="false"/>
            <line number="164" hits="1" branch="false"/>
            <line number="165" hits="1" branch="false"/>
            <line number="167" hits="2" branch="false"/>
            <line number="168" hits="0" branch="false"/>
            <line number="169" hits="0" branch="false"/>
            <line number="170" hits="0" branch="false"/>
            <line number="171" hits="0" branch="false"/>
            <line number="172" hits="0" branch="false"/>
            <line number="174" hits="2" branch="false"/>
            <line number="175" hits="2" branch="false"/>
            <line number="176" hits="2" branch="false"/>
            <line number="177" hits="2" branch="false"/>
            <line number="178" hits="2" branch="false"/>
            <line number="179" hits="4" branch="false"/>
            <line number="180" hits="2" branch="false"/>
            <line number="181" hits="2" branch="false"/>
            <line number="182" hits="2" branch="false"/>
            <line number="183" hits="0" branch="false"/>
            <line number="184" hits="0" branch="false"/>
            <line number="185" hits="0" branch="false"/>
            <line number="186" hits="0" branch="false"/>
            <line number="187" hits="0" branch="false"/>
            <line number="192" hits="1" branch="false"/>
            <line number="193" hits="1" branch="false"/>
            <line number="194" hits="1" branch="false"/>
            <line number="195" hits="1" branch="false"/>
            <line number="196" hits="1" branch="false"/>
            <line number="197" hits="1" branch="false"/>
            <line number="198" hits="1" branch="false"/>
            <line number="199" hits="1" branch="false"/>
            <line number="200" hits="1" branch="false"/>
            <line number="201" hits="1" branch="false"/>
            <line number="202" hits="0" branch="false"/>
            <line number="203" hits="0" branch="false"/>
            <line number="204" hits="0" branch="false"/>
            <line number="205" hits="0" branch="false"/>
            <line number="206" hits="0" branch="false"/>
            <line number="207" hits="0" branch="false"/>
            <line number="208" hits="0" branch="false"/>
            <line number="209" hits="1" branch="false"/>
            <line number="210" hits="1" branch="false"/>
            <line number="211" hits="1" branch="false"/>
            <line number="212" hits="1" branch="false"/>
            <line number="216" hits="8" branch="false"/>
            <line number="217" hits="8" branch="false"/>
            <line number="218" hits="8" branch="false"/>
            <line number="219" hits="3" branch="false"/>
            <line number="220" hits="3" branch="false"/>
            <line number="221" hits="1" branch="false"/>
            <line number="222" hits="8" branch="false"/>
            <line number="223" hits="2" branch="false"/>
            <line number="224" hits="2" branch="false"/>
            <line number="225" hits="8" branch="false"/>
            <line number="226" hits="8" branch="false"/>
            <line number="227" hits="5" branch="false"/>
            <line number="228" hits="8" branch="false"/>
            <line number="229" hits="8" branch="false"/>
            <line number="230" hits="0" branch="false"/>
            <line number="231" hits="0" branch="false"/>
            <line number="232" hits="0" branch="false"/>
            <line number="233" hits="8" branch="false"/>
            <line number="234" hits="3" branch="false"/>
            <line number="235" hits="3" branch="false"/>
            <line number="236" hits="1" branch="false"/>
            <line number="237" hits="8" branch="false"/>
            <line number="238" hits="2" branch="false"/>
            <line number="239" hits="2" branch="false"/>
            <line number="240" hits="8" branch="false"/>
            <line number="241" hits="8" branch="false"/>
            <line number="242" hits="5" branch="false"/>
            <line number="243" hits="8" branch="false"/>
            <line number="244" hits="8" branch="false"/>
            <line number="245" hits="8" branch="false"/>
            <line number="246" hits="8" branch="false"/>
            <line number="247" hits="8" branch="false"/>
            <line number="248" hits="8" branch="false"/>
            <line number="249" hits="2" branch="false"/>
            <line number="251" hits="8" branch="false"/>
            <line number="256" hits="2" branch="false"/>
            <line number="257" hits="1" branch="false"/>
            <line number="258" hits="2" branch="false"/>
          </lines>
        </class>
        <class name="assertion.R" filename="R/assertion.R" line-rate="0.933333333333333" branch-rate="0" complexity="0">
          <methods>
            <method name="check_last_level" signature="" line-rate="1" branch-rate="0" complexity="0">
              <lines>
                <line number="15" hits="5" branch="false"/>
                <line number="16" hits="5" branch="false"/>
                <line number="17" hits="5" branch="false"/>
                <line number="18" hits="4" branch="false"/>
                <line number="20" hits="1" branch="false"/>
              </lines>
            </method>
            <method name="check_picks" signature="" line-rate="0.92" branch-rate="0" complexity="0">
              <lines>
                <line number="51" hits="209" branch="false"/>
                <line number="52" hits="209" branch="false"/>
                <line number="53" hits="209" branch="false"/>
                <line number="55" hits="209" branch="false"/>
                <line number="56" hits="3" branch="false"/>
                <line number="60" hits="206" branch="false"/>
                <line number="61" hits="206" branch="false"/>
                <line number="63" hits="2" branch="false"/>
                <line number="66" hits="204" branch="false"/>
                <line number="67" hits="2" branch="false"/>
                <line number="70" hits="202" branch="false"/>
                <line number="71" hits="3" branch="false"/>
                <line number="74" hits="199" branch="false"/>
                <line number="75" hits="0" branch="false"/>
                <line number="78" hits="199" branch="false"/>
                <line number="79" hits="0" branch="false"/>
                <line number="83" hits="199" branch="false"/>
                <line number="84" hits="199" branch="false"/>
                <line number="86" hits="199" branch="false"/>
                <line number="87" hits="66" branch="false"/>
                <line number="88" hits="66" branch="false"/>
                <line number="89" hits="1" branch="false"/>
                <line number="91" hits="65" branch="false"/>
                <line number="92" hits="1" branch="false"/>
                <line number="96" hits="197" branch="false"/>
              </lines>
            </method>
          </methods>
          <lines>
            <line number="15" hits="5" branch="false"/>
            <line number="16" hits="5" branch="false"/>
            <line number="17" hits="5" branch="false"/>
            <line number="18" hits="4" branch="false"/>
            <line number="20" hits="1" branch="false"/>
            <line number="51" hits="209" branch="false"/>
            <line number="52" hits="209" branch="false"/>
            <line number="53" hits="209" branch="false"/>
            <line number="55" hits="209" branch="false"/>
            <line number="56" hits="3" branch="false"/>
            <line number="60" hits="206" branch="false"/>
            <line number="61" hits="206" branch="false"/>
            <line number="63" hits="2" branch="false"/>
            <line number="66" hits="204" branch="false"/>
            <line number="67" hits="2" branch="false"/>
            <line number="70" hits="202" branch="false"/>
            <line number="71" hits="3" branch="false"/>
            <line number="74" hits="199" branch="false"/>
            <line number="75" hits="0" branch="false"/>
            <line number="78" hits="199" branch="false"/>
            <line number="79" hits="0" branch="false"/>
            <line number="83" hits="199" branch="false"/>
            <line number="84" hits="199" branch="false"/>
            <line number="86" hits="199" branch="false"/>
            <line number="87" hits="66" branch="false"/>
            <line number="88" hits="66" branch="false"/>
            <line number="89" hits="1" branch="false"/>
            <line number="91" hits="65" branch="false"/>
            <line number="92" hits="1" branch="false"/>
            <line number="96" hits="197" branch="false"/>
          </lines>
        </class>
        <class name="call_utils.R" filename="R/call_utils.R" line-rate="0.850340136054422" branch-rate="0" complexity="0">
          <methods>
            <method name="call_check_parse_varname" signature="" line-rate="0.625" branch-rate="0" complexity="0">
              <lines>
                <line number="13" hits="10" branch="false"/>
                <line number="14" hits="10" branch="false"/>
                <line number="15" hits="10" branch="false"/>
                <line number="16" hits="10" branch="false"/>
                <line number="17" hits="10" branch="false"/>
                <line number="18" hits="10" branch="false"/>
                <line number="19" hits="9" branch="false"/>
                <line number="20" hits="9" branch="false"/>
                <line number="21" hits="9" branch="false"/>
                <line number="23" hits="0" branch="false"/>
                <line number="24" hits="0" branch="false"/>
                <line number="25" hits="0" branch="false"/>
                <line number="26" hits="0" branch="false"/>
                <line number="27" hits="0" branch="false"/>
                <line number="28" hits="0" branch="false"/>
                <line number="31" hits="10" branch="false"/>
              </lines>
            </method>
            <method name="call_condition_choice" signature="" line-rate="0.928571428571429" branch-rate="0" complexity="0">
              <lines>
                <line number="62" hits="6" branch="false"/>
                <line number="64" hits="6" branch="false"/>
                <line number="65" hits="0" branch="false"/>
                <line number="66" hits="6" branch="false"/>
                <line number="67" hits="1" branch="false"/>
                <line number="68" hits="5" branch="false"/>
                <line number="69" hits="1" branch="false"/>
                <line number="73" hits="6" branch="false"/>
                <line number="74" hits="2" branch="false"/>
                <line number="76" hits="4" branch="false"/>
                <line number="77" hits="4" branch="false"/>
                <line number="78" hits="4" branch="false"/>
                <line number="79" hits="4" branch="false"/>
                <line number="83" hits="4" branch="false"/>
              </lines>
            </method>
            <method name="call_condition_range" signature="" line-rate="1" branch-rate="0" complexity="0">
              <lines>
                <line number="102" hits="1" branch="false"/>
                <line number="104" hits="1" branch="false"/>
                <line number="105" hits="1" branch="false"/>
                <line number="106" hits="1" branch="false"/>
                <line number="107" hits="1" branch="false"/>
                <line number="108" hits="1" branch="false"/>
                <line number="109" hits="1" branch="false"/>
              </lines>
            </method>
            <method name="call_condition_logical" signature="" line-rate="0.4" branch-rate="0" complexity="0">
              <lines>
                <line number="127" hits="1" branch="false"/>
                <line number="128" hits="1" branch="false"/>
                <line number="130" hits="1" branch="false"/>
                <line number="131" hits="1" branch="false"/>
                <line number="132" hits="0" branch="false"/>
                <line number="133" hits="0" branch="false"/>
                <line number="135" hits="0" branch="false"/>
                <line number="136" hits="0" branch="false"/>
                <line number="137" hits="0" branch="false"/>
                <line number="138" hits="0" branch="false"/>
              </lines>
            </method>
            <method name="call_condition_range_posixct" signature="" line-rate="1" branch-rate="0" complexity="0">
              <lines>
                <line number="158" hits="1" branch="false"/>
                <line number="159" hits="1" branch="false"/>
                <line number="160" hits="1" branch="false"/>
                <line number="162" hits="1" branch="false"/>
                <line number="163" hits="1" branch="false"/>
                <line number="165" hits="1" branch="false"/>
                <line number="166" hits="1" branch="false"/>
                <line number="167" hits="1" branch="false"/>
                <line number="168" hits="1" branch="false"/>
                <line number="169" hits="1" branch="false"/>
                <line number="171" hits="1" branch="false"/>
                <line number="172" hits="1" branch="false"/>
                <line number="173" hits="1" branch="false"/>
                <line number="174" hits="1" branch="false"/>
                <line number="175" hits="1" branch="false"/>
              </lines>
            </method>
            <method name="call_condition_range_date" signature="" line-rate="1" branch-rate="0" complexity="0">
              <lines>
                <line number="190" hits="1" branch="false"/>
                <line number="191" hits="1" branch="false"/>
                <line number="192" hits="1" branch="false"/>
                <line number="194" hits="1" branch="false"/>
                <line number="195" hits="1" branch="false"/>
                <line number="196" hits="1" branch="false"/>
                <line number="197" hits="1" branch="false"/>
                <line number="198" hits="1" branch="false"/>
              </lines>
            </method>
            <method name="calls_combine_by" signature="" line-rate="1" branch-rate="0" complexity="0">
              <lines>
                <line number="213" hits="36" branch="false"/>
                <line number="214" hits="36" branch="false"/>
                <line number="215" hits="36" branch="false"/>
                <line number="216" hits="36" branch="false"/>
                <line number="217" hits="36" branch="false"/>
                <line number="218" hits="36" branch="false"/>
                <line number="219" hits="36" branch="false"/>
                <line number="220" hits="36" branch="false"/>
                <line number="221" hits="36" branch="false"/>
                <line number="222" hits="36" branch="false"/>
                <line number="223" hits="36" branch="false"/>
                <line number="224" hits="36" branch="false"/>
                <line number="225" hits="36" branch="false"/>
                <line number="226" hits="36" branch="false"/>
              </lines>
            </method>
            <method name=".call_dplyr_select" signature="" line-rate="1" branch-rate="0" complexity="0">
              <lines>
                <line number="239" hits="37" branch="false"/>
                <line number="240" hits="37" branch="false"/>
                <line number="241" hits="37" branch="false"/>
                <line number="242" hits="37" branch="false"/>
                <line number="243" hits="37" branch="false"/>
                <line number="244" hits="37" branch="false"/>
                <line number="245" hits="37" branch="false"/>
                <line number="246" hits="37" branch="false"/>
                <line number="247" hits="37" branch="false"/>
              </lines>
            </method>
            <method name=".call_dplyr_filter" signature="" line-rate="0.8" branch-rate="0" complexity="0">
              <lines>
                <line number="257" hits="11" branch="false"/>
                <line number="258" hits="11" branch="false"/>
                <line number="259" hits="11" branch="false"/>
                <line number="261" hits="0" branch="false"/>
                <line number="264" hits="11" branch="false"/>
              </lines>
            </method>
            <method name=".predicates" signature="" line-rate="0.804878048780488" branch-rate="0" complexity="0">
              <lines>
                <line number="268" hits="11" branch="false"/>
                <line number="269" hits="1" branch="false"/>
                <line number="270" hits="10" branch="false"/>
                <line number="271" hits="1" branch="false"/>
                <line number="272" hits="9" branch="false"/>
                <line number="273" hits="1" branch="false"/>
                <line number="274" hits="8" branch="false"/>
                <line number="275" hits="1" branch="false"/>
                <line number="277" hits="7" branch="false"/>
                <line number="278" hits="7" branch="false"/>
                <line number="280" hits="1" branch="false"/>
                <line number="281" hits="0" branch="false"/>
                <line number="282" hits="0" branch="false"/>
                <line number="284" hits="1" branch="false"/>
                <line number="285" hits="0" branch="false"/>
                <line number="286" hits="0" branch="false"/>
                <line number="287" hits="0" branch="false"/>
                <line number="288" hits="0" branch="false"/>
                <line number="289" hits="0" branch="false"/>
                <line number="291" hits="1" branch="false"/>
                <line number="292" hits="6" branch="false"/>
                <line number="293" hits="6" branch="false"/>
                <line number="294" hits="0" branch="false"/>
                <line number="297" hits="6" branch="false"/>
                <line number="298" hits="1" branch="false"/>
                <line number="299" hits="1" branch="false"/>
                <line number="300" hits="1" branch="false"/>
                <line number="301" hits="1" branch="false"/>
                <line number="302" hits="1" branch="false"/>
                <line number="303" hits="1" branch="false"/>
                <line number="304" hits="1" branch="false"/>
                <line number="305" hits="1" branch="false"/>
                <line number="306" hits="1" branch="false"/>
                <line number="307" hits="1" branch="false"/>
                <line number="308" hits="1" branch="false"/>
                <line number="309" hits="1" branch="false"/>
                <line number="310" hits="1" branch="false"/>
                <line number="311" hits="6" branch="false"/>
                <line number="312" hits="5" branch="false"/>
                <line number="313" hits="6" branch="false"/>
                <line number="314" hits="6" branch="false"/>
              </lines>
            </method>
            <method name=".call_mutate_operators" signature="" line-rate="1" branch-rate="0" complexity="0">
              <lines>
                <line number="319" hits="1" branch="false"/>
                <line number="320" hits="1" branch="false"/>
                <line number="321" hits="1" branch="false"/>
                <line number="322" hits="1" branch="false"/>
                <line number="323" hits="1" branch="false"/>
                <line number="324" hits="1" branch="false"/>
                <line number="325" hits="1" branch="false"/>
                <line number="327" hits="1" branch="false"/>
              </lines>
            </method>
          </methods>
          <lines>
            <line number="13" hits="10" branch="false"/>
            <line number="14" hits="10" branch="false"/>
            <line number="15" hits="10" branch="false"/>
            <line number="16" hits="10" branch="false"/>
            <line number="17" hits="10" branch="false"/>
            <line number="18" hits="10" branch="false"/>
            <line number="19" hits="9" branch="false"/>
            <line number="20" hits="9" branch="false"/>
            <line number="21" hits="9" branch="false"/>
            <line number="23" hits="0" branch="false"/>
            <line number="24" hits="0" branch="false"/>
            <line number="25" hits="0" branch="false"/>
            <line number="26" hits="0" branch="false"/>
            <line number="27" hits="0" branch="false"/>
            <line number="28" hits="0" branch="false"/>
            <line number="31" hits="10" branch="false"/>
            <line number="62" hits="6" branch="false"/>
            <line number="64" hits="6" branch="false"/>
            <line number="65" hits="0" branch="false"/>
            <line number="66" hits="6" branch="false"/>
            <line number="67" hits="1" branch="false"/>
            <line number="68" hits="5" branch="false"/>
            <line number="69" hits="1" branch="false"/>
            <line number="73" hits="6" branch="false"/>
            <line number="74" hits="2" branch="false"/>
            <line number="76" hits="4" branch="false"/>
            <line number="77" hits="4" branch="false"/>
            <line number="78" hits="4" branch="false"/>
            <line number="79" hits="4" branch="false"/>
            <line number="83" hits="4" branch="false"/>
            <line number="102" hits="1" branch="false"/>
            <line number="104" hits="1" branch="false"/>
            <line number="105" hits="1" branch="false"/>
            <line number="106" hits="1" branch="false"/>
            <line number="107" hits="1" branch="false"/>
            <line number="108" hits="1" branch="false"/>
            <line number="109" hits="1" branch="false"/>
            <line number="127" hits="1" branch="false"/>
            <line number="128" hits="1" branch="false"/>
            <line number="130" hits="1" branch="false"/>
            <line number="131" hits="1" branch="false"/>
            <line number="132" hits="0" branch="false"/>
            <line number="133" hits="0" branch="false"/>
            <line number="135" hits="0" branch="false"/>
            <line number="136" hits="0" branch="false"/>
            <line number="137" hits="0" branch="false"/>
            <line number="138" hits="0" branch="false"/>
            <line number="158" hits="1" branch="false"/>
            <line number="159" hits="1" branch="false"/>
            <line number="160" hits="1" branch="false"/>
            <line number="162" hits="1" branch="false"/>
            <line number="163" hits="1" branch="false"/>
            <line number="165" hits="1" branch="false"/>
            <line number="166" hits="1" branch="false"/>
            <line number="167" hits="1" branch="false"/>
            <line number="168" hits="1" branch="false"/>
            <line number="169" hits="1" branch="false"/>
            <line number="171" hits="1" branch="false"/>
            <line number="172" hits="1" branch="false"/>
            <line number="173" hits="1" branch="false"/>
            <line number="174" hits="1" branch="false"/>
            <line number="175" hits="1" branch="false"/>
            <line number="190" hits="1" branch="false"/>
            <line number="191" hits="1" branch="false"/>
            <line number="192" hits="1" branch="false"/>
            <line number="194" hits="1" branch="false"/>
            <line number="195" hits="1" branch="false"/>
            <line number="196" hits="1" branch="false"/>
            <line number="197" hits="1" branch="false"/>
            <line number="198" hits="1" branch="false"/>
            <line number="213" hits="36" branch="false"/>
            <line number="214" hits="36" branch="false"/>
            <line number="215" hits="36" branch="false"/>
            <line number="216" hits="36" branch="false"/>
            <line number="217" hits="36" branch="false"/>
            <line number="218" hits="36" branch="false"/>
            <line number="219" hits="36" branch="false"/>
            <line number="220" hits="36" branch="false"/>
            <line number="221" hits="36" branch="false"/>
            <line number="222" hits="36" branch="false"/>
            <line number="223" hits="36" branch="false"/>
            <line number="224" hits="36" branch="false"/>
            <line number="225" hits="36" branch="false"/>
            <line number="226" hits="36" branch="false"/>
            <line number="239" hits="37" branch="false"/>
            <line number="240" hits="37" branch="false"/>
            <line number="241" hits="37" branch="false"/>
            <line number="242" hits="37" branch="false"/>
            <line number="243" hits="37" branch="false"/>
            <line number="244" hits="37" branch="false"/>
            <line number="245" hits="37" branch="false"/>
            <line number="246" hits="37" branch="false"/>
            <line number="247" hits="37" branch="false"/>
            <line number="257" hits="11" branch="false"/>
            <line number="258" hits="11" branch="false"/>
            <line number="259" hits="11" branch="false"/>
            <line number="261" hits="0" branch="false"/>
            <line number="264" hits="11" branch="false"/>
            <line number="268" hits="11" branch="false"/>
            <line number="269" hits="1" branch="false"/>
            <line number="270" hits="10" branch="false"/>
            <line number="271" hits="1" branch="false"/>
            <line number="272" hits="9" branch="false"/>
            <line number="273" hits="1" branch="false"/>
            <line number="274" hits="8" branch="false"/>
            <line number="275" hits="1" branch="false"/>
            <line number="277" hits="7" branch="false"/>
            <line number="278" hits="7" branch="false"/>
            <line number="280" hits="1" branch="false"/>
            <line number="281" hits="0" branch="false"/>
            <line number="282" hits="0" branch="false"/>
            <line number="284" hits="1" branch="false"/>
            <line number="285" hits="0" branch="false"/>
            <line number="286" hits="0" branch="false"/>
            <line number="287" hits="0" branch="false"/>
            <line number="288" hits="0" branch="false"/>
            <line number="289" hits="0" branch="false"/>
            <line number="291" hits="1" branch="false"/>
            <line number="292" hits="6" branch="false"/>
            <line number="293" hits="6" branch="false"/>
            <line number="294" hits="0" branch="false"/>
            <line number="297" hits="6" branch="false"/>
            <line number="298" hits="1" branch="false"/>
            <line number="299" hits="1" branch="false"/>
            <line number="300" hits="1" branch="false"/>
            <line number="301" hits="1" branch="false"/>
            <line number="302" hits="1" branch="false"/>
            <line number="303" hits="1" branch="false"/>
            <line number="304" hits="1" branch="false"/>
            <line number="305" hits="1" branch="false"/>
            <line number="306" hits="1" branch="false"/>
            <line number="307" hits="1" branch="false"/>
            <line number="308" hits="1" branch="false"/>
            <line number="309" hits="1" branch="false"/>
            <line number="310" hits="1" branch="false"/>
            <line number="311" hits="6" branch="false"/>
            <line number="312" hits="5" branch="false"/>
            <line number="313" hits="6" branch="false"/>
            <line number="314" hits="6" branch="false"/>
            <line number="319" hits="1" branch="false"/>
            <line number="320" hits="1" branch="false"/>
            <line number="321" hits="1" branch="false"/>
            <line number="322" hits="1" branch="false"/>
            <line number="323" hits="1" branch="false"/>
            <line number="324" hits="1" branch="false"/>
            <line number="325" hits="1" branch="false"/>
            <line number="327" hits="1" branch="false"/>
          </lines>
        </class>
        <class name="helpers.R" filename="R/helpers.R" line-rate="1" branch-rate="0" complexity="0">
          <methods>
            <method name="is_pick_multiple" signature="" line-rate="1" branch-rate="0" complexity="0">
              <lines>
                <line number="17" hits="8" branch="false"/>
                <line number="18" hits="7" branch="false"/>
                <line number="19" hits="7" branch="false"/>
              </lines>
            </method>
            <method name="is_pick_fixed" signature="" line-rate="1" branch-rate="0" complexity="0">
              <lines>
                <line number="30" hits="37" branch="false"/>
                <line number="31" hits="36" branch="false"/>
                <line number="32" hits="36" branch="false"/>
              </lines>
            </method>
            <method name="is_pick_ordered" signature="" line-rate="1" branch-rate="0" complexity="0">
              <lines>
                <line number="43" hits="8" branch="false"/>
                <line number="44" hits="7" branch="false"/>
                <line number="45" hits="7" branch="false"/>
              </lines>
            </method>
          </methods>
          <lines>
            <line number="17" hits="8" branch="false"/>
            <line number="18" hits="7" branch="false"/>
            <line number="19" hits="7" branch="false"/>
            <line number="30" hits="37" branch="false"/>
            <line number="31" hits="36" branch="false"/>
            <line number="32" hits="36" branch="false"/>
            <line number="43" hits="8" branch="false"/>
            <line number="44" hits="7" branch="false"/>
            <line number="45" hits="7" branch="false"/>
          </lines>
        </class>
        <class name="interaction.R" filename="R/interaction.R" line-rate="0.976190476190476" branch-rate="0" complexity="0">
          <methods>
            <method name="interaction_vars" signature="" line-rate="1" branch-rate="0" complexity="0">
              <lines>
                <line number="28" hits="7" branch="false"/>
                <line number="29" hits="7" branch="false"/>
                <line number="30" hits="4" branch="false"/>
                <line number="31" hits="3" branch="false"/>
                <line number="32" hits="3" branch="false"/>
                <line number="33" hits="3" branch="false"/>
                <line number="34" hits="3" branch="false"/>
                <line number="35" hits="3" branch="false"/>
                <line number="36" hits="3" branch="false"/>
                <line number="37" hits="3" branch="false"/>
                <line number="39" hits="1" branch="false"/>
                <line number="40" hits="1" branch="false"/>
                <line number="41" hits="1" branch="false"/>
                <line number="42" hits="1" branch="false"/>
                <line number="43" hits="1" branch="false"/>
                <line number="45" hits="4" branch="false"/>
              </lines>
            </method>
            <method name=".operator_mutate" signature="" line-rate="1" branch-rate="0" complexity="0">
              <lines>
                <line number="49" hits="2" branch="false"/>
              </lines>
            </method>
            <method name=".operator_mutate.interaction" signature="" line-rate="1" branch-rate="0" complexity="0">
              <lines>
                <line number="55" hits="2" branch="false"/>
                <line number="56" hits="2" branch="false"/>
                <line number="57" hits="2" branch="false"/>
                <line number="58" hits="2" branch="false"/>
                <line number="59" hits="2" branch="false"/>
                <line number="60" hits="2" branch="false"/>
                <line number="61" hits="2" branch="false"/>
              </lines>
            </method>
            <method name=".call_condition_operators.interaction" signature="" line-rate="1" branch-rate="0" complexity="0">
              <lines>
                <line number="67" hits="1" branch="false"/>
                <line number="68" hits="1" branch="false"/>
                <line number="69" hits="1" branch="false"/>
                <line number="70" hits="1" branch="false"/>
                <line number="71" hits="1" branch="false"/>
                <line number="72" hits="1" branch="false"/>
                <line number="73" hits="1" branch="false"/>
                <line number="74" hits="1" branch="false"/>
                <line number="75" hits="1" branch="false"/>
                <line number="76" hits="1" branch="false"/>
                <line number="77" hits="1" branch="false"/>
              </lines>
            </method>
            <method name=".call_condition_operators" signature="" line-rate="1" branch-rate="0" complexity="0">
              <lines>
                <line number="81" hits="1" branch="false"/>
              </lines>
            </method>
            <method name=".operator_mutate_args" signature="" line-rate="1" branch-rate="0" complexity="0">
              <lines>
                <line number="85" hits="2" branch="false"/>
              </lines>
            </method>
            <method name=".operator_mutate_args.interaction" signature="" line-rate="1" branch-rate="0" complexity="0">
              <lines>
                <line number="91" hits="2" branch="false"/>
                <line number="92" hits="2" branch="false"/>
              </lines>
            </method>
            <method name=".is_operator_selected" signature="" line-rate="0.666666666666667" branch-rate="0" complexity="0">
              <lines>
                <line number="104" hits="1" branch="false"/>
                <line number="105" hits="0" branch="false"/>
                <line number="107" hits="1" branch="false"/>
              </lines>
            </method>
          </methods>
          <lines>
            <line number="28" hits="7" branch="false"/>
            <line number="29" hits="7" branch="false"/>
            <line number="30" hits="4" branch="false"/>
            <line number="31" hits="3" branch="false"/>
            <line number="32" hits="3" branch="false"/>
            <line number="33" hits="3" branch="false"/>
            <line number="34" hits="3" branch="false"/>
            <line number="35" hits="3" branch="false"/>
            <line number="36" hits="3" branch="false"/>
            <line number="37" hits="3" branch="false"/>
            <line number="39" hits="1" branch="false"/>
            <line number="40" hits="1" branch="false"/>
            <line number="41" hits="1" branch="false"/>
            <line number="42" hits="1" branch="false"/>
            <line number="43" hits="1" branch="false"/>
            <line number="45" hits="4" branch="false"/>
            <line number="49" hits="2" branch="false"/>
            <line number="55" hits="2" branch="false"/>
            <line number="56" hits="2" branch="false"/>
            <line number="57" hits="2" branch="false"/>
            <line number="58" hits="2" branch="false"/>
            <line number="59" hits="2" branch="false"/>
            <line number="60" hits="2" branch="false"/>
            <line number="61" hits="2" branch="false"/>
            <line number="67" hits="1" branch="false"/>
            <line number="68" hits="1" branch="false"/>
            <line number="69" hits="1" branch="false"/>
            <line number="70" hits="1" branch="false"/>
            <line number="71" hits="1" branch="false"/>
            <line number="72" hits="1" branch="false"/>
            <line number="73" hits="1" branch="false"/>
            <line number="74" hits="1" branch="false"/>
            <line number="75" hits="1" branch="false"/>
            <line number="76" hits="1" branch="false"/>
            <line number="77" hits="1" branch="false"/>
            <line number="81" hits="1" branch="false"/>
            <line number="85" hits="2" branch="false"/>
            <line number="91" hits="2" branch="false"/>
            <line number="92" hits="2" branch="false"/>
            <line number="104" hits="1" branch="false"/>
            <line number="105" hits="0" branch="false"/>
            <line number="107" hits="1" branch="false"/>
          </lines>
        </class>
        <class name="module_merge.R" filename="R/module_merge.R" line-rate="0.992217898832685" branch-rate="0" complexity="0">
          <methods>
            <method name="merge_srv" signature="" line-rate="1" branch-rate="0" complexity="0">
              <lines>
                <line number="205" hits="37" branch="false"/>
                <line number="206" hits="35" branch="false"/>
                <line number="207" hits="34" branch="false"/>
                <line number="208" hits="34" branch="false"/>
                <line number="209" hits="34" branch="false"/>
                <line number="211" hits="34" branch="false"/>
                <line number="212" hits="29" branch="false"/>
                <line number="213" hits="34" branch="false"/>
                <line number="215" hits="34" branch="false"/>
                <line number="216" hits="28" branch="false"/>
                <line number="217" hits="28" branch="false"/>
                <line number="218" hits="28" branch="false"/>
                <line number="219" hits="28" branch="false"/>
                <line number="220" hits="28" branch="false"/>
                <line number="221" hits="28" branch="false"/>
                <line number="222" hits="28" branch="false"/>
                <line number="223" hits="34" branch="false"/>
                <line number="225" hits="34" branch="false"/>
                <line number="226" hits="34" branch="false"/>
                <line number="227" hits="34" branch="false"/>
                <line number="228" hits="14" branch="false"/>
                <line number="229" hits="14" branch="false"/>
                <line number="230" hits="14" branch="false"/>
                <line number="231" hits="14" branch="false"/>
                <line number="232" hits="14" branch="false"/>
                <line number="233" hits="34" branch="false"/>
                <line number="234" hits="34" branch="false"/>
                <line number="236" hits="34" branch="false"/>
                <line number="237" hits="34" branch="false"/>
              </lines>
            </method>
            <method name=".qenv_merge" signature="" line-rate="1" branch-rate="0" complexity="0">
              <lines>
                <line number="246" hits="28" branch="false"/>
                <line number="247" hits="28" branch="false"/>
                <line number="248" hits="28" branch="false"/>
                <line number="251" hits="28" branch="false"/>
                <line number="253" hits="25" branch="false"/>
                <line number="255" hits="25" branch="false"/>
                <line number="256" hits="25" branch="false"/>
                <line number="257" hits="25" branch="false"/>
              </lines>
            </method>
            <method name=".merge_expr" signature="" line-rate="0.984126984126984" branch-rate="0" complexity="0">
              <lines>
                <line number="266" hits="25" branch="false"/>
                <line number="267" hits="25" branch="false"/>
                <line number="268" hits="25" branch="false"/>
                <line number="270" hits="25" branch="false"/>
                <line number="271" hits="25" branch="false"/>
                <line number="272" hits="25" branch="false"/>
                <line number="274" hits="25" branch="false"/>
                <line number="275" hits="25" branch="false"/>
                <line number="276" hits="25" branch="false"/>
                <line number="277" hits="25" branch="false"/>
                <line number="279" hits="25" branch="false"/>
                <line number="281" hits="25" branch="false"/>
                <line number="282" hits="25" branch="false"/>
                <line number="283" hits="25" branch="false"/>
                <line number="284" hits="25" branch="false"/>
                <line number="285" hits="37" branch="false"/>
                <line number="286" hits="37" branch="false"/>
                <line number="287" hits="37" branch="false"/>
                <line number="288" hits="37" branch="false"/>
                <line number="289" hits="37" branch="false"/>
                <line number="291" hits="37" branch="false"/>
                <line number="292" hits="37" branch="false"/>
                <line number="293" hits="37" branch="false"/>
                <line number="294" hits="18" branch="false"/>
                <line number="295" hits="37" branch="false"/>
                <line number="296" hits="19" branch="false"/>
                <line number="297" hits="37" branch="false"/>
                <line number="298" hits="37" branch="false"/>
                <line number="299" hits="37" branch="false"/>
                <line number="300" hits="37" branch="false"/>
                <line number="301" hits="37" branch="false"/>
                <line number="302" hits="37" branch="false"/>
                <line number="303" hits="1" branch="false"/>
                <line number="304" hits="37" branch="false"/>
                <line number="305" hits="36" branch="false"/>
                <line number="306" hits="37" branch="false"/>
                <line number="309" hits="37" branch="false"/>
                <line number="310" hits="37" branch="false"/>
                <line number="311" hits="1" branch="false"/>
                <line number="314" hits="37" branch="false"/>
                <line number="315" hits="37" branch="false"/>
                <line number="316" hits="37" branch="false"/>
                <line number="317" hits="37" branch="false"/>
                <line number="318" hits="37" branch="false"/>
                <line number="320" hits="37" branch="false"/>
                <line number="321" hits="11" branch="false"/>
                <line number="324" hits="37" branch="false"/>
                <line number="325" hits="12" branch="false"/>
                <line number="326" hits="12" branch="false"/>
                <line number="327" hits="12" branch="false"/>
                <line number="328" hits="0" branch="false"/>
                <line number="330" hits="12" branch="false"/>
                <line number="331" hits="12" branch="false"/>
                <line number="332" hits="12" branch="false"/>
                <line number="333" hits="12" branch="false"/>
                <line number="334" hits="12" branch="false"/>
                <line number="335" hits="12" branch="false"/>
                <line number="336" hits="12" branch="false"/>
                <line number="337" hits="12" branch="false"/>
                <line number="340" hits="37" branch="false"/>
                <line number="341" hits="37" branch="false"/>
                <line number="342" hits="37" branch="false"/>
                <line number="345" hits="25" branch="false"/>
              </lines>
            </method>
            <method name=".merge_summary_list" signature="" line-rate="1" branch-rate="0" complexity="0">
              <lines>
                <line number="359" hits="42" branch="false"/>
                <line number="360" hits="42" branch="false"/>
                <line number="362" hits="42" branch="false"/>
                <line number="363" hits="40" branch="false"/>
                <line number="365" hits="36" branch="false"/>
                <line number="366" hits="36" branch="false"/>
                <line number="367" hits="36" branch="false"/>
                <line number="368" hits="36" branch="false"/>
                <line number="369" hits="36" branch="false"/>
                <line number="370" hits="36" branch="false"/>
                <line number="371" hits="36" branch="false"/>
                <line number="372" hits="36" branch="false"/>
                <line number="373" hits="36" branch="false"/>
                <line number="374" hits="36" branch="false"/>
                <line number="376" hits="36" branch="false"/>
                <line number="377" hits="36" branch="false"/>
                <line number="379" hits="36" branch="false"/>
                <line number="380" hits="36" branch="false"/>
                <line number="383" hits="11" branch="false"/>
                <line number="384" hits="11" branch="false"/>
                <line number="385" hits="11" branch="false"/>
                <line number="386" hits="11" branch="false"/>
                <line number="389" hits="11" branch="false"/>
                <line number="391" hits="36" branch="false"/>
                <line number="392" hits="36" branch="false"/>
                <line number="393" hits="36" branch="false"/>
                <line number="394" hits="36" branch="false"/>
                <line number="408" hits="55" branch="false"/>
                <line number="411" hits="55" branch="false"/>
                <line number="412" hits="55" branch="false"/>
                <line number="413" hits="55" branch="false"/>
                <line number="414" hits="55" branch="false"/>
                <line number="415" hits="55" branch="false"/>
                <line number="416" hits="30" branch="false"/>
                <line number="418" hits="30" branch="false"/>
                <line number="420" hits="19" branch="false"/>
                <line number="421" hits="19" branch="false"/>
                <line number="422" hits="19" branch="false"/>
                <line number="423" hits="19" branch="false"/>
                <line number="424" hits="19" branch="false"/>
                <line number="425" hits="19" branch="false"/>
                <line number="426" hits="19" branch="false"/>
                <line number="427" hits="55" branch="false"/>
                <line number="428" hits="55" branch="false"/>
                <line number="429" hits="55" branch="false"/>
                <line number="430" hits="55" branch="false"/>
                <line number="431" hits="55" branch="false"/>
                <line number="433" hits="55" branch="false"/>
                <line number="434" hits="55" branch="false"/>
                <line number="435" hits="55" branch="false"/>
                <line number="439" hits="55" branch="false"/>
                <line number="440" hits="55" branch="false"/>
                <line number="441" hits="55" branch="false"/>
                <line number="442" hits="55" branch="false"/>
                <line number="446" hits="55" branch="false"/>
                <line number="447" hits="55" branch="false"/>
                <line number="448" hits="55" branch="false"/>
                <line number="449" hits="55" branch="false"/>
                <line number="450" hits="55" branch="false"/>
                <line number="451" hits="55" branch="false"/>
                <line number="452" hits="55" branch="false"/>
                <line number="454" hits="55" branch="false"/>
                <line number="455" hits="55" branch="false"/>
                <line number="457" hits="55" branch="false"/>
                <line number="460" hits="36" branch="false"/>
              </lines>
            </method>
            <method name=".fk" signature="" line-rate="1" branch-rate="0" complexity="0">
              <lines>
                <line number="464" hits="92" branch="false"/>
                <line number="465" hits="92" branch="false"/>
              </lines>
            </method>
            <method name=".suffix_duplicated_vars" signature="" line-rate="1" branch-rate="0" complexity="0">
              <lines>
                <line number="469" hits="83" branch="false"/>
                <line number="470" hits="83" branch="false"/>
                <line number="471" hits="83" branch="false"/>
                <line number="473" hits="12" branch="false"/>
                <line number="475" hits="83" branch="false"/>
              </lines>
            </method>
            <method name=".validate_join_keys" signature="" line-rate="1" branch-rate="0" complexity="0">
              <lines>
                <line number="490" hits="40" branch="false"/>
                <line number="491" hits="40" branch="false"/>
                <line number="492" hits="40" branch="false"/>
                <line number="493" hits="40" branch="false"/>
                <line number="495" hits="40" branch="false"/>
                <line number="497" hits="40" branch="false"/>
                <line number="498" hits="25" branch="false"/>
                <line number="502" hits="15" branch="false"/>
                <line number="505" hits="15" branch="false"/>
                <line number="508" hits="15" branch="false"/>
                <line number="509" hits="2" branch="false"/>
                <line number="510" hits="2" branch="false"/>
                <line number="511" hits="2" branch="false"/>
                <line number="512" hits="2" branch="false"/>
                <line number="513" hits="2" branch="false"/>
                <line number="514" hits="2" branch="false"/>
                <line number="515" hits="2" branch="false"/>
                <line number="516" hits="2" branch="false"/>
                <line number="517" hits="2" branch="false"/>
                <line number="518" hits="2" branch="false"/>
                <line number="519" hits="2" branch="false"/>
                <line number="523" hits="13" branch="false"/>
                <line number="525" hits="13" branch="false"/>
                <line number="526" hits="21" branch="false"/>
                <line number="527" hits="21" branch="false"/>
                <line number="530" hits="21" branch="false"/>
                <line number="531" hits="32" branch="false"/>
                <line number="532" hits="19" branch="false"/>
                <line number="533" hits="19" branch="false"/>
                <line number="537" hits="21" branch="false"/>
                <line number="538" hits="2" branch="false"/>
                <line number="539" hits="2" branch="false"/>
                <line number="540" hits="2" branch="false"/>
                <line number="541" hits="2" branch="false"/>
                <line number="542" hits="2" branch="false"/>
                <line number="543" hits="2" branch="false"/>
                <line number="544" hits="2" branch="false"/>
                <line number="545" hits="2" branch="false"/>
                <line number="546" hits="2" branch="false"/>
                <line number="547" hits="2" branch="false"/>
                <line number="548" hits="2" branch="false"/>
                <line number="549" hits="2" branch="false"/>
                <line number="550" hits="2" branch="false"/>
                <line number="551" hits="2" branch="false"/>
                <line number="555" hits="19" branch="false"/>
                <line number="558" hits="11" branch="false"/>
              </lines>
            </method>
            <method name=".validate_is_eager" signature="" line-rate="1" branch-rate="0" complexity="0">
              <lines>
                <line number="562" hits="166" branch="false"/>
                <line number="563" hits="166" branch="false"/>
                <line number="564" hits="166" branch="false"/>
                <line number="565" hits="166" branch="false"/>
              </lines>
            </method>
            <method name=".trim_filter_mapping" signature="" line-rate="1" branch-rate="0" complexity="0">
              <lines>
                <line number="569" hits="41" branch="false"/>
                <line number="570" hits="29" branch="false"/>
                <line number="573" hits="12" branch="false"/>
                <line number="574" hits="12" branch="false"/>
                <line number="575" hits="12" branch="false"/>
                <line number="577" hits="12" branch="false"/>
                <line number="579" hits="1" branch="false"/>
                <line number="580" hits="1" branch="false"/>
                <line number="581" hits="1" branch="false"/>
                <line number="584" hits="12" branch="false"/>
                <line number="585" hits="12" branch="false"/>
                <line number="586" hits="12" branch="false"/>
                <line number="587" hits="12" branch="false"/>
                <line number="589" hits="12" branch="false"/>
                <line number="590" hits="1" branch="false"/>
                <line number="592" hits="11" branch="false"/>
              </lines>
            </method>
            <method name=".mapping_input_to_datasets" signature="" line-rate="0.947368421052632" branch-rate="0" complexity="0">
              <lines>
                <line number="596" hits="25" branch="false"/>
                <line number="597" hits="25" branch="false"/>
                <line number="599" hits="25" branch="false"/>
                <line number="600" hits="25" branch="false"/>
                <line number="602" hits="25" branch="false"/>
                <line number="603" hits="41" branch="false"/>
                <line number="604" hits="41" branch="false"/>
                <line number="605" hits="37" branch="false"/>
                <line number="608" hits="41" branch="false"/>
                <line number="609" hits="0" branch="false"/>
                <line number="612" hits="41" branch="false"/>
                <line number="613" hits="41" branch="false"/>
                <line number="614" hits="41" branch="false"/>
                <line number="616" hits="41" branch="false"/>
                <line number="618" hits="41" branch="false"/>
                <line number="619" hits="12" branch="false"/>
                <line number="620" hits="12" branch="false"/>
                <line number="622" hits="41" branch="false"/>
                <line number="624" hits="25" branch="false"/>
              </lines>
            </method>
          </methods>
          <lines>
            <line number="205" hits="37" branch="false"/>
            <line number="206" hits="35" branch="false"/>
            <line number="207" hits="34" branch="false"/>
            <line number="208" hits="34" branch="false"/>
            <line number="209" hits="34" branch="false"/>
            <line number="211" hits="34" branch="false"/>
            <line number="212" hits="29" branch="false"/>
            <line number="213" hits="34" branch="false"/>
            <line number="215" hits="34" branch="false"/>
            <line number="216" hits="28" branch="false"/>
            <line number="217" hits="28" branch="false"/>
            <line number="218" hits="28" branch="false"/>
            <line number="219" hits="28" branch="false"/>
            <line number="220" hits="28" branch="false"/>
            <line number="221" hits="28" branch="false"/>
            <line number="222" hits="28" branch="false"/>
            <line number="223" hits="34" branch="false"/>
            <line number="225" hits="34" branch="false"/>
            <line number="226" hits="34" branch="false"/>
            <line number="227" hits="34" branch="false"/>
            <line number="228" hits="14" branch="false"/>
            <line number="229" hits="14" branch="false"/>
            <line number="230" hits="14" branch="false"/>
            <line number="231" hits="14" branch="false"/>
            <line number="232" hits="14" branch="false"/>
            <line number="233" hits="34" branch="false"/>
            <line number="234" hits="34" branch="false"/>
            <line number="236" hits="34" branch="false"/>
            <line number="237" hits="34" branch="false"/>
            <line number="246" hits="28" branch="false"/>
            <line number="247" hits="28" branch="false"/>
            <line number="248" hits="28" branch="false"/>
            <line number="251" hits="28" branch="false"/>
            <line number="253" hits="25" branch="false"/>
            <line number="255" hits="25" branch="false"/>
            <line number="256" hits="25" branch="false"/>
            <line number="257" hits="25" branch="false"/>
            <line number="266" hits="25" branch="false"/>
            <line number="267" hits="25" branch="false"/>
            <line number="268" hits="25" branch="false"/>
            <line number="270" hits="25" branch="false"/>
            <line number="271" hits="25" branch="false"/>
            <line number="272" hits="25" branch="false"/>
            <line number="274" hits="25" branch="false"/>
            <line number="275" hits="25" branch="false"/>
            <line number="276" hits="25" branch="false"/>
            <line number="277" hits="25" branch="false"/>
            <line number="279" hits="25" branch="false"/>
            <line number="281" hits="25" branch="false"/>
            <line number="282" hits="25" branch="false"/>
            <line number="283" hits="25" branch="false"/>
            <line number="284" hits="25" branch="false"/>
            <line number="285" hits="37" branch="false"/>
            <line number="286" hits="37" branch="false"/>
            <line number="287" hits="37" branch="false"/>
            <line number="288" hits="37" branch="false"/>
            <line number="289" hits="37" branch="false"/>
            <line number="291" hits="37" branch="false"/>
            <line number="292" hits="37" branch="false"/>
            <line number="293" hits="37" branch="false"/>
            <line number="294" hits="18" branch="false"/>
            <line number="295" hits="37" branch="false"/>
            <line number="296" hits="19" branch="false"/>
            <line number="297" hits="37" branch="false"/>
            <line number="298" hits="37" branch="false"/>
            <line number="299" hits="37" branch="false"/>
            <line number="300" hits="37" branch="false"/>
            <line number="301" hits="37" branch="false"/>
            <line number="302" hits="37" branch="false"/>
            <line number="303" hits="1" branch="false"/>
            <line number="304" hits="37" branch="false"/>
            <line number="305" hits="36" branch="false"/>
            <line number="306" hits="37" branch="false"/>
            <line number="309" hits="37" branch="false"/>
            <line number="310" hits="37" branch="false"/>
            <line number="311" hits="1" branch="false"/>
            <line number="314" hits="37" branch="false"/>
            <line number="315" hits="37" branch="false"/>
            <line number="316" hits="37" branch="false"/>
            <line number="317" hits="37" branch="false"/>
            <line number="318" hits="37" branch="false"/>
            <line number="320" hits="37" branch="false"/>
            <line number="321" hits="11" branch="false"/>
            <line number="324" hits="37" branch="false"/>
            <line number="325" hits="12" branch="false"/>
            <line number="326" hits="12" branch="false"/>
            <line number="327" hits="12" branch="false"/>
            <line number="328" hits="0" branch="false"/>
            <line number="330" hits="12" branch="false"/>
            <line number="331" hits="12" branch="false"/>
            <line number="332" hits="12" branch="false"/>
            <line number="333" hits="12" branch="false"/>
            <line number="334" hits="12" branch="false"/>
            <line number="335" hits="12" branch="false"/>
            <line number="336" hits="12" branch="false"/>
            <line number="337" hits="12" branch="false"/>
            <line number="340" hits="37" branch="false"/>
            <line number="341" hits="37" branch="false"/>
            <line number="342" hits="37" branch="false"/>
            <line number="345" hits="25" branch="false"/>
            <line number="359" hits="42" branch="false"/>
            <line number="360" hits="42" branch="false"/>
            <line number="362" hits="42" branch="false"/>
            <line number="363" hits="40" branch="false"/>
            <line number="365" hits="36" branch="false"/>
            <line number="366" hits="36" branch="false"/>
            <line number="367" hits="36" branch="false"/>
            <line number="368" hits="36" branch="false"/>
            <line number="369" hits="36" branch="false"/>
            <line number="370" hits="36" branch="false"/>
            <line number="371" hits="36" branch="false"/>
            <line number="372" hits="36" branch="false"/>
            <line number="373" hits="36" branch="false"/>
            <line number="374" hits="36" branch="false"/>
            <line number="376" hits="36" branch="false"/>
            <line number="377" hits="36" branch="false"/>
            <line number="379" hits="36" branch="false"/>
            <line number="380" hits="36" branch="false"/>
            <line number="383" hits="11" branch="false"/>
            <line number="384" hits="11" branch="false"/>
            <line number="385" hits="11" branch="false"/>
            <line number="386" hits="11" branch="false"/>
            <line number="389" hits="11" branch="false"/>
            <line number="391" hits="36" branch="false"/>
            <line number="392" hits="36" branch="false"/>
            <line number="393" hits="36" branch="false"/>
            <line number="394" hits="36" branch="false"/>
            <line number="408" hits="55" branch="false"/>
            <line number="411" hits="55" branch="false"/>
            <line number="412" hits="55" branch="false"/>
            <line number="413" hits="55" branch="false"/>
            <line number="414" hits="55" branch="false"/>
            <line number="415" hits="55" branch="false"/>
            <line number="416" hits="30" branch="false"/>
            <line number="418" hits="30" branch="false"/>
            <line number="420" hits="19" branch="false"/>
            <line number="421" hits="19" branch="false"/>
            <line number="422" hits="19" branch="false"/>
            <line number="423" hits="19" branch="false"/>
            <line number="424" hits="19" branch="false"/>
            <line number="425" hits="19" branch="false"/>
            <line number="426" hits="19" branch="false"/>
            <line number="427" hits="55" branch="false"/>
            <line number="428" hits="55" branch="false"/>
            <line number="429" hits="55" branch="false"/>
            <line number="430" hits="55" branch="false"/>
            <line number="431" hits="55" branch="false"/>
            <line number="433" hits="55" branch="false"/>
            <line number="434" hits="55" branch="false"/>
            <line number="435" hits="55" branch="false"/>
            <line number="439" hits="55" branch="false"/>
            <line number="440" hits="55" branch="false"/>
            <line number="441" hits="55" branch="false"/>
            <line number="442" hits="55" branch="false"/>
            <line number="446" hits="55" branch="false"/>
            <line number="447" hits="55" branch="false"/>
            <line number="448" hits="55" branch="false"/>
            <line number="449" hits="55" branch="false"/>
            <line number="450" hits="55" branch="false"/>
            <line number="451" hits="55" branch="false"/>
            <line number="452" hits="55" branch="false"/>
            <line number="454" hits="55" branch="false"/>
            <line number="455" hits="55" branch="false"/>
            <line number="457" hits="55" branch="false"/>
            <line number="460" hits="36" branch="false"/>
            <line number="464" hits="92" branch="false"/>
            <line number="465" hits="92" branch="false"/>
            <line number="469" hits="83" branch="false"/>
            <line number="470" hits="83" branch="false"/>
            <line number="471" hits="83" branch="false"/>
            <line number="473" hits="12" branch="false"/>
            <line number="475" hits="83" branch="false"/>
            <line number="490" hits="40" branch="false"/>
            <line number="491" hits="40" branch="false"/>
            <line number="492" hits="40" branch="false"/>
            <line number="493" hits="40" branch="false"/>
            <line number="495" hits="40" branch="false"/>
            <line number="497" hits="40" branch="false"/>
            <line number="498" hits="25" branch="false"/>
            <line number="502" hits="15" branch="false"/>
            <line number="505" hits="15" branch="false"/>
            <line number="508" hits="15" branch="false"/>
            <line number="509" hits="2" branch="false"/>
            <line number="510" hits="2" branch="false"/>
            <line number="511" hits="2" branch="false"/>
            <line number="512" hits="2" branch="false"/>
            <line number="513" hits="2" branch="false"/>
            <line number="514" hits="2" branch="false"/>
            <line number="515" hits="2" branch="false"/>
            <line number="516" hits="2" branch="false"/>
            <line number="517" hits="2" branch="false"/>
            <line number="518" hits="2" branch="false"/>
            <line number="519" hits="2" branch="false"/>
            <line number="523" hits="13" branch="false"/>
            <line number="525" hits="13" branch="false"/>
            <line number="526" hits="21" branch="false"/>
            <line number="527" hits="21" branch="false"/>
            <line number="530" hits="21" branch="false"/>
            <line number="531" hits="32" branch="false"/>
            <line number="532" hits="19" branch="false"/>
            <line number="533" hits="19" branch="false"/>
            <line number="537" hits="21" branch="false"/>
            <line number="538" hits="2" branch="false"/>
            <line number="539" hits="2" branch="false"/>
            <line number="540" hits="2" branch="false"/>
[...]
            <line number="275" hits="228" branch="false"/>
            <line number="276" hits="3" branch="false"/>
            <line number="277" hits="225" branch="false"/>
            <line number="278" hits="139" branch="false"/>
            <line number="279" hits="86" branch="false"/>
            <line number="280" hits="86" branch="false"/>
            <line number="285" hits="5" branch="false"/>
            <line number="286" hits="5" branch="false"/>
            <line number="287" hits="5" branch="false"/>
            <line number="291" hits="0" branch="false"/>
            <line number="292" hits="0" branch="false"/>
            <line number="293" hits="0" branch="false"/>
            <line number="294" hits="0" branch="false"/>
            <line number="295" hits="0" branch="false"/>
            <line number="296" hits="0" branch="false"/>
          </lines>
        </class>
        <class name="tidyselect-helpers.R" filename="R/tidyselect-helpers.R" line-rate="1" branch-rate="0" complexity="0">
          <methods>
            <method name="is_categorical" signature="" line-rate="1" branch-rate="0" complexity="0">
              <lines>
                <line number="28" hits="8" branch="false"/>
                <line number="29" hits="1" branch="false"/>
                <line number="30" hits="7" branch="false"/>
                <line number="31" hits="2" branch="false"/>
                <line number="32" hits="1" branch="false"/>
                <line number="33" hits="5" branch="false"/>
                <line number="34" hits="2" branch="false"/>
                <line number="35" hits="1" branch="false"/>
                <line number="37" hits="3" branch="false"/>
                <line number="38" hits="3" branch="false"/>
                <line number="39" hits="3" branch="false"/>
                <line number="40" hits="2" branch="false"/>
                <line number="41" hits="2" branch="false"/>
                <line number="42" hits="2" branch="false"/>
                <line number="43" hits="2" branch="false"/>
                <line number="44" hits="2" branch="false"/>
                <line number="45" hits="2" branch="false"/>
              </lines>
            </method>
            <method name="ranged" signature="" line-rate="1" branch-rate="0" complexity="0">
              <lines>
                <line number="69" hits="23" branch="false"/>
                <line number="70" hits="21" branch="false"/>
                <line number="71" hits="19" branch="false"/>
                <line number="72" hits="1" branch="false"/>
                <line number="74" hits="18" branch="false"/>
                <line number="75" hits="18" branch="false"/>
                <line number="76" hits="18" branch="false"/>
                <line number="77" hits="18" branch="false"/>
                <line number="78" hits="18" branch="false"/>
              </lines>
            </method>
            <method name=".is_ranged" signature="" line-rate="1" branch-rate="0" complexity="0">
              <lines>
                <line number="85" hits="210" branch="false"/>
              </lines>
            </method>
            <method name=".as_ranged" signature="" line-rate="1" branch-rate="0" complexity="0">
              <lines>
                <line number="97" hits="38" branch="false"/>
                <line number="98" hits="38" branch="false"/>
              </lines>
            </method>
          </methods>
          <lines>
            <line number="28" hits="8" branch="false"/>
            <line number="29" hits="1" branch="false"/>
            <line number="30" hits="7" branch="false"/>
            <line number="31" hits="2" branch="false"/>
            <line number="32" hits="1" branch="false"/>
            <line number="33" hits="5" branch="false"/>
            <line number="34" hits="2" branch="false"/>
            <line number="35" hits="1" branch="false"/>
            <line number="37" hits="3" branch="false"/>
            <line number="38" hits="3" branch="false"/>
            <line number="39" hits="3" branch="false"/>
            <line number="40" hits="2" branch="false"/>
            <line number="41" hits="2" branch="false"/>
            <line number="42" hits="2" branch="false"/>
            <line number="43" hits="2" branch="false"/>
            <line number="44" hits="2" branch="false"/>
            <line number="45" hits="2" branch="false"/>
            <line number="69" hits="23" branch="false"/>
            <line number="70" hits="21" branch="false"/>
            <line number="71" hits="19" branch="false"/>
            <line number="72" hits="1" branch="false"/>
            <line number="74" hits="18" branch="false"/>
            <line number="75" hits="18" branch="false"/>
            <line number="76" hits="18" branch="false"/>
            <line number="77" hits="18" branch="false"/>
            <line number="78" hits="18" branch="false"/>
            <line number="85" hits="210" branch="false"/>
            <line number="97" hits="38" branch="false"/>
            <line number="98" hits="38" branch="false"/>
          </lines>
        </class>
        <class name="tm_merge.R" filename="R/tm_merge.R" line-rate="1" branch-rate="0" complexity="0">
          <methods>
            <method name="tm_merge" signature="" line-rate="1" branch-rate="0" complexity="0">
              <lines>
                <line number="43" hits="19" branch="false"/>
                <line number="44" hits="19" branch="false"/>
                <line number="45" hits="19" branch="false"/>
                <line number="46" hits="7" branch="false"/>
                <line number="47" hits="7" branch="false"/>
                <line number="48" hits="7" branch="false"/>
                <line number="49" hits="7" branch="false"/>
                <line number="50" hits="7" branch="false"/>
                <line number="51" hits="7" branch="false"/>
                <line number="52" hits="7" branch="false"/>
                <line number="53" hits="7" branch="false"/>
                <line number="54" hits="7" branch="false"/>
                <line number="55" hits="7" branch="false"/>
                <line number="56" hits="7" branch="false"/>
                <line number="57" hits="7" branch="false"/>
                <line number="58" hits="7" branch="false"/>
                <line number="59" hits="7" branch="false"/>
                <line number="60" hits="7" branch="false"/>
                <line number="61" hits="7" branch="false"/>
                <line number="62" hits="7" branch="false"/>
                <line number="63" hits="7" branch="false"/>
                <line number="64" hits="7" branch="false"/>
                <line number="65" hits="7" branch="false"/>
                <line number="66" hits="7" branch="false"/>
                <line number="67" hits="7" branch="false"/>
                <line number="68" hits="7" branch="false"/>
                <line number="69" hits="7" branch="false"/>
                <line number="70" hits="7" branch="false"/>
                <line number="71" hits="7" branch="false"/>
                <line number="72" hits="19" branch="false"/>
                <line number="73" hits="19" branch="false"/>
                <line number="74" hits="5" branch="false"/>
                <line number="75" hits="5" branch="false"/>
                <line number="77" hits="5" branch="false"/>
                <line number="79" hits="5" branch="false"/>
                <line number="80" hits="4" branch="false"/>
                <line number="81" hits="4" branch="false"/>
                <line number="82" hits="5" branch="false"/>
                <line number="84" hits="5" branch="false"/>
                <line number="85" hits="3" branch="false"/>
                <line number="86" hits="3" branch="false"/>
                <line number="87" hits="5" branch="false"/>
                <line number="89" hits="5" branch="false"/>
                <line number="90" hits="3" branch="false"/>
                <line number="91" hits="5" branch="false"/>
                <line number="93" hits="5" branch="false"/>
                <line number="95" hits="5" branch="false"/>
                <line number="97" hits="5" branch="false"/>
                <line number="98" hits="5" branch="false"/>
                <line number="99" hits="19" branch="false"/>
                <line number="100" hits="19" branch="false"/>
                <line number="101" hits="19" branch="false"/>
                <line number="102" hits="19" branch="false"/>
                <line number="103" hits="19" branch="false"/>
              </lines>
            </method>
          </methods>
          <lines>
            <line number="43" hits="19" branch="false"/>
            <line number="44" hits="19" branch="false"/>
            <line number="45" hits="19" branch="false"/>
            <line number="46" hits="7" branch="false"/>
            <line number="47" hits="7" branch="false"/>
            <line number="48" hits="7" branch="false"/>
            <line number="49" hits="7" branch="false"/>
            <line number="50" hits="7" branch="false"/>
            <line number="51" hits="7" branch="false"/>
            <line number="52" hits="7" branch="false"/>
            <line number="53" hits="7" branch="false"/>
            <line number="54" hits="7" branch="false"/>
            <line number="55" hits="7" branch="false"/>
            <line number="56" hits="7" branch="false"/>
            <line number="57" hits="7" branch="false"/>
            <line number="58" hits="7" branch="false"/>
            <line number="59" hits="7" branch="false"/>
            <line number="60" hits="7" branch="false"/>
            <line number="61" hits="7" branch="false"/>
            <line number="62" hits="7" branch="false"/>
            <line number="63" hits="7" branch="false"/>
            <line number="64" hits="7" branch="false"/>
            <line number="65" hits="7" branch="false"/>
            <line number="66" hits="7" branch="false"/>
            <line number="67" hits="7" branch="false"/>
            <line number="68" hits="7" branch="false"/>
            <line number="69" hits="7" branch="false"/>
            <line number="70" hits="7" branch="false"/>
            <line number="71" hits="7" branch="false"/>
            <line number="72" hits="19" branch="false"/>
            <line number="73" hits="19" branch="false"/>
            <line number="74" hits="5" branch="false"/>
            <line number="75" hits="5" branch="false"/>
            <line number="77" hits="5" branch="false"/>
            <line number="79" hits="5" branch="false"/>
            <line number="80" hits="4" branch="false"/>
            <line number="81" hits="4" branch="false"/>
            <line number="82" hits="5" branch="false"/>
            <line number="84" hits="5" branch="false"/>
            <line number="85" hits="3" branch="false"/>
            <line number="86" hits="3" branch="false"/>
            <line number="87" hits="5" branch="false"/>
            <line number="89" hits="5" branch="false"/>
            <line number="90" hits="3" branch="false"/>
            <line number="91" hits="5" branch="false"/>
            <line number="93" hits="5" branch="false"/>
            <line number="95" hits="5" branch="false"/>
            <line number="97" hits="5" branch="false"/>
            <line number="98" hits="5" branch="false"/>
            <line number="99" hits="19" branch="false"/>
            <line number="100" hits="19" branch="false"/>
            <line number="101" hits="19" branch="false"/>
            <line number="102" hits="19" branch="false"/>
            <line number="103" hits="19" branch="false"/>
          </lines>
        </class>
        <class name="ui_containers.R" filename="R/ui_containers.R" line-rate="1" branch-rate="0" complexity="0">
          <methods>
            <method name="badge_dropdown" signature="" line-rate="1" branch-rate="0" complexity="0">
              <lines>
                <line number="14" hits="3" branch="false"/>
                <line number="15" hits="3" branch="false"/>
                <line number="16" hits="3" branch="false"/>
                <line number="17" hits="3" branch="false"/>
                <line number="18" hits="3" branch="false"/>
                <line number="19" hits="3" branch="false"/>
                <line number="20" hits="3" branch="false"/>
                <line number="21" hits="3" branch="false"/>
                <line number="22" hits="3" branch="false"/>
                <line number="23" hits="3" branch="false"/>
                <line number="24" hits="3" branch="false"/>
                <line number="25" hits="3" branch="false"/>
                <line number="26" hits="3" branch="false"/>
                <line number="27" hits="3" branch="false"/>
                <line number="28" hits="3" branch="false"/>
                <line number="29" hits="3" branch="false"/>
                <line number="30" hits="3" branch="false"/>
                <line number="31" hits="3" branch="false"/>
                <line number="32" hits="3" branch="false"/>
                <line number="33" hits="3" branch="false"/>
                <line number="34" hits="3" branch="false"/>
                <line number="35" hits="3" branch="false"/>
                <line number="36" hits="3" branch="false"/>
                <line number="37" hits="3" branch="false"/>
                <line number="38" hits="3" branch="false"/>
                <line number="39" hits="3" branch="false"/>
                <line number="40" hits="3" branch="false"/>
                <line number="41" hits="3" branch="false"/>
                <line number="42" hits="3" branch="false"/>
                <line number="43" hits="3" branch="false"/>
                <line number="44" hits="3" branch="false"/>
                <line number="45" hits="3" branch="false"/>
                <line number="46" hits="3" branch="false"/>
                <line number="47" hits="3" branch="false"/>
                <line number="48" hits="3" branch="false"/>
                <line number="49" hits="3" branch="false"/>
              </lines>
            </method>
            <method name="badge_fixed" signature="" line-rate="1" branch-rate="0" complexity="0">
              <lines>
                <line number="57" hits="10" branch="false"/>
                <line number="59" hits="10" branch="false"/>
                <line number="60" hits="10" branch="false"/>
                <line number="61" hits="10" branch="false"/>
                <line number="62" hits="10" branch="false"/>
                <line number="63" hits="10" branch="false"/>
                <line number="64" hits="10" branch="false"/>
                <line number="65" hits="10" branch="false"/>
                <line number="66" hits="10" branch="false"/>
                <line number="67" hits="10" branch="false"/>
                <line number="68" hits="10" branch="false"/>
                <line number="69" hits="10" branch="false"/>
                <line number="70" hits="10" branch="false"/>
                <line number="71" hits="10" branch="false"/>
                <line number="72" hits="10" branch="false"/>
                <line number="73" hits="10" branch="false"/>
                <line number="74" hits="10" branch="false"/>
                <line number="75" hits="10" branch="false"/>
                <line number="76" hits="10" branch="false"/>
                <line number="77" hits="10" branch="false"/>
                <line number="78" hits="10" branch="false"/>
              </lines>
            </method>
          </methods>
          <lines>
            <line number="14" hits="3" branch="false"/>
            <line number="15" hits="3" branch="false"/>
            <line number="16" hits="3" branch="false"/>
            <line number="17" hits="3" branch="false"/>
            <line number="18" hits="3" branch="false"/>
            <line number="19" hits="3" branch="false"/>
            <line number="20" hits="3" branch="false"/>
            <line number="21" hits="3" branch="false"/>
            <line number="22" hits="3" branch="false"/>
            <line number="23" hits="3" branch="false"/>
            <line number="24" hits="3" branch="false"/>
            <line number="25" hits="3" branch="false"/>
            <line number="26" hits="3" branch="false"/>
            <line number="27" hits="3" branch="false"/>
            <line number="28" hits="3" branch="false"/>
            <line number="29" hits="3" branch="false"/>
            <line number="30" hits="3" branch="false"/>
            <line number="31" hits="3" branch="false"/>
            <line number="32" hits="3" branch="false"/>
            <line number="33" hits="3" branch="false"/>
            <line number="34" hits="3" branch="false"/>
            <line number="35" hits="3" branch="false"/>
            <line number="36" hits="3" branch="false"/>
            <line number="37" hits="3" branch="false"/>
            <line number="38" hits="3" branch="false"/>
            <line number="39" hits="3" branch="false"/>
            <line number="40" hits="3" branch="false"/>
            <line number="41" hits="3" branch="false"/>
            <line number="42" hits="3" branch="false"/>
            <line number="43" hits="3" branch="false"/>
            <line number="44" hits="3" branch="false"/>
            <line number="45" hits="3" branch="false"/>
            <line number="46" hits="3" branch="false"/>
            <line number="47" hits="3" branch="false"/>
            <line number="48" hits="3" branch="false"/>
            <line number="49" hits="3" branch="false"/>
            <line number="57" hits="10" branch="false"/>
            <line number="59" hits="10" branch="false"/>
            <line number="60" hits="10" branch="false"/>
            <line number="61" hits="10" branch="false"/>
            <line number="62" hits="10" branch="false"/>
            <line number="63" hits="10" branch="false"/>
            <line number="64" hits="10" branch="false"/>
            <line number="65" hits="10" branch="false"/>
            <line number="66" hits="10" branch="false"/>
            <line number="67" hits="10" branch="false"/>
            <line number="68" hits="10" branch="false"/>
            <line number="69" hits="10" branch="false"/>
            <line number="70" hits="10" branch="false"/>
            <line number="71" hits="10" branch="false"/>
            <line number="72" hits="10" branch="false"/>
            <line number="73" hits="10" branch="false"/>
            <line number="74" hits="10" branch="false"/>
            <line number="75" hits="10" branch="false"/>
            <line number="76" hits="10" branch="false"/>
            <line number="77" hits="10" branch="false"/>
            <line number="78" hits="10" branch="false"/>
          </lines>
        </class>
        <class name="zzz.R" filename="R/zzz.R" line-rate="0" branch-rate="0" complexity="0">
          <methods>
            <method name=".onLoad" signature="" line-rate="0" branch-rate="0" complexity="0">
              <lines>
                <line number="3" hits="0" branch="false"/>
                <line number="4" hits="0" branch="false"/>
                <line number="7" hits="0" branch="false"/>
                <line number="8" hits="0" branch="false"/>
                <line number="11" hits="0" branch="false"/>
              </lines>
            </method>
          </methods>
          <lines>
            <line number="3" hits="0" branch="false"/>
            <line number="4" hits="0" branch="false"/>
            <line number="7" hits="0" branch="false"/>
            <line number="8" hits="0" branch="false"/>
            <line number="11" hits="0" branch="false"/>
          </lines>
        </class>
      </classes>
    </package>
  </packages>
</coverage>
